Using pre-set license
Built from '2021.3/staging' branch; Version is '2021.3.6f1 (7da38d85baf6) revision 8233869'; Using compiler version '192829333'; Build Type 'Release'
OS: 'Windows 10  (10.0.19043) 64bit Core' Language: 'en' Physical Memory: 16169 MB
BatchMode: 1, IsHumanControllingUs: 0, StartBugReporterOnCrash: 0, Is64bit: 1, IsPro: 1

COMMAND LINE ARGUMENTS:
C:\Program Files\Unity\Hub\Editor\2021.3.6f1\Editor\Unity.exe
-adb2
-batchMode
-noUpm
-name
AssetImportWorker12
-projectPath
C:/Users/adems/Downloads/15.11 SPACE/SPACE/New Unity Project (2)
-logFile
Logs/AssetImportWorker12.log
-srvPort
59219
Successfully changed project path to: C:/Users/adems/Downloads/15.11 SPACE/SPACE/New Unity Project (2)
C:/Users/adems/Downloads/15.11 SPACE/SPACE/New Unity Project (2)
[UnityMemory] Configuration Parameters - Can be set up in boot.config
    "memorysetup-bucket-allocator-granularity=16"
    "memorysetup-bucket-allocator-bucket-count=8"
    "memorysetup-bucket-allocator-block-size=33554432"
    "memorysetup-bucket-allocator-block-count=8"
    "memorysetup-main-allocator-block-size=16777216"
    "memorysetup-thread-allocator-block-size=16777216"
    "memorysetup-gfx-main-allocator-block-size=16777216"
    "memorysetup-gfx-thread-allocator-block-size=16777216"
    "memorysetup-cache-allocator-block-size=4194304"
    "memorysetup-typetree-allocator-block-size=2097152"
    "memorysetup-profiler-bucket-allocator-granularity=16"
    "memorysetup-profiler-bucket-allocator-bucket-count=8"
    "memorysetup-profiler-bucket-allocator-block-size=33554432"
    "memorysetup-profiler-bucket-allocator-block-count=8"
    "memorysetup-profiler-allocator-block-size=16777216"
    "memorysetup-profiler-editor-allocator-block-size=1048576"
    "memorysetup-temp-allocator-size-main=16777216"
    "memorysetup-job-temp-allocator-block-size=2097152"
    "memorysetup-job-temp-allocator-block-size-background=1048576"
    "memorysetup-job-temp-allocator-reduction-small-platforms=262144"
    "memorysetup-temp-allocator-size-background-worker=32768"
    "memorysetup-temp-allocator-size-job-worker=262144"
    "memorysetup-temp-allocator-size-preload-manager=33554432"
    "memorysetup-temp-allocator-size-nav-mesh-worker=65536"
    "memorysetup-temp-allocator-size-audio-worker=65536"
    "memorysetup-temp-allocator-size-cloud-worker=32768"
    "memorysetup-temp-allocator-size-gi-baking-worker=262144"
    "memorysetup-temp-allocator-size-gfx=262144"
Refreshing native plugins compatible for Editor in 109.97 ms, found 3 plugins.
Preloading 0 native plugins for Editor in 0.00 ms.
Initialize engine version: 2021.3.6f1 (7da38d85baf6)
[Subsystems] Discovering subsystems at path C:/Program Files/Unity/Hub/Editor/2021.3.6f1/Editor/Data/Resources/UnitySubsystems
[Subsystems] Discovering subsystems at path C:/Users/adems/Downloads/15.11 SPACE/SPACE/New Unity Project (2)/Assets
GfxDevice: creating device client; threaded=0; jobified=0
Direct3D:
    Version:  Direct3D 11.0 [level 11.1]
    Renderer: NVIDIA GeForce GTX 1660 Ti (ID=0x2191)
    Vendor:   NVIDIA
    VRAM:     5991 MB
    Driver:   30.0.15.1278
Initialize mono
Mono path[0] = 'C:/Program Files/Unity/Hub/Editor/2021.3.6f1/Editor/Data/Managed'
Mono path[1] = 'C:/Program Files/Unity/Hub/Editor/2021.3.6f1/Editor/Data/MonoBleedingEdge/lib/mono/unityjit-win32'
Mono config path = 'C:/Program Files/Unity/Hub/Editor/2021.3.6f1/Editor/Data/MonoBleedingEdge/etc'
Using monoOptions --debugger-agent=transport=dt_socket,embedding=1,server=y,suspend=n,address=127.0.0.1:56708
Begin MonoManager ReloadAssembly
Registering precompiled unity dll's ...
Register platform support module: C:/Program Files/Unity/Hub/Editor/2021.3.6f1/Editor/Data/PlaybackEngines/WindowsStandaloneSupport/UnityEditor.WindowsStandalone.Extensions.dll
Registered in 0.012021 seconds.
Native extension for WindowsStandalone target not found
Refreshing native plugins compatible for Editor in 102.07 ms, found 3 plugins.
Preloading 0 native plugins for Editor in 0.00 ms.
Mono: successfully reloaded assembly
- Completed reload, in  0.784 seconds
Domain Reload Profiling:
	ReloadAssembly (784ms)
		BeginReloadAssembly (99ms)
			ExecutionOrderSort (0ms)
			DisableScriptedObjects (0ms)
			BackupInstance (0ms)
			ReleaseScriptingObjects (0ms)
			CreateAndSetChildDomain (1ms)
		EndReloadAssembly (542ms)
			LoadAssemblies (95ms)
			RebuildTransferFunctionScriptingTraits (0ms)
			SetupTypeCache (121ms)
			ReleaseScriptCaches (0ms)
			RebuildScriptCaches (33ms)
			SetupLoadedEditorAssemblies (325ms)
				LogAssemblyErrors (0ms)
				InitializePlatformSupportModulesInManaged (10ms)
				SetLoadedEditorAssemblies (0ms)
				RefreshPlugins (102ms)
				BeforeProcessingInitializeOnLoad (1ms)
				ProcessInitializeOnLoadAttributes (160ms)
				ProcessInitializeOnLoadMethodAttributes (51ms)
				AfterProcessingInitializeOnLoad (0ms)
				EditorAssembliesLoaded (0ms)
			ExecutionOrderSort2 (0ms)
			AwakeInstancesAfterBackupRestoration (0ms)
Platform modules already initialized, skipping
Registering precompiled user dll's ...
Registered in 0.012533 seconds.
Begin MonoManager ReloadAssembly
Symbol file LoadedFromMemory doesn't match image C:\Users\adems\Downloads\15.11 SPACE\SPACE\New Unity Project (2)\Library\PackageCache\com.unity.visualscripting@1.7.8\Editor\VisualScripting.Core\Dependencies\YamlDotNet\Unity.VisualScripting.YamlDotNet.dll
Symbol file LoadedFromMemory doesn't match image C:\Users\adems\Downloads\15.11 SPACE\SPACE\New Unity Project (2)\Library\PackageCache\com.unity.visualscripting@1.7.8\Editor\VisualScripting.Core\Dependencies\DotNetZip\Unity.VisualScripting.IonicZip.dll
Native extension for WindowsStandalone target not found
Refreshing native plugins compatible for Editor in 0.60 ms, found 3 plugins.
Preloading 0 native plugins for Editor in 0.00 ms.
Mono: successfully reloaded assembly
- Completed reload, in  1.264 seconds
Domain Reload Profiling:
	ReloadAssembly (1265ms)
		BeginReloadAssembly (141ms)
			ExecutionOrderSort (0ms)
			DisableScriptedObjects (7ms)
			BackupInstance (0ms)
			ReleaseScriptingObjects (0ms)
			CreateAndSetChildDomain (21ms)
		EndReloadAssembly (980ms)
			LoadAssemblies (116ms)
			RebuildTransferFunctionScriptingTraits (0ms)
			SetupTypeCache (307ms)
			ReleaseScriptCaches (1ms)
			RebuildScriptCaches (57ms)
			SetupLoadedEditorAssemblies (465ms)
				LogAssemblyErrors (0ms)
				InitializePlatformSupportModulesInManaged (8ms)
				SetLoadedEditorAssemblies (1ms)
				RefreshPlugins (1ms)
				BeforeProcessingInitializeOnLoad (119ms)
				ProcessInitializeOnLoadAttributes (290ms)
				ProcessInitializeOnLoadMethodAttributes (32ms)
				AfterProcessingInitializeOnLoad (14ms)
				EditorAssembliesLoaded (0ms)
			ExecutionOrderSort2 (0ms)
			AwakeInstancesAfterBackupRestoration (7ms)
Platform modules already initialized, skipping
========================================================================
Worker process is ready to serve import requests
Launched and connected shader compiler UnityShaderCompiler.exe after 0.05 seconds
Refreshing native plugins compatible for Editor in 0.59 ms, found 3 plugins.
Preloading 0 native plugins for Editor in 0.00 ms.
Unloading 3375 Unused Serialized files (Serialized files now loaded: 0)
Unloading 27 unused Assets / (111.0 KB). Loaded Objects now: 3833.
Memory consumption went from 116.1 MB to 116.0 MB.
Total: 3.889200 ms (FindLiveObjects: 0.284600 ms CreateObjectMapping: 0.222500 ms MarkObjects: 3.278900 ms  DeleteObjects: 0.101900 ms)

AssetImportParameters requested are different than current active one (requested -> active):
  custom:video-decoder-ogg-theora: a1e56fd34408186e4bbccfd4996cb3dc -> 
  custom:container-muxer-webm: aa71ff27fc2769a1b78a27578f13a17b -> 
  custom:container-demuxer-webm: 4f35f7cbe854078d1ac9338744f61a02 -> 
  custom:video-encoder-webm-vp8: eb34c28f22e8b96e1ab97ce403110664 -> 
  custom:video-codec-MediaFoundation-h265: 746d11721c4dcdbdad8f713fa42b33f4 -> 
  custom:audio-encoder-webm-vorbis: bf7c407c2cedff20999df2af8eb42d56 -> 
  custom:framework-win-MediaFoundation: 216162199b28c13a410421893ffa2e32 -> 
  custom:container-demuxer-ogg: 62fdf1f143b41e24485cea50d1cbac27 -> 
  custom:video-decoder-webm-vp8: 9c59270c3fd7afecdb556c50c9e8de78 -> 
  custom:audio-decoder-ogg-vorbis: bf7c407c2cedff20999df2af8eb42d56 -> 
========================================================================
Received Import Request.
  Time since last request: 617086.296729 seconds.
  path: Assets/Scripts/Data/3- Staff and Personal Life deck/Situation 13.asset
  artifactKey: Guid(740b9fd918be55b4d9fcb3ae6ff4f1c7) Importer(815301076,1909f56bfc062723c751e8b465ee728b)
Start importing Assets/Scripts/Data/3- Staff and Personal Life deck/Situation 13.asset using Guid(740b9fd918be55b4d9fcb3ae6ff4f1c7) Importer(815301076,1909f56bfc062723c751e8b465ee728b)  -> (artifact id: '6f8d6d05f07fa027dfc81597833e989e') in 0.062721 seconds 
========================================================================
Received Import Request.
  Time since last request: 0.000043 seconds.
  path: Assets/Scripts/Data/3- Staff and Personal Life deck/Situation 16.asset
  artifactKey: Guid(e44efabdd2374384086f8b6a538392fc) Importer(815301076,1909f56bfc062723c751e8b465ee728b)
Start importing Assets/Scripts/Data/3- Staff and Personal Life deck/Situation 16.asset using Guid(e44efabdd2374384086f8b6a538392fc) Importer(815301076,1909f56bfc062723c751e8b465ee728b)  -> (artifact id: '734a05a79a50c175d768e3b98691b287') in 0.005199 seconds 
========================================================================
Received Import Request.
  Time since last request: 0.000050 seconds.
  path: Assets/Scripts/Data/3- Staff and Personal Life deck/Situation 18.asset
  artifactKey: Guid(15b9027e1b279fc47a5e2f186f362f3a) Importer(815301076,1909f56bfc062723c751e8b465ee728b)
Start importing Assets/Scripts/Data/3- Staff and Personal Life deck/Situation 18.asset using Guid(15b9027e1b279fc47a5e2f186f362f3a) Importer(815301076,1909f56bfc062723c751e8b465ee728b)  -> (artifact id: '7313f479316bc4ecae417a9a5a56cd6d') in 0.005189 seconds 
========================================================================
Received Import Request.
  Time since last request: 21.610879 seconds.
  path: Assets/Scripts/Data/3- Staff and Personal Life deck/Situation 37.asset
  artifactKey: Guid(cb89b7bdb9b694146b8a11681f6ed294) Importer(815301076,1909f56bfc062723c751e8b465ee728b)
Start importing Assets/Scripts/Data/3- Staff and Personal Life deck/Situation 37.asset using Guid(cb89b7bdb9b694146b8a11681f6ed294) Importer(815301076,1909f56bfc062723c751e8b465ee728b)  -> (artifact id: 'aec66a69e940edd3ba4f1c4bb81d703e') in 0.004123 seconds 
========================================================================
Received Import Request.
  Time since last request: 0.006654 seconds.
  path: Assets/Scripts/Data/3- Staff and Personal Life deck/Situation 40.asset
  artifactKey: Guid(a7f7ab1ad8585b44aab087f7ea8dc3a6) Importer(815301076,1909f56bfc062723c751e8b465ee728b)
Start importing Assets/Scripts/Data/3- Staff and Personal Life deck/Situation 40.asset using Guid(a7f7ab1ad8585b44aab087f7ea8dc3a6) Importer(815301076,1909f56bfc062723c751e8b465ee728b)  -> (artifact id: '6e26a7f7edb71c9c84794e966fb91cee') in 0.004622 seconds 
========================================================================
Received Import Request.
  Time since last request: 0.000025 seconds.
  path: Assets/Scripts/Data/3- Staff and Personal Life deck/Situation 49.asset
  artifactKey: Guid(867237b59ef77404e9635ec2adb20ac0) Importer(815301076,1909f56bfc062723c751e8b465ee728b)
Start importing Assets/Scripts/Data/3- Staff and Personal Life deck/Situation 49.asset using Guid(867237b59ef77404e9635ec2adb20ac0) Importer(815301076,1909f56bfc062723c751e8b465ee728b)  -> (artifact id: 'afa916c2a0d9ecf2d7615e26893e3266') in 0.004164 seconds 
========================================================================
Received Import Request.
  Time since last request: 0.000036 seconds.
  path: Assets/Scripts/Data/3- Staff and Personal Life deck/Situation 44.asset
  artifactKey: Guid(3639b9d6af210144b9878a56daea03e6) Importer(815301076,1909f56bfc062723c751e8b465ee728b)
Start importing Assets/Scripts/Data/3- Staff and Personal Life deck/Situation 44.asset using Guid(3639b9d6af210144b9878a56daea03e6) Importer(815301076,1909f56bfc062723c751e8b465ee728b)  -> (artifact id: '4b9db72120efab726f80dc4142df19ed') in 0.003998 seconds 
========================================================================
Received Import Request.
  Time since last request: 0.000033 seconds.
  path: Assets/Scripts/Data/3- Staff and Personal Life deck/Situation 46.asset
  artifactKey: Guid(4aa9d34166fda4d41b36c50874ca91c6) Importer(815301076,1909f56bfc062723c751e8b465ee728b)
Start importing Assets/Scripts/Data/3- Staff and Personal Life deck/Situation 46.asset using Guid(4aa9d34166fda4d41b36c50874ca91c6) Importer(815301076,1909f56bfc062723c751e8b465ee728b)  -> (artifact id: '13d06abcdbf012a759397eedad4bea54') in 0.003859 seconds 
========================================================================
Received Import Request.
  Time since last request: 0.000023 seconds.
  path: Assets/Scripts/Data/3- Staff and Personal Life deck/Situation 43.asset
  artifactKey: Guid(9b2df8ace0584f343bd2c083c2d689f9) Importer(815301076,1909f56bfc062723c751e8b465ee728b)
Start importing Assets/Scripts/Data/3- Staff and Personal Life deck/Situation 43.asset using Guid(9b2df8ace0584f343bd2c083c2d689f9) Importer(815301076,1909f56bfc062723c751e8b465ee728b)  -> (artifact id: 'af4783ccd403e64b6986c08eb5dda25d') in 0.007211 seconds 
========================================================================
Received Import Request.
  Time since last request: 1.644912 seconds.
  path: Assets/Scripts/Data/3- Staff and Personal Life deck/Situation 32.asset
  artifactKey: Guid(d10384c842f0c9f43852df9115a5bb21) Importer(815301076,1909f56bfc062723c751e8b465ee728b)
Start importing Assets/Scripts/Data/3- Staff and Personal Life deck/Situation 32.asset using Guid(d10384c842f0c9f43852df9115a5bb21) Importer(815301076,1909f56bfc062723c751e8b465ee728b)  -> (artifact id: '9ad058d36d7051e42c39d12bdecad383') in 0.003575 seconds 
========================================================================
Received Import Request.
  Time since last request: 0.078778 seconds.
  path: Assets/Scripts/Data/3- Staff and Personal Life deck/Situation 17.asset
  artifactKey: Guid(1c7f8189fc4f9414cb9bac33a65907a2) Importer(815301076,1909f56bfc062723c751e8b465ee728b)
Start importing Assets/Scripts/Data/3- Staff and Personal Life deck/Situation 17.asset using Guid(1c7f8189fc4f9414cb9bac33a65907a2) Importer(815301076,1909f56bfc062723c751e8b465ee728b)  -> (artifact id: '51222caa2557b996d2f90dd9de59ecf0') in 0.003457 seconds 
========================================================================
Received Import Request.
  Time since last request: 0.000048 seconds.
  path: Assets/Scripts/Data/3- Staff and Personal Life deck/Situation 25.asset
  artifactKey: Guid(9911a423b24daab4b930392a81f4145d) Importer(815301076,1909f56bfc062723c751e8b465ee728b)
Start importing Assets/Scripts/Data/3- Staff and Personal Life deck/Situation 25.asset using Guid(9911a423b24daab4b930392a81f4145d) Importer(815301076,1909f56bfc062723c751e8b465ee728b)  -> (artifact id: '7de57452c88a1333605e9d31320a11f3') in 0.004614 seconds 
========================================================================
Received Import Request.
  Time since last request: 0.000023 seconds.
  path: Assets/Scripts/Data/3- Staff and Personal Life deck/Situation 30.asset
  artifactKey: Guid(bd290ecdf55ef584c84ec377aa5b7f01) Importer(815301076,1909f56bfc062723c751e8b465ee728b)
Start importing Assets/Scripts/Data/3- Staff and Personal Life deck/Situation 30.asset using Guid(bd290ecdf55ef584c84ec377aa5b7f01) Importer(815301076,1909f56bfc062723c751e8b465ee728b)  -> (artifact id: '50f170ffe0bd5ac89e653ad00a6fe2dc') in 0.004595 seconds 
========================================================================
Received Import Request.
  Time since last request: 0.000029 seconds.
  path: Assets/Scripts/Data/3- Staff and Personal Life deck/Situation 24.asset
  artifactKey: Guid(e3e994f9a8c5b02459a65c606e2ed588) Importer(815301076,1909f56bfc062723c751e8b465ee728b)
Start importing Assets/Scripts/Data/3- Staff and Personal Life deck/Situation 24.asset using Guid(e3e994f9a8c5b02459a65c606e2ed588) Importer(815301076,1909f56bfc062723c751e8b465ee728b)  -> (artifact id: '4f41dc802e5abfd74d69e493ace3bec0') in 0.003702 seconds 
========================================================================
Received Import Request.
  Time since last request: 0.212288 seconds.
  path: Assets/Scripts/Data/3- Staff and Personal Life deck/Situation 12.asset
  artifactKey: Guid(39ea955b7bd863449bdfdb8318b5a90f) Importer(815301076,1909f56bfc062723c751e8b465ee728b)
Start importing Assets/Scripts/Data/3- Staff and Personal Life deck/Situation 12.asset using Guid(39ea955b7bd863449bdfdb8318b5a90f) Importer(815301076,1909f56bfc062723c751e8b465ee728b)  -> (artifact id: '67ec82aae93828e3766cc32986b4c31e') in 0.004247 seconds 
========================================================================
Received Import Request.
  Time since last request: 0.075389 seconds.
  path: Assets/Scripts/Data/3- Staff and Personal Life deck/Situation 7.asset
  artifactKey: Guid(cfdfdcd5abc778a48b77745a4ed6ac2b) Importer(815301076,1909f56bfc062723c751e8b465ee728b)
Start importing Assets/Scripts/Data/3- Staff and Personal Life deck/Situation 7.asset using Guid(cfdfdcd5abc778a48b77745a4ed6ac2b) Importer(815301076,1909f56bfc062723c751e8b465ee728b)  -> (artifact id: '551d9ec25946853ac06e1b78cfdb10f4') in 0.003891 seconds 
========================================================================
Received Import Request.
  Time since last request: 49.569895 seconds.
  path: Assets/Scripts/Data/3- Staff and Personal Life deck/Situation 23.asset
  artifactKey: Guid(2ece650a606b7934786070ff855ef0e6) Importer(815301076,1909f56bfc062723c751e8b465ee728b)
Start importing Assets/Scripts/Data/3- Staff and Personal Life deck/Situation 23.asset using Guid(2ece650a606b7934786070ff855ef0e6) Importer(815301076,1909f56bfc062723c751e8b465ee728b)  -> (artifact id: '9c7f995d2164388f167b52e581be229a') in 0.015161 seconds 
========================================================================
Received Import Request.
  Time since last request: 133.840468 seconds.
  path: Assets/Scripts/Data/3- Staff and Personal Life deck/Situation 3.asset
  artifactKey: Guid(0ebe34d467db1854ab7bccceb806e2f2) Importer(815301076,1909f56bfc062723c751e8b465ee728b)
Start importing Assets/Scripts/Data/3- Staff and Personal Life deck/Situation 3.asset using Guid(0ebe34d467db1854ab7bccceb806e2f2) Importer(815301076,1909f56bfc062723c751e8b465ee728b)  -> (artifact id: 'a10294d6ab0c54390d0a5004002a1b66') in 0.012106 seconds 
========================================================================
Received Import Request.
  Time since last request: 0.000051 seconds.
  path: Assets/Scripts/Data/3- Staff and Personal Life deck/Situation 5.asset
  artifactKey: Guid(46ba962cc92d6694ba9276d5e45974eb) Importer(815301076,1909f56bfc062723c751e8b465ee728b)
Start importing Assets/Scripts/Data/3- Staff and Personal Life deck/Situation 5.asset using Guid(46ba962cc92d6694ba9276d5e45974eb) Importer(815301076,1909f56bfc062723c751e8b465ee728b)  -> (artifact id: '5f7e2624050e0ab3c255d3f465ef7da0') in 0.007190 seconds 
========================================================================
Received Import Request.
  Time since last request: 62.551291 seconds.
  path: Assets/Scripts/Data/3- Staff and Personal Life deck/Situation 27.asset
  artifactKey: Guid(dac4d30d6a2b83d4da447edba3f68ea8) Importer(815301076,1909f56bfc062723c751e8b465ee728b)
Start importing Assets/Scripts/Data/3- Staff and Personal Life deck/Situation 27.asset using Guid(dac4d30d6a2b83d4da447edba3f68ea8) Importer(815301076,1909f56bfc062723c751e8b465ee728b)  -> (artifact id: '623e6e173eafbe3d9a644653c9c66933') in 0.003486 seconds 
========================================================================
Received Import Request.
  Time since last request: 0.002909 seconds.
  path: Assets/Scripts/Data/3- Staff and Personal Life deck/Situation 30.asset
  artifactKey: Guid(bd290ecdf55ef584c84ec377aa5b7f01) Importer(815301076,1909f56bfc062723c751e8b465ee728b)
Start importing Assets/Scripts/Data/3- Staff and Personal Life deck/Situation 30.asset using Guid(bd290ecdf55ef584c84ec377aa5b7f01) Importer(815301076,1909f56bfc062723c751e8b465ee728b)  -> (artifact id: '1531d43e23ca23517f47bf7acebfd4e6') in 0.003904 seconds 
========================================================================
Received Import Request.
  Time since last request: 0.003860 seconds.
  path: Assets/Scripts/Data/3- Staff and Personal Life deck/Situation 28.asset
  artifactKey: Guid(bf7190f74bdc3fe468a05386c3fc1933) Importer(815301076,1909f56bfc062723c751e8b465ee728b)
Start importing Assets/Scripts/Data/3- Staff and Personal Life deck/Situation 28.asset using Guid(bf7190f74bdc3fe468a05386c3fc1933) Importer(815301076,1909f56bfc062723c751e8b465ee728b)  -> (artifact id: '6502538c0e19268e3568eb99f8f07550') in 0.004737 seconds 
========================================================================
Received Import Request.
  Time since last request: 0.000027 seconds.
  path: Assets/Scripts/Data/3- Staff and Personal Life deck/Situation 34.asset
  artifactKey: Guid(83ddf7b1292a2744aa59e011458fbfcd) Importer(815301076,1909f56bfc062723c751e8b465ee728b)
Start importing Assets/Scripts/Data/3- Staff and Personal Life deck/Situation 34.asset using Guid(83ddf7b1292a2744aa59e011458fbfcd) Importer(815301076,1909f56bfc062723c751e8b465ee728b)  -> (artifact id: 'c2db907d758064e22b1cb62122d2ba0e') in 0.003773 seconds 
========================================================================
Received Import Request.
  Time since last request: 0.000022 seconds.
  path: Assets/Scripts/Data/3- Staff and Personal Life deck/Situation 33.asset
  artifactKey: Guid(562223a603239ad4b832eb811a8d7265) Importer(815301076,1909f56bfc062723c751e8b465ee728b)
Start importing Assets/Scripts/Data/3- Staff and Personal Life deck/Situation 33.asset using Guid(562223a603239ad4b832eb811a8d7265) Importer(815301076,1909f56bfc062723c751e8b465ee728b)  -> (artifact id: '7d0e1df1d4d48dbc76cc0f3be43a4381') in 0.003948 seconds 
========================================================================
Received Import Request.
  Time since last request: 26.581997 seconds.
  path: Assets/Scripts/Data/3- Staff and Personal Life deck/Situation 38.asset
  artifactKey: Guid(e16b436e9cca4144e888d1f93a6f4bdb) Importer(815301076,1909f56bfc062723c751e8b465ee728b)
Start importing Assets/Scripts/Data/3- Staff and Personal Life deck/Situation 38.asset using Guid(e16b436e9cca4144e888d1f93a6f4bdb) Importer(815301076,1909f56bfc062723c751e8b465ee728b)  -> (artifact id: '89e9c7b296ac9b3077cab2550db49580') in 0.003535 seconds 
========================================================================
Received Import Request.
  Time since last request: 79.940869 seconds.
  path: Assets/Scripts/Data/3- Staff and Personal Life deck/Situation 40.asset
  artifactKey: Guid(a7f7ab1ad8585b44aab087f7ea8dc3a6) Importer(815301076,1909f56bfc062723c751e8b465ee728b)
Start importing Assets/Scripts/Data/3- Staff and Personal Life deck/Situation 40.asset using Guid(a7f7ab1ad8585b44aab087f7ea8dc3a6) Importer(815301076,1909f56bfc062723c751e8b465ee728b)  -> (artifact id: 'f924b608c4b3fa2af198079dde05df8d') in 0.003554 seconds 
========================================================================
Received Import Request.
  Time since last request: 0.003597 seconds.
  path: Assets/Scripts/Data/3- Staff and Personal Life deck/Situation 42.asset
  artifactKey: Guid(8e674235d09de8c4b8aef3cbd69b6e8f) Importer(815301076,1909f56bfc062723c751e8b465ee728b)
Start importing Assets/Scripts/Data/3- Staff and Personal Life deck/Situation 42.asset using Guid(8e674235d09de8c4b8aef3cbd69b6e8f) Importer(815301076,1909f56bfc062723c751e8b465ee728b)  -> (artifact id: '8aaaa89dc816f1ec283c6525ee3dc462') in 0.004509 seconds 
========================================================================
Received Import Request.
  Time since last request: 0.000025 seconds.
  path: Assets/Scripts/Data/3- Staff and Personal Life deck/Situation 45.asset
  artifactKey: Guid(30ed7a6df11c0244cbb7b550e25fc9a3) Importer(815301076,1909f56bfc062723c751e8b465ee728b)
Start importing Assets/Scripts/Data/3- Staff and Personal Life deck/Situation 45.asset using Guid(30ed7a6df11c0244cbb7b550e25fc9a3) Importer(815301076,1909f56bfc062723c751e8b465ee728b)  -> (artifact id: 'a23d8c1d077e7dc49100ba7c9e5527bc') in 0.004330 seconds 
Editor requested this worker to shutdown with reason: Scaling down because of idle timeout
AssetImportWorker is now disconnected from the server
Process exiting
Exiting without the bug reporter. Application will terminate with return code 0