Using pre-set license
Built from '2021.3/staging' branch; Version is '2021.3.6f1 (7da38d85baf6) revision 8233869'; Using compiler version '192829333'; Build Type 'Release'
OS: 'Windows 10  (10.0.19043) 64bit Core' Language: 'en' Physical Memory: 16169 MB
BatchMode: 1, IsHumanControllingUs: 0, StartBugReporterOnCrash: 0, Is64bit: 1, IsPro: 1

COMMAND LINE ARGUMENTS:
C:\Program Files\Unity\Hub\Editor\2021.3.6f1\Editor\Unity.exe
-adb2
-batchMode
-noUpm
-name
AssetImportWorker20
-projectPath
C:/Users/adems/Downloads/15.11 SPACE/SPACE/New Unity Project (2)
-logFile
Logs/AssetImportWorker20.log
-srvPort
59219
Successfully changed project path to: C:/Users/adems/Downloads/15.11 SPACE/SPACE/New Unity Project (2)
C:/Users/adems/Downloads/15.11 SPACE/SPACE/New Unity Project (2)
[UnityMemory] Configuration Parameters - Can be set up in boot.config
    "memorysetup-bucket-allocator-granularity=16"
    "memorysetup-bucket-allocator-bucket-count=8"
    "memorysetup-bucket-allocator-block-size=33554432"
    "memorysetup-bucket-allocator-block-count=8"
    "memorysetup-main-allocator-block-size=16777216"
    "memorysetup-thread-allocator-block-size=16777216"
    "memorysetup-gfx-main-allocator-block-size=16777216"
    "memorysetup-gfx-thread-allocator-block-size=16777216"
    "memorysetup-cache-allocator-block-size=4194304"
    "memorysetup-typetree-allocator-block-size=2097152"
    "memorysetup-profiler-bucket-allocator-granularity=16"
    "memorysetup-profiler-bucket-allocator-bucket-count=8"
    "memorysetup-profiler-bucket-allocator-block-size=33554432"
    "memorysetup-profiler-bucket-allocator-block-count=8"
    "memorysetup-profiler-allocator-block-size=16777216"
    "memorysetup-profiler-editor-allocator-block-size=1048576"
    "memorysetup-temp-allocator-size-main=16777216"
    "memorysetup-job-temp-allocator-block-size=2097152"
    "memorysetup-job-temp-allocator-block-size-background=1048576"
    "memorysetup-job-temp-allocator-reduction-small-platforms=262144"
    "memorysetup-temp-allocator-size-background-worker=32768"
    "memorysetup-temp-allocator-size-job-worker=262144"
    "memorysetup-temp-allocator-size-preload-manager=33554432"
    "memorysetup-temp-allocator-size-nav-mesh-worker=65536"
    "memorysetup-temp-allocator-size-audio-worker=65536"
    "memorysetup-temp-allocator-size-cloud-worker=32768"
    "memorysetup-temp-allocator-size-gi-baking-worker=262144"
    "memorysetup-temp-allocator-size-gfx=262144"
Refreshing native plugins compatible for Editor in 105.79 ms, found 3 plugins.
Preloading 0 native plugins for Editor in 0.00 ms.
Initialize engine version: 2021.3.6f1 (7da38d85baf6)
[Subsystems] Discovering subsystems at path C:/Program Files/Unity/Hub/Editor/2021.3.6f1/Editor/Data/Resources/UnitySubsystems
[Subsystems] Discovering subsystems at path C:/Users/adems/Downloads/15.11 SPACE/SPACE/New Unity Project (2)/Assets
GfxDevice: creating device client; threaded=0; jobified=0
Direct3D:
    Version:  Direct3D 11.0 [level 11.1]
    Renderer: NVIDIA GeForce GTX 1660 Ti (ID=0x2191)
    Vendor:   NVIDIA
    VRAM:     5991 MB
    Driver:   30.0.15.1278
Initialize mono
Mono path[0] = 'C:/Program Files/Unity/Hub/Editor/2021.3.6f1/Editor/Data/Managed'
Mono path[1] = 'C:/Program Files/Unity/Hub/Editor/2021.3.6f1/Editor/Data/MonoBleedingEdge/lib/mono/unityjit-win32'
Mono config path = 'C:/Program Files/Unity/Hub/Editor/2021.3.6f1/Editor/Data/MonoBleedingEdge/etc'
Using monoOptions --debugger-agent=transport=dt_socket,embedding=1,server=y,suspend=n,address=127.0.0.1:56592
Begin MonoManager ReloadAssembly
Registering precompiled unity dll's ...
Register platform support module: C:/Program Files/Unity/Hub/Editor/2021.3.6f1/Editor/Data/PlaybackEngines/WindowsStandaloneSupport/UnityEditor.WindowsStandalone.Extensions.dll
Registered in 0.018571 seconds.
Native extension for WindowsStandalone target not found
Refreshing native plugins compatible for Editor in 102.16 ms, found 3 plugins.
Preloading 0 native plugins for Editor in 0.00 ms.
Mono: successfully reloaded assembly
- Completed reload, in  0.877 seconds
Domain Reload Profiling:
	ReloadAssembly (878ms)
		BeginReloadAssembly (94ms)
			ExecutionOrderSort (0ms)
			DisableScriptedObjects (0ms)
			BackupInstance (0ms)
			ReleaseScriptingObjects (0ms)
			CreateAndSetChildDomain (1ms)
		EndReloadAssembly (613ms)
			LoadAssemblies (91ms)
			RebuildTransferFunctionScriptingTraits (0ms)
			SetupTypeCache (129ms)
			ReleaseScriptCaches (0ms)
			RebuildScriptCaches (34ms)
			SetupLoadedEditorAssemblies (382ms)
				LogAssemblyErrors (0ms)
				InitializePlatformSupportModulesInManaged (11ms)
				SetLoadedEditorAssemblies (0ms)
				RefreshPlugins (102ms)
				BeforeProcessingInitializeOnLoad (1ms)
				ProcessInitializeOnLoadAttributes (194ms)
				ProcessInitializeOnLoadMethodAttributes (73ms)
				AfterProcessingInitializeOnLoad (0ms)
				EditorAssembliesLoaded (0ms)
			ExecutionOrderSort2 (0ms)
			AwakeInstancesAfterBackupRestoration (0ms)
Platform modules already initialized, skipping
Registering precompiled user dll's ...
Registered in 0.015214 seconds.
Begin MonoManager ReloadAssembly
Symbol file LoadedFromMemory doesn't match image C:\Users\adems\Downloads\15.11 SPACE\SPACE\New Unity Project (2)\Library\PackageCache\com.unity.visualscripting@1.7.8\Editor\VisualScripting.Core\Dependencies\YamlDotNet\Unity.VisualScripting.YamlDotNet.dll
Symbol file LoadedFromMemory doesn't match image C:\Users\adems\Downloads\15.11 SPACE\SPACE\New Unity Project (2)\Library\PackageCache\com.unity.visualscripting@1.7.8\Editor\VisualScripting.Core\Dependencies\DotNetZip\Unity.VisualScripting.IonicZip.dll
Native extension for WindowsStandalone target not found
Refreshing native plugins compatible for Editor in 0.59 ms, found 3 plugins.
Preloading 0 native plugins for Editor in 0.00 ms.
Mono: successfully reloaded assembly
- Completed reload, in  1.261 seconds
Domain Reload Profiling:
	ReloadAssembly (1262ms)
		BeginReloadAssembly (139ms)
			ExecutionOrderSort (0ms)
			DisableScriptedObjects (6ms)
			BackupInstance (0ms)
			ReleaseScriptingObjects (0ms)
			CreateAndSetChildDomain (22ms)
		EndReloadAssembly (973ms)
			LoadAssemblies (112ms)
			RebuildTransferFunctionScriptingTraits (0ms)
			SetupTypeCache (325ms)
			ReleaseScriptCaches (1ms)
			RebuildScriptCaches (65ms)
			SetupLoadedEditorAssemblies (428ms)
				LogAssemblyErrors (0ms)
				InitializePlatformSupportModulesInManaged (9ms)
				SetLoadedEditorAssemblies (1ms)
				RefreshPlugins (1ms)
				BeforeProcessingInitializeOnLoad (111ms)
				ProcessInitializeOnLoadAttributes (263ms)
				ProcessInitializeOnLoadMethodAttributes (31ms)
				AfterProcessingInitializeOnLoad (13ms)
				EditorAssembliesLoaded (0ms)
			ExecutionOrderSort2 (0ms)
			AwakeInstancesAfterBackupRestoration (6ms)
Platform modules already initialized, skipping
========================================================================
Worker process is ready to serve import requests
Launched and connected shader compiler UnityShaderCompiler.exe after 0.17 seconds
Refreshing native plugins compatible for Editor in 0.58 ms, found 3 plugins.
Preloading 0 native plugins for Editor in 0.00 ms.
Unloading 3375 Unused Serialized files (Serialized files now loaded: 0)
Unloading 27 unused Assets / (111.0 KB). Loaded Objects now: 3833.
Memory consumption went from 116.1 MB to 116.0 MB.
Total: 3.593100 ms (FindLiveObjects: 0.324900 ms CreateObjectMapping: 0.234700 ms MarkObjects: 2.925200 ms  DeleteObjects: 0.107400 ms)

AssetImportParameters requested are different than current active one (requested -> active):
  custom:video-decoder-ogg-theora: a1e56fd34408186e4bbccfd4996cb3dc -> 
  custom:container-muxer-webm: aa71ff27fc2769a1b78a27578f13a17b -> 
  custom:container-demuxer-webm: 4f35f7cbe854078d1ac9338744f61a02 -> 
  custom:video-encoder-webm-vp8: eb34c28f22e8b96e1ab97ce403110664 -> 
  custom:video-codec-MediaFoundation-h265: 746d11721c4dcdbdad8f713fa42b33f4 -> 
  custom:audio-encoder-webm-vorbis: bf7c407c2cedff20999df2af8eb42d56 -> 
  custom:framework-win-MediaFoundation: 216162199b28c13a410421893ffa2e32 -> 
  custom:container-demuxer-ogg: 62fdf1f143b41e24485cea50d1cbac27 -> 
  custom:video-decoder-webm-vp8: 9c59270c3fd7afecdb556c50c9e8de78 -> 
  custom:audio-decoder-ogg-vorbis: bf7c407c2cedff20999df2af8eb42d56 -> 
========================================================================
Received Import Request.
  Time since last request: 618611.075410 seconds.
  path: Assets/Scripts/Data/4- Competition Deck/Situation 25.asset
  artifactKey: Guid(9ac2df24d18f8b944a636f5a51f11b51) Importer(815301076,1909f56bfc062723c751e8b465ee728b)
Start importing Assets/Scripts/Data/4- Competition Deck/Situation 25.asset using Guid(9ac2df24d18f8b944a636f5a51f11b51) Importer(815301076,1909f56bfc062723c751e8b465ee728b)  -> (artifact id: 'c371c1f02dafaf8af70be84e603469ca') in 0.043014 seconds 
========================================================================
Received Import Request.
  Time since last request: 0.000031 seconds.
  path: Assets/Scripts/Data/4- Competition Deck/Situation 28.asset
  artifactKey: Guid(65a26b30458e3a244b2bb7420a0d5c0c) Importer(815301076,1909f56bfc062723c751e8b465ee728b)
Start importing Assets/Scripts/Data/4- Competition Deck/Situation 28.asset using Guid(65a26b30458e3a244b2bb7420a0d5c0c) Importer(815301076,1909f56bfc062723c751e8b465ee728b)  -> (artifact id: '1aa77dd99d04cc14a04c274e12cafe49') in 0.003669 seconds 
========================================================================
Received Import Request.
  Time since last request: 182.442808 seconds.
  path: Assets/Scripts/Data/4- Competition Deck/Situation 33.asset
  artifactKey: Guid(eacb7452fc3531e41993b3e907109ec3) Importer(815301076,1909f56bfc062723c751e8b465ee728b)
Start importing Assets/Scripts/Data/4- Competition Deck/Situation 33.asset using Guid(eacb7452fc3531e41993b3e907109ec3) Importer(815301076,1909f56bfc062723c751e8b465ee728b)  -> (artifact id: 'ed2198ff9bfd5d1f00f9cc736f38caea') in 0.003187 seconds 
========================================================================
Received Import Request.
  Time since last request: 0.114167 seconds.
  path: Assets/Scripts/Data/4- Competition Deck/Situation 35.asset
  artifactKey: Guid(cd79c5f7336ab984289d8cb6c7f025ff) Importer(815301076,1909f56bfc062723c751e8b465ee728b)
Start importing Assets/Scripts/Data/4- Competition Deck/Situation 35.asset using Guid(cd79c5f7336ab984289d8cb6c7f025ff) Importer(815301076,1909f56bfc062723c751e8b465ee728b)  -> (artifact id: 'b9dd5697b2ce0ff4666919a297596c47') in 0.003250 seconds 
========================================================================
Received Import Request.
  Time since last request: 0.000031 seconds.
  path: Assets/Scripts/Data/4- Competition Deck/Situation 36.asset
  artifactKey: Guid(37c44ca59f31df540971fc03ca92c9c4) Importer(815301076,1909f56bfc062723c751e8b465ee728b)
Start importing Assets/Scripts/Data/4- Competition Deck/Situation 36.asset using Guid(37c44ca59f31df540971fc03ca92c9c4) Importer(815301076,1909f56bfc062723c751e8b465ee728b)  -> (artifact id: '9b31d14cce3dbe9db8abcd35276e6303') in 0.003160 seconds 
========================================================================
Received Import Request.
  Time since last request: 2.205621 seconds.
  path: Assets/Scripts/Data/4- Competition Deck/Situation 38.asset
  artifactKey: Guid(1b255f3233983984783921b90b583cfc) Importer(815301076,1909f56bfc062723c751e8b465ee728b)
Start importing Assets/Scripts/Data/4- Competition Deck/Situation 38.asset using Guid(1b255f3233983984783921b90b583cfc) Importer(815301076,1909f56bfc062723c751e8b465ee728b)  -> (artifact id: '4e8a6975ed353db6110eb31f2d7aa87a') in 0.003251 seconds 
========================================================================
Received Import Request.
  Time since last request: 0.000016 seconds.
  path: Assets/Scripts/Data/4- Competition Deck/Situation 41.asset
  artifactKey: Guid(206b061d95bd7ac47bc71e75aac941eb) Importer(815301076,1909f56bfc062723c751e8b465ee728b)
Start importing Assets/Scripts/Data/4- Competition Deck/Situation 41.asset using Guid(206b061d95bd7ac47bc71e75aac941eb) Importer(815301076,1909f56bfc062723c751e8b465ee728b)  -> (artifact id: '848160c9d4e2b43837528a6afe7b99d0') in 0.003904 seconds 
========================================================================
Received Import Request.
  Time since last request: 0.000017 seconds.
  path: Assets/Scripts/Data/4- Competition Deck/Situation 40.asset
  artifactKey: Guid(3f30feffac0ab31469ef40e4d5052ff5) Importer(815301076,1909f56bfc062723c751e8b465ee728b)
Start importing Assets/Scripts/Data/4- Competition Deck/Situation 40.asset using Guid(3f30feffac0ab31469ef40e4d5052ff5) Importer(815301076,1909f56bfc062723c751e8b465ee728b)  -> (artifact id: 'e6c3c5ee23c5676928284784de298755') in 0.003234 seconds 
========================================================================
Received Import Request.
  Time since last request: 27.391359 seconds.
  path: Assets/Scripts/Data/4- Competition Deck/Situation 44.asset
  artifactKey: Guid(99c0118770eaf0a4998212de990d3ea3) Importer(815301076,1909f56bfc062723c751e8b465ee728b)
Start importing Assets/Scripts/Data/4- Competition Deck/Situation 44.asset using Guid(99c0118770eaf0a4998212de990d3ea3) Importer(815301076,1909f56bfc062723c751e8b465ee728b)  -> (artifact id: 'b4a3989dba8d0a8d4ae474f2c7815d87') in 0.003145 seconds 
========================================================================
Received Import Request.
  Time since last request: 0.000021 seconds.
  path: Assets/Scripts/Data/4- Competition Deck/Situation 45.asset
  artifactKey: Guid(4953f5aa93b57654184d7c71dc35ad1c) Importer(815301076,1909f56bfc062723c751e8b465ee728b)
Start importing Assets/Scripts/Data/4- Competition Deck/Situation 45.asset using Guid(4953f5aa93b57654184d7c71dc35ad1c) Importer(815301076,1909f56bfc062723c751e8b465ee728b)  -> (artifact id: '32b38fa2233b1a0aa368fa21c6e33c12') in 0.003141 seconds 
========================================================================
Received Import Request.
  Time since last request: 23.542685 seconds.
  path: Assets/Scripts/Data/4- Competition Deck/Situation 49.asset
  artifactKey: Guid(87c748210c046ef488d1b433fb6a8235) Importer(815301076,1909f56bfc062723c751e8b465ee728b)
Start importing Assets/Scripts/Data/4- Competition Deck/Situation 49.asset using Guid(87c748210c046ef488d1b433fb6a8235) Importer(815301076,1909f56bfc062723c751e8b465ee728b)  -> (artifact id: '08822611e2754d9d699afa216e0a7661') in 0.012169 seconds 
========================================================================
Received Import Request.
  Time since last request: 64.102788 seconds.
  path: Assets/Scripts/Data/4- Competition Deck/Situation 32.asset
  artifactKey: Guid(c06841ae839323442be23ff8d591022a) Importer(815301076,1909f56bfc062723c751e8b465ee728b)
Start importing Assets/Scripts/Data/4- Competition Deck/Situation 32.asset using Guid(c06841ae839323442be23ff8d591022a) Importer(815301076,1909f56bfc062723c751e8b465ee728b)  -> (artifact id: '1493f6748d11a671508121278fb82771') in 0.003012 seconds 
========================================================================
Received Import Request.
  Time since last request: 0.066643 seconds.
  path: Assets/Scripts/Data/4- Competition Deck/Situation 35.asset
  artifactKey: Guid(cd79c5f7336ab984289d8cb6c7f025ff) Importer(815301076,1909f56bfc062723c751e8b465ee728b)
Start importing Assets/Scripts/Data/4- Competition Deck/Situation 35.asset using Guid(cd79c5f7336ab984289d8cb6c7f025ff) Importer(815301076,1909f56bfc062723c751e8b465ee728b)  -> (artifact id: '6855d52458df8b0c81acbe3ca60c96dd') in 0.003692 seconds 
========================================================================
Received Import Request.
  Time since last request: 0.054443 seconds.
  path: Assets/Scripts/Data/4- Competition Deck/Situation 33.asset
  artifactKey: Guid(eacb7452fc3531e41993b3e907109ec3) Importer(815301076,1909f56bfc062723c751e8b465ee728b)
Start importing Assets/Scripts/Data/4- Competition Deck/Situation 33.asset using Guid(eacb7452fc3531e41993b3e907109ec3) Importer(815301076,1909f56bfc062723c751e8b465ee728b)  -> (artifact id: '87a7374a4c4149added06ee5099874e4') in 0.003262 seconds 
========================================================================
Received Import Request.
  Time since last request: 0.000022 seconds.
  path: Assets/Scripts/Data/4- Competition Deck/Situation 39.asset
  artifactKey: Guid(eb0058a954a9f3f4fb0a5b3c84058290) Importer(815301076,1909f56bfc062723c751e8b465ee728b)
Start importing Assets/Scripts/Data/4- Competition Deck/Situation 39.asset using Guid(eb0058a954a9f3f4fb0a5b3c84058290) Importer(815301076,1909f56bfc062723c751e8b465ee728b)  -> (artifact id: 'cc42d4ea62ce22e6bc3fc3734024e728') in 0.003826 seconds 
========================================================================
Received Import Request.
  Time since last request: 0.000033 seconds.
  path: Assets/Scripts/Data/4- Competition Deck/Situation 37.asset
  artifactKey: Guid(0d70989e619d1584bbc4fd6eab9c52cb) Importer(815301076,1909f56bfc062723c751e8b465ee728b)
Start importing Assets/Scripts/Data/4- Competition Deck/Situation 37.asset using Guid(0d70989e619d1584bbc4fd6eab9c52cb) Importer(815301076,1909f56bfc062723c751e8b465ee728b)  -> (artifact id: 'e624e5fa7dd4759ca80ebedb53aa61b3') in 0.002942 seconds 
========================================================================
Received Import Request.
  Time since last request: 0.000022 seconds.
  path: Assets/Scripts/Data/4- Competition Deck/Situation 40.asset
  artifactKey: Guid(3f30feffac0ab31469ef40e4d5052ff5) Importer(815301076,1909f56bfc062723c751e8b465ee728b)
Start importing Assets/Scripts/Data/4- Competition Deck/Situation 40.asset using Guid(3f30feffac0ab31469ef40e4d5052ff5) Importer(815301076,1909f56bfc062723c751e8b465ee728b)  -> (artifact id: '494e021eeee7b9498bdf3bb0c05d7b9b') in 0.003489 seconds 
========================================================================
Received Import Request.
  Time since last request: 27.312462 seconds.
  path: Assets/Scripts/Data/4- Competition Deck/Situation 8.asset
  artifactKey: Guid(c34b180033a05b54babb86c6d488f861) Importer(815301076,1909f56bfc062723c751e8b465ee728b)
Start importing Assets/Scripts/Data/4- Competition Deck/Situation 8.asset using Guid(c34b180033a05b54babb86c6d488f861) Importer(815301076,1909f56bfc062723c751e8b465ee728b)  -> (artifact id: 'f7db8593bdee5cb44ea815b52e6502cc') in 0.004818 seconds 
========================================================================
Received Import Request.
  Time since last request: 0.120691 seconds.
  path: Assets/Scripts/Data/4- Competition Deck/Situation 9.asset
  artifactKey: Guid(bccc6944d2a200046b42a9eca4e3d9b4) Importer(815301076,1909f56bfc062723c751e8b465ee728b)
Start importing Assets/Scripts/Data/4- Competition Deck/Situation 9.asset using Guid(bccc6944d2a200046b42a9eca4e3d9b4) Importer(815301076,1909f56bfc062723c751e8b465ee728b)  -> (artifact id: 'd259b44b7d1af3c26cee2394957e767c') in 0.008575 seconds 
========================================================================
Received Import Request.
  Time since last request: 0.000030 seconds.
  path: Assets/Scripts/Data/4- Competition Deck/Situation 15.asset
  artifactKey: Guid(d577255de2f861f4395bfc893072ddfb) Importer(815301076,1909f56bfc062723c751e8b465ee728b)
Start importing Assets/Scripts/Data/4- Competition Deck/Situation 15.asset using Guid(d577255de2f861f4395bfc893072ddfb) Importer(815301076,1909f56bfc062723c751e8b465ee728b)  -> (artifact id: '4950ec53e86b456db9f65cc2f542c649') in 0.006064 seconds 
========================================================================
Received Import Request.
  Time since last request: 0.000058 seconds.
  path: Assets/Scripts/Data/4- Competition Deck/Situation 16.asset
  artifactKey: Guid(a4872473112b70d4d8048b098b5832c9) Importer(815301076,1909f56bfc062723c751e8b465ee728b)
Start importing Assets/Scripts/Data/4- Competition Deck/Situation 16.asset using Guid(a4872473112b70d4d8048b098b5832c9) Importer(815301076,1909f56bfc062723c751e8b465ee728b)  -> (artifact id: 'a2b2e3d06905c30ca94fa07cd42a9193') in 0.004689 seconds 
========================================================================
Received Import Request.
  Time since last request: 0.000042 seconds.
  path: Assets/Scripts/Data/4- Competition Deck/Situation 11.asset
  artifactKey: Guid(16d35c834302e35429b2d023b4837856) Importer(815301076,1909f56bfc062723c751e8b465ee728b)
Start importing Assets/Scripts/Data/4- Competition Deck/Situation 11.asset using Guid(16d35c834302e35429b2d023b4837856) Importer(815301076,1909f56bfc062723c751e8b465ee728b)  -> (artifact id: '617ef631ee59b10de3837720ae520f29') in 0.004375 seconds 
========================================================================
Received Import Request.
  Time since last request: 0.249134 seconds.
  path: Assets/Scripts/Data/4- Competition Deck/Situation 25.asset
  artifactKey: Guid(9ac2df24d18f8b944a636f5a51f11b51) Importer(815301076,1909f56bfc062723c751e8b465ee728b)
Start importing Assets/Scripts/Data/4- Competition Deck/Situation 25.asset using Guid(9ac2df24d18f8b944a636f5a51f11b51) Importer(815301076,1909f56bfc062723c751e8b465ee728b)  -> (artifact id: 'e43aa0bb7347427be895697ac57305f8') in 0.003926 seconds 
========================================================================
Received Import Request.
  Time since last request: 0.010444 seconds.
  path: Assets/Scripts/Data/4- Competition Deck/Situation 30.asset
  artifactKey: Guid(399082b07c6578f41bc6aa3e40f1a08c) Importer(815301076,1909f56bfc062723c751e8b465ee728b)
Start importing Assets/Scripts/Data/4- Competition Deck/Situation 30.asset using Guid(399082b07c6578f41bc6aa3e40f1a08c) Importer(815301076,1909f56bfc062723c751e8b465ee728b)  -> (artifact id: 'abae4d572c125c7cf27be1a19438ab77') in 0.004490 seconds 
========================================================================
Received Import Request.
  Time since last request: 178.113032 seconds.
  path: Assets/Scripts/Data/4- Competition Deck/Situation 43.asset
  artifactKey: Guid(674b9cb92ca3b3446ae0fea598263bfe) Importer(815301076,1909f56bfc062723c751e8b465ee728b)
Start importing Assets/Scripts/Data/4- Competition Deck/Situation 43.asset using Guid(674b9cb92ca3b3446ae0fea598263bfe) Importer(815301076,1909f56bfc062723c751e8b465ee728b)  -> (artifact id: '13c8e3263fa14ec1a2643ae22afef3c8') in 0.004197 seconds 
========================================================================
Received Import Request.
  Time since last request: 0.038945 seconds.
  path: Assets/Scripts/Data/4- Competition Deck/Situation 45.asset
  artifactKey: Guid(4953f5aa93b57654184d7c71dc35ad1c) Importer(815301076,1909f56bfc062723c751e8b465ee728b)
Start importing Assets/Scripts/Data/4- Competition Deck/Situation 45.asset using Guid(4953f5aa93b57654184d7c71dc35ad1c) Importer(815301076,1909f56bfc062723c751e8b465ee728b)  -> (artifact id: '08fbe10d446ca2cba3d61a3bfe1c940e') in 0.003707 seconds 
========================================================================
Received Import Request.
  Time since last request: 0.077017 seconds.
  path: Assets/Scripts/Data/4- Competition Deck/Situation 48.asset
  artifactKey: Guid(c5e4b049b63a60e4abb01ef148f44a5c) Importer(815301076,1909f56bfc062723c751e8b465ee728b)
Start importing Assets/Scripts/Data/4- Competition Deck/Situation 48.asset using Guid(c5e4b049b63a60e4abb01ef148f44a5c) Importer(815301076,1909f56bfc062723c751e8b465ee728b)  -> (artifact id: '583166af84f362cde461754c48577508') in 0.003982 seconds 
========================================================================
Received Import Request.
  Time since last request: 0.000027 seconds.
  path: Assets/Scripts/Data/4- Competition Deck/Situation 44.asset
  artifactKey: Guid(99c0118770eaf0a4998212de990d3ea3) Importer(815301076,1909f56bfc062723c751e8b465ee728b)
Start importing Assets/Scripts/Data/4- Competition Deck/Situation 44.asset using Guid(99c0118770eaf0a4998212de990d3ea3) Importer(815301076,1909f56bfc062723c751e8b465ee728b)  -> (artifact id: '728204c587a140da5c5baf6f4cf064bd') in 0.004064 seconds 
Editor requested this worker to shutdown with reason: Scaling down because of idle timeout
AssetImportWorker is now disconnected from the server
Process exiting
Exiting without the bug reporter. Application will terminate with return code 0