Using pre-set license
Built from '2021.3/staging' branch; Version is '2021.3.6f1 (7da38d85baf6) revision 8233869'; Using compiler version '192829333'; Build Type 'Release'
OS: 'Windows 10  (10.0.19043) 64bit Core' Language: 'en' Physical Memory: 16169 MB
BatchMode: 1, IsHumanControllingUs: 0, StartBugReporterOnCrash: 0, Is64bit: 1, IsPro: 1

COMMAND LINE ARGUMENTS:
C:\Program Files\Unity\Hub\Editor\2021.3.6f1\Editor\Unity.exe
-adb2
-batchMode
-noUpm
-name
AssetImportWorker19
-projectPath
C:/Users/adems/Downloads/15.11 SPACE/SPACE/New Unity Project (2)
-logFile
Logs/AssetImportWorker19.log
-srvPort
59219
Successfully changed project path to: C:/Users/adems/Downloads/15.11 SPACE/SPACE/New Unity Project (2)
C:/Users/adems/Downloads/15.11 SPACE/SPACE/New Unity Project (2)
[UnityMemory] Configuration Parameters - Can be set up in boot.config
    "memorysetup-bucket-allocator-granularity=16"
    "memorysetup-bucket-allocator-bucket-count=8"
    "memorysetup-bucket-allocator-block-size=33554432"
    "memorysetup-bucket-allocator-block-count=8"
    "memorysetup-main-allocator-block-size=16777216"
    "memorysetup-thread-allocator-block-size=16777216"
    "memorysetup-gfx-main-allocator-block-size=16777216"
    "memorysetup-gfx-thread-allocator-block-size=16777216"
    "memorysetup-cache-allocator-block-size=4194304"
    "memorysetup-typetree-allocator-block-size=2097152"
    "memorysetup-profiler-bucket-allocator-granularity=16"
    "memorysetup-profiler-bucket-allocator-bucket-count=8"
    "memorysetup-profiler-bucket-allocator-block-size=33554432"
    "memorysetup-profiler-bucket-allocator-block-count=8"
    "memorysetup-profiler-allocator-block-size=16777216"
    "memorysetup-profiler-editor-allocator-block-size=1048576"
    "memorysetup-temp-allocator-size-main=16777216"
    "memorysetup-job-temp-allocator-block-size=2097152"
    "memorysetup-job-temp-allocator-block-size-background=1048576"
    "memorysetup-job-temp-allocator-reduction-small-platforms=262144"
    "memorysetup-temp-allocator-size-background-worker=32768"
    "memorysetup-temp-allocator-size-job-worker=262144"
    "memorysetup-temp-allocator-size-preload-manager=33554432"
    "memorysetup-temp-allocator-size-nav-mesh-worker=65536"
    "memorysetup-temp-allocator-size-audio-worker=65536"
    "memorysetup-temp-allocator-size-cloud-worker=32768"
    "memorysetup-temp-allocator-size-gi-baking-worker=262144"
    "memorysetup-temp-allocator-size-gfx=262144"
Refreshing native plugins compatible for Editor in 109.37 ms, found 3 plugins.
Preloading 0 native plugins for Editor in 0.00 ms.
Initialize engine version: 2021.3.6f1 (7da38d85baf6)
[Subsystems] Discovering subsystems at path C:/Program Files/Unity/Hub/Editor/2021.3.6f1/Editor/Data/Resources/UnitySubsystems
[Subsystems] Discovering subsystems at path C:/Users/adems/Downloads/15.11 SPACE/SPACE/New Unity Project (2)/Assets
GfxDevice: creating device client; threaded=0; jobified=0
Direct3D:
    Version:  Direct3D 11.0 [level 11.1]
    Renderer: NVIDIA GeForce GTX 1660 Ti (ID=0x2191)
    Vendor:   NVIDIA
    VRAM:     5991 MB
    Driver:   30.0.15.1278
Initialize mono
Mono path[0] = 'C:/Program Files/Unity/Hub/Editor/2021.3.6f1/Editor/Data/Managed'
Mono path[1] = 'C:/Program Files/Unity/Hub/Editor/2021.3.6f1/Editor/Data/MonoBleedingEdge/lib/mono/unityjit-win32'
Mono config path = 'C:/Program Files/Unity/Hub/Editor/2021.3.6f1/Editor/Data/MonoBleedingEdge/etc'
Using monoOptions --debugger-agent=transport=dt_socket,embedding=1,server=y,suspend=n,address=127.0.0.1:56544
Begin MonoManager ReloadAssembly
Registering precompiled unity dll's ...
Register platform support module: C:/Program Files/Unity/Hub/Editor/2021.3.6f1/Editor/Data/PlaybackEngines/WindowsStandaloneSupport/UnityEditor.WindowsStandalone.Extensions.dll
Registered in 0.012046 seconds.
Native extension for WindowsStandalone target not found
Refreshing native plugins compatible for Editor in 105.88 ms, found 3 plugins.
Preloading 0 native plugins for Editor in 0.00 ms.
Mono: successfully reloaded assembly
- Completed reload, in  0.805 seconds
Domain Reload Profiling:
	ReloadAssembly (806ms)
		BeginReloadAssembly (101ms)
			ExecutionOrderSort (0ms)
			DisableScriptedObjects (0ms)
			BackupInstance (0ms)
			ReleaseScriptingObjects (0ms)
			CreateAndSetChildDomain (1ms)
		EndReloadAssembly (561ms)
			LoadAssemblies (97ms)
			RebuildTransferFunctionScriptingTraits (0ms)
			SetupTypeCache (121ms)
			ReleaseScriptCaches (0ms)
			RebuildScriptCaches (34ms)
			SetupLoadedEditorAssemblies (342ms)
				LogAssemblyErrors (0ms)
				InitializePlatformSupportModulesInManaged (10ms)
				SetLoadedEditorAssemblies (0ms)
				RefreshPlugins (106ms)
				BeforeProcessingInitializeOnLoad (1ms)
				ProcessInitializeOnLoadAttributes (172ms)
				ProcessInitializeOnLoadMethodAttributes (52ms)
				AfterProcessingInitializeOnLoad (0ms)
				EditorAssembliesLoaded (0ms)
			ExecutionOrderSort2 (0ms)
			AwakeInstancesAfterBackupRestoration (0ms)
Platform modules already initialized, skipping
Registering precompiled user dll's ...
Registered in 0.012749 seconds.
Begin MonoManager ReloadAssembly
Symbol file LoadedFromMemory doesn't match image C:\Users\adems\Downloads\15.11 SPACE\SPACE\New Unity Project (2)\Library\PackageCache\com.unity.visualscripting@1.7.8\Editor\VisualScripting.Core\Dependencies\YamlDotNet\Unity.VisualScripting.YamlDotNet.dll
Symbol file LoadedFromMemory doesn't match image C:\Users\adems\Downloads\15.11 SPACE\SPACE\New Unity Project (2)\Library\PackageCache\com.unity.visualscripting@1.7.8\Editor\VisualScripting.Core\Dependencies\DotNetZip\Unity.VisualScripting.IonicZip.dll
Native extension for WindowsStandalone target not found
Refreshing native plugins compatible for Editor in 0.60 ms, found 3 plugins.
Preloading 0 native plugins for Editor in 0.00 ms.
Mono: successfully reloaded assembly
- Completed reload, in  1.269 seconds
Domain Reload Profiling:
	ReloadAssembly (1270ms)
		BeginReloadAssembly (141ms)
			ExecutionOrderSort (0ms)
			DisableScriptedObjects (7ms)
			BackupInstance (0ms)
			ReleaseScriptingObjects (0ms)
			CreateAndSetChildDomain (20ms)
		EndReloadAssembly (982ms)
			LoadAssemblies (115ms)
			RebuildTransferFunctionScriptingTraits (0ms)
			SetupTypeCache (304ms)
			ReleaseScriptCaches (1ms)
			RebuildScriptCaches (59ms)
			SetupLoadedEditorAssemblies (465ms)
				LogAssemblyErrors (0ms)
				InitializePlatformSupportModulesInManaged (8ms)
				SetLoadedEditorAssemblies (1ms)
				RefreshPlugins (1ms)
				BeforeProcessingInitializeOnLoad (121ms)
				ProcessInitializeOnLoadAttributes (288ms)
				ProcessInitializeOnLoadMethodAttributes (33ms)
				AfterProcessingInitializeOnLoad (14ms)
				EditorAssembliesLoaded (0ms)
			ExecutionOrderSort2 (0ms)
			AwakeInstancesAfterBackupRestoration (7ms)
Platform modules already initialized, skipping
========================================================================
Worker process is ready to serve import requests
Launched and connected shader compiler UnityShaderCompiler.exe after 0.05 seconds
Refreshing native plugins compatible for Editor in 0.81 ms, found 3 plugins.
Preloading 0 native plugins for Editor in 0.00 ms.
Unloading 3375 Unused Serialized files (Serialized files now loaded: 0)
Unloading 27 unused Assets / (111.0 KB). Loaded Objects now: 3833.
Memory consumption went from 116.1 MB to 116.0 MB.
Total: 4.013400 ms (FindLiveObjects: 0.337100 ms CreateObjectMapping: 0.249200 ms MarkObjects: 3.320700 ms  DeleteObjects: 0.105400 ms)

AssetImportParameters requested are different than current active one (requested -> active):
  custom:video-decoder-ogg-theora: a1e56fd34408186e4bbccfd4996cb3dc -> 
  custom:container-muxer-webm: aa71ff27fc2769a1b78a27578f13a17b -> 
  custom:container-demuxer-webm: 4f35f7cbe854078d1ac9338744f61a02 -> 
  custom:video-encoder-webm-vp8: eb34c28f22e8b96e1ab97ce403110664 -> 
  custom:video-codec-MediaFoundation-h265: 746d11721c4dcdbdad8f713fa42b33f4 -> 
  custom:audio-encoder-webm-vorbis: bf7c407c2cedff20999df2af8eb42d56 -> 
  custom:framework-win-MediaFoundation: 216162199b28c13a410421893ffa2e32 -> 
  custom:container-demuxer-ogg: 62fdf1f143b41e24485cea50d1cbac27 -> 
  custom:video-decoder-webm-vp8: 9c59270c3fd7afecdb556c50c9e8de78 -> 
  custom:audio-decoder-ogg-vorbis: bf7c407c2cedff20999df2af8eb42d56 -> 
========================================================================
Received Import Request.
  Time since last request: 618548.029678 seconds.
  path: Assets/Scripts/Data/4- Competition Deck/Situation 2.asset
  artifactKey: Guid(c560583cb23d4034db45c6f560690ebc) Importer(815301076,1909f56bfc062723c751e8b465ee728b)
Start importing Assets/Scripts/Data/4- Competition Deck/Situation 2.asset using Guid(c560583cb23d4034db45c6f560690ebc) Importer(815301076,1909f56bfc062723c751e8b465ee728b)  -> (artifact id: 'ffa1ca9771f6c225c1b073733c58a954') in 0.039738 seconds 
========================================================================
Received Import Request.
  Time since last request: 0.102833 seconds.
  path: Assets/Scripts/Data/4- Competition Deck/Situation 4.asset
  artifactKey: Guid(aa581b0248b7da446a35736ae6056f67) Importer(815301076,1909f56bfc062723c751e8b465ee728b)
Start importing Assets/Scripts/Data/4- Competition Deck/Situation 4.asset using Guid(aa581b0248b7da446a35736ae6056f67) Importer(815301076,1909f56bfc062723c751e8b465ee728b)  -> (artifact id: 'a4afe311b19e9401163e595a1ca84a8d') in 0.003717 seconds 
========================================================================
Received Import Request.
  Time since last request: 0.176234 seconds.
  path: Assets/Scripts/Data/4- Competition Deck/Situation 9.asset
  artifactKey: Guid(bccc6944d2a200046b42a9eca4e3d9b4) Importer(815301076,1909f56bfc062723c751e8b465ee728b)
Start importing Assets/Scripts/Data/4- Competition Deck/Situation 9.asset using Guid(bccc6944d2a200046b42a9eca4e3d9b4) Importer(815301076,1909f56bfc062723c751e8b465ee728b)  -> (artifact id: 'ec2a34e6090d2e33e0e4b6189b9274e1') in 0.003653 seconds 
========================================================================
Received Import Request.
  Time since last request: 0.155461 seconds.
  path: Assets/Scripts/Data/4- Competition Deck/Situation 13.asset
  artifactKey: Guid(4ab11a672eca9364ea18d2904b9ae08e) Importer(815301076,1909f56bfc062723c751e8b465ee728b)
Start importing Assets/Scripts/Data/4- Competition Deck/Situation 13.asset using Guid(4ab11a672eca9364ea18d2904b9ae08e) Importer(815301076,1909f56bfc062723c751e8b465ee728b)  -> (artifact id: '3e6cacb0d45ee917d9d3c2354dc67316') in 0.004049 seconds 
========================================================================
Received Import Request.
  Time since last request: 0.000025 seconds.
  path: Assets/Scripts/Data/4- Competition Deck/Situation 15.asset
  artifactKey: Guid(d577255de2f861f4395bfc893072ddfb) Importer(815301076,1909f56bfc062723c751e8b465ee728b)
Start importing Assets/Scripts/Data/4- Competition Deck/Situation 15.asset using Guid(d577255de2f861f4395bfc893072ddfb) Importer(815301076,1909f56bfc062723c751e8b465ee728b)  -> (artifact id: 'bb6faaf92fe1ace58c8393e62a2f20f8') in 0.004138 seconds 
========================================================================
Received Import Request.
  Time since last request: 0.000025 seconds.
  path: Assets/Scripts/Data/4- Competition Deck/Situation 14.asset
  artifactKey: Guid(ac39ea3408ebe4a47a7696dc3ea6bdd0) Importer(815301076,1909f56bfc062723c751e8b465ee728b)
Start importing Assets/Scripts/Data/4- Competition Deck/Situation 14.asset using Guid(ac39ea3408ebe4a47a7696dc3ea6bdd0) Importer(815301076,1909f56bfc062723c751e8b465ee728b)  -> (artifact id: '898533c6086c8b5cdf4361aac3dbf229') in 0.003977 seconds 
========================================================================
Received Import Request.
  Time since last request: 0.000027 seconds.
  path: Assets/Scripts/Data/4- Competition Deck/Situation 12.asset
  artifactKey: Guid(bd08373ae4f84914c86ad8b1e219f3fb) Importer(815301076,1909f56bfc062723c751e8b465ee728b)
Start importing Assets/Scripts/Data/4- Competition Deck/Situation 12.asset using Guid(bd08373ae4f84914c86ad8b1e219f3fb) Importer(815301076,1909f56bfc062723c751e8b465ee728b)  -> (artifact id: '8a1086139b6c4987a124354cfd2d09f4') in 0.003842 seconds 
========================================================================
Received Import Request.
  Time since last request: 0.000029 seconds.
  path: Assets/Scripts/Data/4- Competition Deck/Situation 7.asset
  artifactKey: Guid(499d23d15ec67b64fb62c211169c2b29) Importer(815301076,1909f56bfc062723c751e8b465ee728b)
Start importing Assets/Scripts/Data/4- Competition Deck/Situation 7.asset using Guid(499d23d15ec67b64fb62c211169c2b29) Importer(815301076,1909f56bfc062723c751e8b465ee728b)  -> (artifact id: 'b98148bdef45afe9c2b3866ec711c672') in 0.004155 seconds 
========================================================================
Received Import Request.
  Time since last request: 0.000037 seconds.
  path: Assets/Scripts/Data/4- Competition Deck/Situation 8.asset
  artifactKey: Guid(c34b180033a05b54babb86c6d488f861) Importer(815301076,1909f56bfc062723c751e8b465ee728b)
Start importing Assets/Scripts/Data/4- Competition Deck/Situation 8.asset using Guid(c34b180033a05b54babb86c6d488f861) Importer(815301076,1909f56bfc062723c751e8b465ee728b)  -> (artifact id: '2976ca01aab0cd595642e38f06578822') in 0.004258 seconds 
========================================================================
Received Import Request.
  Time since last request: 0.000028 seconds.
  path: Assets/Scripts/Data/4- Competition Deck/Situation 3.asset
  artifactKey: Guid(703195ae7995a3744b90975abdb28851) Importer(815301076,1909f56bfc062723c751e8b465ee728b)
Start importing Assets/Scripts/Data/4- Competition Deck/Situation 3.asset using Guid(703195ae7995a3744b90975abdb28851) Importer(815301076,1909f56bfc062723c751e8b465ee728b)  -> (artifact id: '8dab1614f4e45a236c867bdb91b2cbb6') in 0.003795 seconds 
Editor requested this worker to shutdown with reason: Scaling down because of idle timeout
AssetImportWorker is now disconnected from the server
Process exiting
Exiting without the bug reporter. Application will terminate with return code 0