Using pre-set license
Built from '2021.3/staging' branch; Version is '2021.3.6f1 (7da38d85baf6) revision 8233869'; Using compiler version '192829333'; Build Type 'Release'
OS: 'Windows 10  (10.0.19043) 64bit Core' Language: 'en' Physical Memory: 16169 MB
BatchMode: 1, IsHumanControllingUs: 0, StartBugReporterOnCrash: 0, Is64bit: 1, IsPro: 1

COMMAND LINE ARGUMENTS:
C:\Program Files\Unity\Hub\Editor\2021.3.6f1\Editor\Unity.exe
-adb2
-batchMode
-noUpm
-name
AssetImportWorker4
-projectPath
C:/Users/adems/Downloads/15.11 SPACE/SPACE/New Unity Project (2)
-logFile
Logs/AssetImportWorker4.log
-srvPort
53188
Successfully changed project path to: C:/Users/adems/Downloads/15.11 SPACE/SPACE/New Unity Project (2)
C:/Users/adems/Downloads/15.11 SPACE/SPACE/New Unity Project (2)
[UnityMemory] Configuration Parameters - Can be set up in boot.config
    "memorysetup-bucket-allocator-granularity=16"
    "memorysetup-bucket-allocator-bucket-count=8"
    "memorysetup-bucket-allocator-block-size=33554432"
    "memorysetup-bucket-allocator-block-count=8"
    "memorysetup-main-allocator-block-size=16777216"
    "memorysetup-thread-allocator-block-size=16777216"
    "memorysetup-gfx-main-allocator-block-size=16777216"
    "memorysetup-gfx-thread-allocator-block-size=16777216"
    "memorysetup-cache-allocator-block-size=4194304"
    "memorysetup-typetree-allocator-block-size=2097152"
    "memorysetup-profiler-bucket-allocator-granularity=16"
    "memorysetup-profiler-bucket-allocator-bucket-count=8"
    "memorysetup-profiler-bucket-allocator-block-size=33554432"
    "memorysetup-profiler-bucket-allocator-block-count=8"
    "memorysetup-profiler-allocator-block-size=16777216"
    "memorysetup-profiler-editor-allocator-block-size=1048576"
    "memorysetup-temp-allocator-size-main=16777216"
    "memorysetup-job-temp-allocator-block-size=2097152"
    "memorysetup-job-temp-allocator-block-size-background=1048576"
    "memorysetup-job-temp-allocator-reduction-small-platforms=262144"
    "memorysetup-temp-allocator-size-background-worker=32768"
    "memorysetup-temp-allocator-size-job-worker=262144"
    "memorysetup-temp-allocator-size-preload-manager=33554432"
    "memorysetup-temp-allocator-size-nav-mesh-worker=65536"
    "memorysetup-temp-allocator-size-audio-worker=65536"
    "memorysetup-temp-allocator-size-cloud-worker=32768"
    "memorysetup-temp-allocator-size-gi-baking-worker=262144"
    "memorysetup-temp-allocator-size-gfx=262144"
Refreshing native plugins compatible for Editor in 110.38 ms, found 3 plugins.
Preloading 0 native plugins for Editor in 0.00 ms.
Initialize engine version: 2021.3.6f1 (7da38d85baf6)
[Subsystems] Discovering subsystems at path C:/Program Files/Unity/Hub/Editor/2021.3.6f1/Editor/Data/Resources/UnitySubsystems
[Subsystems] Discovering subsystems at path C:/Users/adems/Downloads/15.11 SPACE/SPACE/New Unity Project (2)/Assets
GfxDevice: creating device client; threaded=0; jobified=0
Direct3D:
    Version:  Direct3D 11.0 [level 11.1]
    Renderer: NVIDIA GeForce GTX 1660 Ti (ID=0x2191)
    Vendor:   NVIDIA
    VRAM:     5991 MB
    Driver:   30.0.15.1278
Initialize mono
Mono path[0] = 'C:/Program Files/Unity/Hub/Editor/2021.3.6f1/Editor/Data/Managed'
Mono path[1] = 'C:/Program Files/Unity/Hub/Editor/2021.3.6f1/Editor/Data/MonoBleedingEdge/lib/mono/unityjit-win32'
Mono config path = 'C:/Program Files/Unity/Hub/Editor/2021.3.6f1/Editor/Data/MonoBleedingEdge/etc'
Using monoOptions --debugger-agent=transport=dt_socket,embedding=1,server=y,suspend=n,address=127.0.0.1:56180
Begin MonoManager ReloadAssembly
Registering precompiled unity dll's ...
Register platform support module: C:/Program Files/Unity/Hub/Editor/2021.3.6f1/Editor/Data/PlaybackEngines/WindowsStandaloneSupport/UnityEditor.WindowsStandalone.Extensions.dll
Registered in 0.012142 seconds.
Native extension for WindowsStandalone target not found
Refreshing native plugins compatible for Editor in 105.10 ms, found 3 plugins.
Preloading 0 native plugins for Editor in 0.00 ms.
Mono: successfully reloaded assembly
- Completed reload, in  0.806 seconds
Domain Reload Profiling:
	ReloadAssembly (807ms)
		BeginReloadAssembly (102ms)
			ExecutionOrderSort (0ms)
			DisableScriptedObjects (0ms)
			BackupInstance (0ms)
			ReleaseScriptingObjects (0ms)
			CreateAndSetChildDomain (1ms)
		EndReloadAssembly (569ms)
			LoadAssemblies (98ms)
			RebuildTransferFunctionScriptingTraits (0ms)
			SetupTypeCache (134ms)
			ReleaseScriptCaches (0ms)
			RebuildScriptCaches (33ms)
			SetupLoadedEditorAssemblies (328ms)
				LogAssemblyErrors (0ms)
				InitializePlatformSupportModulesInManaged (10ms)
				SetLoadedEditorAssemblies (0ms)
				RefreshPlugins (105ms)
				BeforeProcessingInitializeOnLoad (1ms)
				ProcessInitializeOnLoadAttributes (158ms)
				ProcessInitializeOnLoadMethodAttributes (53ms)
				AfterProcessingInitializeOnLoad (0ms)
				EditorAssembliesLoaded (0ms)
			ExecutionOrderSort2 (0ms)
			AwakeInstancesAfterBackupRestoration (0ms)
Platform modules already initialized, skipping
Registering precompiled user dll's ...
Registered in 0.012024 seconds.
Begin MonoManager ReloadAssembly
Symbol file LoadedFromMemory doesn't match image C:\Users\adems\Downloads\15.11 SPACE\SPACE\New Unity Project (2)\Library\PackageCache\com.unity.visualscripting@1.7.8\Editor\VisualScripting.Core\Dependencies\YamlDotNet\Unity.VisualScripting.YamlDotNet.dll
Symbol file LoadedFromMemory doesn't match image C:\Users\adems\Downloads\15.11 SPACE\SPACE\New Unity Project (2)\Library\PackageCache\com.unity.visualscripting@1.7.8\Editor\VisualScripting.Core\Dependencies\DotNetZip\Unity.VisualScripting.IonicZip.dll
Native extension for WindowsStandalone target not found
Refreshing native plugins compatible for Editor in 0.56 ms, found 3 plugins.
Preloading 0 native plugins for Editor in 0.00 ms.
Mono: successfully reloaded assembly
- Completed reload, in  1.279 seconds
Domain Reload Profiling:
	ReloadAssembly (1281ms)
		BeginReloadAssembly (147ms)
			ExecutionOrderSort (0ms)
			DisableScriptedObjects (6ms)
			BackupInstance (0ms)
			ReleaseScriptingObjects (0ms)
			CreateAndSetChildDomain (20ms)
		EndReloadAssembly (989ms)
			LoadAssemblies (122ms)
			RebuildTransferFunctionScriptingTraits (0ms)
			SetupTypeCache (329ms)
			ReleaseScriptCaches (1ms)
			RebuildScriptCaches (57ms)
			SetupLoadedEditorAssemblies (438ms)
				LogAssemblyErrors (0ms)
				InitializePlatformSupportModulesInManaged (9ms)
				SetLoadedEditorAssemblies (1ms)
				RefreshPlugins (1ms)
				BeforeProcessingInitializeOnLoad (116ms)
				ProcessInitializeOnLoadAttributes (266ms)
				ProcessInitializeOnLoadMethodAttributes (31ms)
				AfterProcessingInitializeOnLoad (14ms)
				EditorAssembliesLoaded (0ms)
			ExecutionOrderSort2 (0ms)
			AwakeInstancesAfterBackupRestoration (6ms)
Platform modules already initialized, skipping
========================================================================
Worker process is ready to serve import requests
Launched and connected shader compiler UnityShaderCompiler.exe after 0.05 seconds
Refreshing native plugins compatible for Editor in 0.60 ms, found 3 plugins.
Preloading 0 native plugins for Editor in 0.00 ms.
Unloading 3375 Unused Serialized files (Serialized files now loaded: 0)
Unloading 27 unused Assets / (111.0 KB). Loaded Objects now: 3833.
Memory consumption went from 116.1 MB to 116.0 MB.
Total: 3.790700 ms (FindLiveObjects: 0.291200 ms CreateObjectMapping: 0.230400 ms MarkObjects: 3.160400 ms  DeleteObjects: 0.107900 ms)

AssetImportParameters requested are different than current active one (requested -> active):
  custom:video-decoder-ogg-theora: a1e56fd34408186e4bbccfd4996cb3dc -> 
  custom:container-muxer-webm: aa71ff27fc2769a1b78a27578f13a17b -> 
  custom:container-demuxer-webm: 4f35f7cbe854078d1ac9338744f61a02 -> 
  custom:video-encoder-webm-vp8: eb34c28f22e8b96e1ab97ce403110664 -> 
  custom:video-codec-MediaFoundation-h265: 746d11721c4dcdbdad8f713fa42b33f4 -> 
  custom:audio-encoder-webm-vorbis: bf7c407c2cedff20999df2af8eb42d56 -> 
  custom:framework-win-MediaFoundation: 216162199b28c13a410421893ffa2e32 -> 
  custom:container-demuxer-ogg: 62fdf1f143b41e24485cea50d1cbac27 -> 
  custom:video-decoder-webm-vp8: 9c59270c3fd7afecdb556c50c9e8de78 -> 
  custom:audio-decoder-ogg-vorbis: bf7c407c2cedff20999df2af8eb42d56 -> 
========================================================================
Received Import Request.
  Time since last request: 514273.915447 seconds.
  path: Assets/Images/Sprites/Power Down/Internet Blackout.png
  artifactKey: Guid(355533df70deeda468f5d020f22e3617) Importer(815301076,1909f56bfc062723c751e8b465ee728b)
Start importing Assets/Images/Sprites/Power Down/Internet Blackout.png using Guid(355533df70deeda468f5d020f22e3617) Importer(815301076,1909f56bfc062723c751e8b465ee728b)  -> (artifact id: 'e25bde0b2ebf8e38af82fb6f4b61b48b') in 0.167211 seconds 
========================================================================
Received Import Request.
  Time since last request: 16.218856 seconds.
  path: Assets/Images/Sprites/Power Down/Prices you cannot complete at.png
  artifactKey: Guid(8576155ba72456b4eae3ed601babb0e9) Importer(815301076,1909f56bfc062723c751e8b465ee728b)
Start importing Assets/Images/Sprites/Power Down/Prices you cannot complete at.png using Guid(8576155ba72456b4eae3ed601babb0e9) Importer(815301076,1909f56bfc062723c751e8b465ee728b)  -> (artifact id: '74482c77032a78bdee762c6c1b78e76b') in 0.015619 seconds 
========================================================================
Received Import Request.
  Time since last request: 6.131951 seconds.
  path: Assets/Images/Sprites/Power Down/Universal Minimum wage.png
  artifactKey: Guid(43acd539d57407b428a1b9c7ea012ef9) Importer(815301076,1909f56bfc062723c751e8b465ee728b)
Start importing Assets/Images/Sprites/Power Down/Universal Minimum wage.png using Guid(43acd539d57407b428a1b9c7ea012ef9) Importer(815301076,1909f56bfc062723c751e8b465ee728b)  -> (artifact id: '1db23d20fbb9fafcbbb3448be435d406') in 0.013497 seconds 
========================================================================
Received Import Request.
  Time since last request: 40.338114 seconds.
  path: Assets/Scenes/Scene/Equipment
  artifactKey: Guid(16dbe794a4a4233449efbd05ade0902e) Importer(815301076,1909f56bfc062723c751e8b465ee728b)
Start importing Assets/Scenes/Scene/Equipment using Guid(16dbe794a4a4233449efbd05ade0902e) Importer(815301076,1909f56bfc062723c751e8b465ee728b)  -> (artifact id: 'eab6596bc2de648e14cce571730f2250') in 0.018927 seconds 
========================================================================
Received Import Request.
  Time since last request: 0.779078 seconds.
  path: Assets/Scenes/Scene/Equipment/Equipment0.unity
  artifactKey: Guid(2e4872eba11f22040b36e8a04dcef0e9) Importer(815301076,1909f56bfc062723c751e8b465ee728b)
Start importing Assets/Scenes/Scene/Equipment/Equipment0.unity using Guid(2e4872eba11f22040b36e8a04dcef0e9) Importer(815301076,1909f56bfc062723c751e8b465ee728b)  -> (artifact id: 'e3410026cb16d8968c435a1859b7ab1e') in 0.009937 seconds 
========================================================================
Received Import Request.
  Time since last request: 26.031111 seconds.
  path: Assets/Images/Loss Screens/Equipment 0 background.png
  artifactKey: Guid(8286885ccfbb05748bab13da5d7735d3) Importer(815301076,1909f56bfc062723c751e8b465ee728b)
Start importing Assets/Images/Loss Screens/Equipment 0 background.png using Guid(8286885ccfbb05748bab13da5d7735d3) Importer(815301076,1909f56bfc062723c751e8b465ee728b)  -> (artifact id: '7fc7aeae6a82a57dfb875ad9c061db27') in 0.096556 seconds 
========================================================================
Received Prepare
Registering precompiled user dll's ...
Registered in 0.011658 seconds.
Begin MonoManager ReloadAssembly
Symbol file LoadedFromMemory doesn't match image C:\Users\adems\Downloads\15.11 SPACE\SPACE\New Unity Project (2)\Library\PackageCache\com.unity.visualscripting@1.7.8\Editor\VisualScripting.Core\Dependencies\YamlDotNet\Unity.VisualScripting.YamlDotNet.dll
Symbol file LoadedFromMemory doesn't match image C:\Users\adems\Downloads\15.11 SPACE\SPACE\New Unity Project (2)\Library\PackageCache\com.unity.visualscripting@1.7.8\Editor\VisualScripting.Core\Dependencies\DotNetZip\Unity.VisualScripting.IonicZip.dll
Native extension for WindowsStandalone target not found
Refreshing native plugins compatible for Editor in 0.63 ms, found 3 plugins.
Preloading 0 native plugins for Editor in 0.00 ms.
Mono: successfully reloaded assembly
- Completed reload, in  1.300 seconds
Domain Reload Profiling:
	ReloadAssembly (1300ms)
		BeginReloadAssembly (169ms)
			ExecutionOrderSort (0ms)
			DisableScriptedObjects (6ms)
			BackupInstance (0ms)
			ReleaseScriptingObjects (0ms)
			CreateAndSetChildDomain (38ms)
		EndReloadAssembly (1003ms)
			LoadAssemblies (118ms)
			RebuildTransferFunctionScriptingTraits (0ms)
			SetupTypeCache (337ms)
			ReleaseScriptCaches (1ms)
			RebuildScriptCaches (46ms)
			SetupLoadedEditorAssemblies (455ms)
				LogAssemblyErrors (0ms)
				InitializePlatformSupportModulesInManaged (17ms)
				SetLoadedEditorAssemblies (1ms)
				RefreshPlugins (1ms)
				BeforeProcessingInitializeOnLoad (100ms)
				ProcessInitializeOnLoadAttributes (274ms)
				ProcessInitializeOnLoadMethodAttributes (42ms)
				AfterProcessingInitializeOnLoad (20ms)
				EditorAssembliesLoaded (0ms)
			ExecutionOrderSort2 (0ms)
			AwakeInstancesAfterBackupRestoration (9ms)
Platform modules already initialized, skipping
Refreshing native plugins compatible for Editor in 5.09 ms, found 3 plugins.
Preloading 0 native plugins for Editor in 0.00 ms.
Unloading 3370 Unused Serialized files (Serialized files now loaded: 0)
Unloading 20 unused Assets / (78.1 KB). Loaded Objects now: 3844.
Memory consumption went from 120.4 MB to 120.3 MB.
Total: 4.162700 ms (FindLiveObjects: 0.313400 ms CreateObjectMapping: 0.199800 ms MarkObjects: 3.554600 ms  DeleteObjects: 0.093900 ms)

AssetImportParameters requested are different than current active one (requested -> active):
  custom:video-decoder-ogg-theora: a1e56fd34408186e4bbccfd4996cb3dc -> 
  custom:container-muxer-webm: aa71ff27fc2769a1b78a27578f13a17b -> 
  custom:container-demuxer-webm: 4f35f7cbe854078d1ac9338744f61a02 -> 
  custom:video-encoder-webm-vp8: eb34c28f22e8b96e1ab97ce403110664 -> 
  custom:video-codec-MediaFoundation-h265: 746d11721c4dcdbdad8f713fa42b33f4 -> 
  custom:audio-encoder-webm-vorbis: bf7c407c2cedff20999df2af8eb42d56 -> 
  custom:framework-win-MediaFoundation: 216162199b28c13a410421893ffa2e32 -> 
  custom:container-demuxer-ogg: 62fdf1f143b41e24485cea50d1cbac27 -> 
  custom:video-decoder-webm-vp8: 9c59270c3fd7afecdb556c50c9e8de78 -> 
  custom:audio-decoder-ogg-vorbis: bf7c407c2cedff20999df2af8eb42d56 -> 
========================================================================
Received Import Request.
  Time since last request: 33.195039 seconds.
  path: Assets/Images/Loss Screens/Equipment 100 background.png
  artifactKey: Guid(92b4f0ebb266d76428f437adc8043d33) Importer(815301076,1909f56bfc062723c751e8b465ee728b)
Start importing Assets/Images/Loss Screens/Equipment 100 background.png using Guid(92b4f0ebb266d76428f437adc8043d33) Importer(815301076,1909f56bfc062723c751e8b465ee728b)  -> (artifact id: '05863788982d7f64e3a148bdd09c4dd6') in 0.141870 seconds 
========================================================================
Received Import Request.
  Time since last request: 8.835047 seconds.
  path: Assets/Images/Loss Screens/Money 0 background.png
  artifactKey: Guid(a6c793fcc2168984f97a5e4b7f605a4c) Importer(815301076,1909f56bfc062723c751e8b465ee728b)
Start importing Assets/Images/Loss Screens/Money 0 background.png using Guid(a6c793fcc2168984f97a5e4b7f605a4c) Importer(815301076,1909f56bfc062723c751e8b465ee728b)  -> (artifact id: '07c427441ce626362f8b588a626921f8') in 0.073892 seconds 
========================================================================
Received Import Request.
  Time since last request: 9.195598 seconds.
  path: Assets/Images/Loss Screens/Money 100 background.png
  artifactKey: Guid(187680770740fd14fb4ce43b7b1fcced) Importer(815301076,1909f56bfc062723c751e8b465ee728b)
Start importing Assets/Images/Loss Screens/Money 100 background.png using Guid(187680770740fd14fb4ce43b7b1fcced) Importer(815301076,1909f56bfc062723c751e8b465ee728b)  -> (artifact id: 'fec45b55c0cb97c96d973ea22b2d2254') in 0.092603 seconds 
========================================================================
Received Import Request.
  Time since last request: 6.203023 seconds.
  path: Assets/Images/Loss Screens/Popularity 0 background.png
  artifactKey: Guid(0c4c0eb7c46f5c747a109fc87b5243be) Importer(815301076,1909f56bfc062723c751e8b465ee728b)
Start importing Assets/Images/Loss Screens/Popularity 0 background.png using Guid(0c4c0eb7c46f5c747a109fc87b5243be) Importer(815301076,1909f56bfc062723c751e8b465ee728b)  -> (artifact id: 'f08d36f5419b5653319ac8106e0439c1') in 0.089321 seconds 
========================================================================
Received Import Request.
  Time since last request: 8.000510 seconds.
  path: Assets/Images/Loss Screens/Popularity 100 background.png
  artifactKey: Guid(851064af48a4ebb41898aa8d54e54143) Importer(815301076,1909f56bfc062723c751e8b465ee728b)
Start importing Assets/Images/Loss Screens/Popularity 100 background.png using Guid(851064af48a4ebb41898aa8d54e54143) Importer(815301076,1909f56bfc062723c751e8b465ee728b)  -> (artifact id: 'ebd4194f6ca11ad7b1ad25e1e0e57ba6') in 0.086406 seconds 
========================================================================
Received Import Request.
  Time since last request: 6.416178 seconds.
  path: Assets/Images/Loss Screens/Quality 0 background.png
  artifactKey: Guid(9ff3f4b37780f944f8df6397f038343c) Importer(815301076,1909f56bfc062723c751e8b465ee728b)
Start importing Assets/Images/Loss Screens/Quality 0 background.png using Guid(9ff3f4b37780f944f8df6397f038343c) Importer(815301076,1909f56bfc062723c751e8b465ee728b)  -> (artifact id: '37982404f78ea90d817e18ccf05625ee') in 0.080340 seconds 
========================================================================
Received Import Request.
  Time since last request: 5.331706 seconds.
  path: Assets/Images/Loss Screens/Quality 100.png
  artifactKey: Guid(02a259241e22bd042b333a90616612f0) Importer(815301076,1909f56bfc062723c751e8b465ee728b)
Start importing Assets/Images/Loss Screens/Quality 100.png using Guid(02a259241e22bd042b333a90616612f0) Importer(815301076,1909f56bfc062723c751e8b465ee728b)  -> (artifact id: 'c08d0b125cf7118c85e327d3a6c36da3') in 0.092450 seconds 
========================================================================
Received Import Request.
  Time since last request: 5.476859 seconds.
  path: Assets/Images/Loss Screens/Staff 100 background.png
  artifactKey: Guid(38079159a0f3ecc43897b39407172c12) Importer(815301076,1909f56bfc062723c751e8b465ee728b)
Start importing Assets/Images/Loss Screens/Staff 100 background.png using Guid(38079159a0f3ecc43897b39407172c12) Importer(815301076,1909f56bfc062723c751e8b465ee728b)  -> (artifact id: '832f4a9fe06b939fff591f35777dfc2d') in 0.080522 seconds 
========================================================================
Received Import Request.
  Time since last request: 9.643735 seconds.
  path: Assets/Scenes/Scene/Equipment/Equipment100.unity
  artifactKey: Guid(66c7f881cb1817d49b78b9d46de22d08) Importer(815301076,1909f56bfc062723c751e8b465ee728b)
Start importing Assets/Scenes/Scene/Equipment/Equipment100.unity using Guid(66c7f881cb1817d49b78b9d46de22d08) Importer(815301076,1909f56bfc062723c751e8b465ee728b)  -> (artifact id: 'cd85b0250443945f09166489e8204f7d') in 0.008533 seconds 
========================================================================
Received Import Request.
  Time since last request: 29.093151 seconds.
  path: Assets/Scenes/Scene/Money/Money0.unity
  artifactKey: Guid(a7c89d8501bf4ec43a258c678ce1a34a) Importer(815301076,1909f56bfc062723c751e8b465ee728b)
Start importing Assets/Scenes/Scene/Money/Money0.unity using Guid(a7c89d8501bf4ec43a258c678ce1a34a) Importer(815301076,1909f56bfc062723c751e8b465ee728b)  -> (artifact id: '9431a3a4686e9d01cd81b57156289de5') in 0.009274 seconds 
========================================================================
Received Import Request.
  Time since last request: 29.710048 seconds.
  path: Assets/Scenes/Scene/Money/Money100.unity
  artifactKey: Guid(0202c10727641a84895acdef9c5aa32c) Importer(815301076,1909f56bfc062723c751e8b465ee728b)
Start importing Assets/Scenes/Scene/Money/Money100.unity using Guid(0202c10727641a84895acdef9c5aa32c) Importer(815301076,1909f56bfc062723c751e8b465ee728b)  -> (artifact id: '97857a5f61c24be0c11ddbf90035d418') in 0.019083 seconds 
========================================================================
Received Import Request.
  Time since last request: 25.870992 seconds.
  path: Assets/Scenes/Scene/Popularity
  artifactKey: Guid(840c09c56e3a64b4f93c2d2e91b87cb1) Importer(815301076,1909f56bfc062723c751e8b465ee728b)
Start importing Assets/Scenes/Scene/Popularity using Guid(840c09c56e3a64b4f93c2d2e91b87cb1) Importer(815301076,1909f56bfc062723c751e8b465ee728b)  -> (artifact id: '66e2a679229989e88fbcd163a93a402c') in 0.018912 seconds 
========================================================================
Received Import Request.
  Time since last request: 0.811806 seconds.
  path: Assets/Scenes/Scene/Popularity/Popularity0.unity
  artifactKey: Guid(7647874429007434592138f389c461a2) Importer(815301076,1909f56bfc062723c751e8b465ee728b)
Start importing Assets/Scenes/Scene/Popularity/Popularity0.unity using Guid(7647874429007434592138f389c461a2) Importer(815301076,1909f56bfc062723c751e8b465ee728b)  -> (artifact id: '971eef039bbf689ba196750cba9e837a') in 0.016381 seconds 
========================================================================
Received Import Request.
  Time since last request: 25.587193 seconds.
  path: Assets/Scenes/Scene/Popularity/Popularity100.unity
  artifactKey: Guid(96bc94b300e4d64459d6ebf0a19914dc) Importer(815301076,1909f56bfc062723c751e8b465ee728b)
Start importing Assets/Scenes/Scene/Popularity/Popularity100.unity using Guid(96bc94b300e4d64459d6ebf0a19914dc) Importer(815301076,1909f56bfc062723c751e8b465ee728b)  -> (artifact id: 'f17180f0ae19c4bca46183fb654bf860') in 0.010046 seconds 
========================================================================
Received Import Request.
  Time since last request: 29.644297 seconds.
  path: Assets/Scenes/Scene/Quality
  artifactKey: Guid(9d3a829e06674ce4da10b529d715998e) Importer(815301076,1909f56bfc062723c751e8b465ee728b)
Start importing Assets/Scenes/Scene/Quality using Guid(9d3a829e06674ce4da10b529d715998e) Importer(815301076,1909f56bfc062723c751e8b465ee728b)  -> (artifact id: '2fe64cf38329ab6ea9cca656d416ca14') in 0.019332 seconds 
========================================================================
Received Import Request.
  Time since last request: 0.982744 seconds.
  path: Assets/Scenes/Scene/Quality/Quality0.unity
  artifactKey: Guid(49901c5494312f84a83fdf45ebd31d81) Importer(815301076,1909f56bfc062723c751e8b465ee728b)
Start importing Assets/Scenes/Scene/Quality/Quality0.unity using Guid(49901c5494312f84a83fdf45ebd31d81) Importer(815301076,1909f56bfc062723c751e8b465ee728b)  -> (artifact id: 'c0c2ddf86cb3af48901e01013d1457bb') in 0.018920 seconds 
========================================================================
Received Import Request.
  Time since last request: 29.884617 seconds.
  path: Assets/Scenes/Scene/Quality/Quality100.unity
  artifactKey: Guid(4dece6ff89128e247a1b4bceb9a81fc5) Importer(815301076,1909f56bfc062723c751e8b465ee728b)
Start importing Assets/Scenes/Scene/Quality/Quality100.unity using Guid(4dece6ff89128e247a1b4bceb9a81fc5) Importer(815301076,1909f56bfc062723c751e8b465ee728b)  -> (artifact id: '644c1d6038f10e865bdbe143b0bf1c68') in 0.019442 seconds 
========================================================================
Received Import Request.
  Time since last request: 37.535859 seconds.
  path: Assets/Scenes/Scene/Staff/Staff0.unity
  artifactKey: Guid(489913a656ee61446aec0936507f21c2) Importer(815301076,1909f56bfc062723c751e8b465ee728b)
Start importing Assets/Scenes/Scene/Staff/Staff0.unity using Guid(489913a656ee61446aec0936507f21c2) Importer(815301076,1909f56bfc062723c751e8b465ee728b)  -> (artifact id: '016ce8647cfcdda78e29afa46ddf7865') in 0.009193 seconds 
========================================================================
Received Import Request.
  Time since last request: 20.696510 seconds.
  path: Assets/Scenes/Scene/Staff/Staff100.unity
  artifactKey: Guid(3579ddcf8cf91aa49b12e73f30e139c3) Importer(815301076,1909f56bfc062723c751e8b465ee728b)
Start importing Assets/Scenes/Scene/Staff/Staff100.unity using Guid(3579ddcf8cf91aa49b12e73f30e139c3) Importer(815301076,1909f56bfc062723c751e8b465ee728b)  -> (artifact id: 'c80b628a01f1ac0082e3bc7b965c4ec6') in 0.018882 seconds 
========================================================================
Received Import Request.
  Time since last request: 26.047824 seconds.
  path: Assets/Scenes/Scene/Staff/Staff0.unity
  artifactKey: Guid(489913a656ee61446aec0936507f21c2) Importer(815301076,1909f56bfc062723c751e8b465ee728b)
Start importing Assets/Scenes/Scene/Staff/Staff0.unity using Guid(489913a656ee61446aec0936507f21c2) Importer(815301076,1909f56bfc062723c751e8b465ee728b)  -> (artifact id: '503d86a62412270998b990400980ea1c') in 0.002200 seconds 
========================================================================
Received Import Request.
  Time since last request: 4.703617 seconds.
  path: Assets/Scenes/Scene/Scene 1.unity
  artifactKey: Guid(9fc0d4010bbf28b4594072e72b8655ab) Importer(815301076,1909f56bfc062723c751e8b465ee728b)
Start importing Assets/Scenes/Scene/Scene 1.unity using Guid(9fc0d4010bbf28b4594072e72b8655ab) Importer(815301076,1909f56bfc062723c751e8b465ee728b)  -> (artifact id: '4aab224435792b83f7ae5333f45344ea') in 0.008882 seconds 
========================================================================
Received Import Request.
  Time since last request: 47.970174 seconds.
  path: Assets/Scenes/Scene/Popularity/Popularity0.unity
  artifactKey: Guid(7647874429007434592138f389c461a2) Importer(815301076,1909f56bfc062723c751e8b465ee728b)
Start importing Assets/Scenes/Scene/Popularity/Popularity0.unity using Guid(7647874429007434592138f389c461a2) Importer(815301076,1909f56bfc062723c751e8b465ee728b)  -> (artifact id: '18ecd140e59a2132f0b433a45495fded') in 0.008792 seconds 
========================================================================
Received Import Request.
  Time since last request: 84.213723 seconds.
  path: Assets/Scenes/Scene/Popularity/Popularity100.unity
  artifactKey: Guid(96bc94b300e4d64459d6ebf0a19914dc) Importer(815301076,1909f56bfc062723c751e8b465ee728b)
Start importing Assets/Scenes/Scene/Popularity/Popularity100.unity using Guid(96bc94b300e4d64459d6ebf0a19914dc) Importer(815301076,1909f56bfc062723c751e8b465ee728b)  -> (artifact id: '39bcff06227f7ca68fc4dc42bc9ca657') in 0.007784 seconds 
========================================================================
Received Import Request.
  Time since last request: 47.064032 seconds.
  path: Assets/Scenes/Scene/Equipment/Equipment0.unity
  artifactKey: Guid(2e4872eba11f22040b36e8a04dcef0e9) Importer(815301076,1909f56bfc062723c751e8b465ee728b)
Start importing Assets/Scenes/Scene/Equipment/Equipment0.unity using Guid(2e4872eba11f22040b36e8a04dcef0e9) Importer(815301076,1909f56bfc062723c751e8b465ee728b)  -> (artifact id: '236f9182253ae58ca9933bc766ca7573') in 0.002139 seconds 
========================================================================
Received Import Request.
  Time since last request: 41.644526 seconds.
  path: Assets/Scenes/Scene/Equipment/Equipment100.unity
  artifactKey: Guid(66c7f881cb1817d49b78b9d46de22d08) Importer(815301076,1909f56bfc062723c751e8b465ee728b)
Start importing Assets/Scenes/Scene/Equipment/Equipment100.unity using Guid(66c7f881cb1817d49b78b9d46de22d08) Importer(815301076,1909f56bfc062723c751e8b465ee728b)  -> (artifact id: 'b08db8386f7cbd1ede9db7391f3115ac') in 0.007558 seconds 
========================================================================
Received Import Request.
  Time since last request: 251.764538 seconds.
  path: Assets/Scenes/Scene/Money/Money0.unity
  artifactKey: Guid(a7c89d8501bf4ec43a258c678ce1a34a) Importer(815301076,1909f56bfc062723c751e8b465ee728b)
Start importing Assets/Scenes/Scene/Money/Money0.unity using Guid(a7c89d8501bf4ec43a258c678ce1a34a) Importer(815301076,1909f56bfc062723c751e8b465ee728b)  -> (artifact id: 'd733db399cf7e9b1a4bf44dcfdaa7426') in 0.007945 seconds 
========================================================================
Received Import Request.
  Time since last request: 146.103906 seconds.
  path: Assets/Scenes/Scene/Money/Money100.unity
  artifactKey: Guid(0202c10727641a84895acdef9c5aa32c) Importer(815301076,1909f56bfc062723c751e8b465ee728b)
Start importing Assets/Scenes/Scene/Money/Money100.unity using Guid(0202c10727641a84895acdef9c5aa32c) Importer(815301076,1909f56bfc062723c751e8b465ee728b)  -> (artifact id: '56475812ec7e909074262667c1be1cb9') in 0.008763 seconds 
========================================================================
Received Import Request.
  Time since last request: 67.899337 seconds.
  path: Assets/Scenes/Scene/Popularity/Popularity0.unity
  artifactKey: Guid(7647874429007434592138f389c461a2) Importer(815301076,1909f56bfc062723c751e8b465ee728b)
Start importing Assets/Scenes/Scene/Popularity/Popularity0.unity using Guid(7647874429007434592138f389c461a2) Importer(815301076,1909f56bfc062723c751e8b465ee728b)  -> (artifact id: '9b15535e8d3856d74244a3af1de3b1ea') in 0.007115 seconds 
========================================================================
Received Import Request.
  Time since last request: 1.567574 seconds.
  path: Assets/Scenes/Scene/Popularity/Popularity100.unity
  artifactKey: Guid(96bc94b300e4d64459d6ebf0a19914dc) Importer(815301076,1909f56bfc062723c751e8b465ee728b)
Start importing Assets/Scenes/Scene/Popularity/Popularity100.unity using Guid(96bc94b300e4d64459d6ebf0a19914dc) Importer(815301076,1909f56bfc062723c751e8b465ee728b)  -> (artifact id: '64eb81a14c478f921beaef90202fe8bd') in 0.007231 seconds 
========================================================================
Received Import Request.
  Time since last request: 2.591529 seconds.
  path: Assets/Scenes/Scene/Quality/Quality0.unity
  artifactKey: Guid(49901c5494312f84a83fdf45ebd31d81) Importer(815301076,1909f56bfc062723c751e8b465ee728b)
Start importing Assets/Scenes/Scene/Quality/Quality0.unity using Guid(49901c5494312f84a83fdf45ebd31d81) Importer(815301076,1909f56bfc062723c751e8b465ee728b)  -> (artifact id: '0880f19fe603be94ef51025c2c3b965f') in 0.007539 seconds 
========================================================================
Received Import Request.
  Time since last request: 45.004561 seconds.
  path: Assets/Scenes/Scene/Quality/Quality100.unity
  artifactKey: Guid(4dece6ff89128e247a1b4bceb9a81fc5) Importer(815301076,1909f56bfc062723c751e8b465ee728b)
Start importing Assets/Scenes/Scene/Quality/Quality100.unity using Guid(4dece6ff89128e247a1b4bceb9a81fc5) Importer(815301076,1909f56bfc062723c751e8b465ee728b)  -> (artifact id: '680ab28823ef3ec6fb42e66a55b73996') in 0.007262 seconds 
========================================================================
Received Import Request.
  Time since last request: 59.389054 seconds.
  path: Assets/Scenes/Scene/Staff/Staff100.unity
  artifactKey: Guid(3579ddcf8cf91aa49b12e73f30e139c3) Importer(815301076,1909f56bfc062723c751e8b465ee728b)
Start importing Assets/Scenes/Scene/Staff/Staff100.unity using Guid(3579ddcf8cf91aa49b12e73f30e139c3) Importer(815301076,1909f56bfc062723c751e8b465ee728b)  -> (artifact id: '6405cfe25c0685af830cd62f9d2969f1') in 0.008277 seconds 
========================================================================
Received Prepare
Registering precompiled user dll's ...
Registered in 0.012297 seconds.
Begin MonoManager ReloadAssembly
Symbol file LoadedFromMemory doesn't match image C:\Users\adems\Downloads\15.11 SPACE\SPACE\New Unity Project (2)\Library\PackageCache\com.unity.visualscripting@1.7.8\Editor\VisualScripting.Core\Dependencies\YamlDotNet\Unity.VisualScripting.YamlDotNet.dll
Symbol file LoadedFromMemory doesn't match image C:\Users\adems\Downloads\15.11 SPACE\SPACE\New Unity Project (2)\Library\PackageCache\com.unity.visualscripting@1.7.8\Editor\VisualScripting.Core\Dependencies\DotNetZip\Unity.VisualScripting.IonicZip.dll
Native extension for WindowsStandalone target not found
Refreshing native plugins compatible for Editor in 0.59 ms, found 3 plugins.
Preloading 0 native plugins for Editor in 0.00 ms.
Mono: successfully reloaded assembly
- Completed reload, in  1.272 seconds
Domain Reload Profiling:
	ReloadAssembly (1273ms)
		BeginReloadAssembly (171ms)
			ExecutionOrderSort (0ms)
			DisableScriptedObjects (6ms)
			BackupInstance (0ms)
			ReleaseScriptingObjects (0ms)
			CreateAndSetChildDomain (48ms)
		EndReloadAssembly (968ms)
			LoadAssemblies (115ms)
			RebuildTransferFunctionScriptingTraits (0ms)
			SetupTypeCache (353ms)
			ReleaseScriptCaches (1ms)
			RebuildScriptCaches (45ms)
			SetupLoadedEditorAssemblies (408ms)
				LogAssemblyErrors (0ms)
				InitializePlatformSupportModulesInManaged (16ms)
				SetLoadedEditorAssemblies (1ms)
				RefreshPlugins (1ms)
				BeforeProcessingInitializeOnLoad (93ms)
				ProcessInitializeOnLoadAttributes (254ms)
				ProcessInitializeOnLoadMethodAttributes (30ms)
				AfterProcessingInitializeOnLoad (15ms)
				EditorAssembliesLoaded (0ms)
			ExecutionOrderSort2 (0ms)
			AwakeInstancesAfterBackupRestoration (7ms)
Platform modules already initialized, skipping
Refreshing native plugins compatible for Editor in 2.48 ms, found 3 plugins.
Preloading 0 native plugins for Editor in 0.00 ms.
Unloading 3370 Unused Serialized files (Serialized files now loaded: 0)
Unloading 20 unused Assets / (78.3 KB). Loaded Objects now: 3847.
Memory consumption went from 120.4 MB to 120.3 MB.
Total: 5.178600 ms (FindLiveObjects: 0.399400 ms CreateObjectMapping: 0.337400 ms MarkObjects: 4.320300 ms  DeleteObjects: 0.120400 ms)

AssetImportParameters requested are different than current active one (requested -> active):
  custom:video-decoder-ogg-theora: a1e56fd34408186e4bbccfd4996cb3dc -> 
  custom:container-muxer-webm: aa71ff27fc2769a1b78a27578f13a17b -> 
  custom:container-demuxer-webm: 4f35f7cbe854078d1ac9338744f61a02 -> 
  custom:video-encoder-webm-vp8: eb34c28f22e8b96e1ab97ce403110664 -> 
  custom:video-codec-MediaFoundation-h265: 746d11721c4dcdbdad8f713fa42b33f4 -> 
  custom:audio-encoder-webm-vorbis: bf7c407c2cedff20999df2af8eb42d56 -> 
  custom:framework-win-MediaFoundation: 216162199b28c13a410421893ffa2e32 -> 
  custom:container-demuxer-ogg: 62fdf1f143b41e24485cea50d1cbac27 -> 
  custom:video-decoder-webm-vp8: 9c59270c3fd7afecdb556c50c9e8de78 -> 
  custom:audio-decoder-ogg-vorbis: bf7c407c2cedff20999df2af8eb42d56 -> 
========================================================================
Received Prepare
Registering precompiled user dll's ...
Registered in 0.013557 seconds.
Begin MonoManager ReloadAssembly
Symbol file LoadedFromMemory doesn't match image C:\Users\adems\Downloads\15.11 SPACE\SPACE\New Unity Project (2)\Library\PackageCache\com.unity.visualscripting@1.7.8\Editor\VisualScripting.Core\Dependencies\YamlDotNet\Unity.VisualScripting.YamlDotNet.dll
Symbol file LoadedFromMemory doesn't match image C:\Users\adems\Downloads\15.11 SPACE\SPACE\New Unity Project (2)\Library\PackageCache\com.unity.visualscripting@1.7.8\Editor\VisualScripting.Core\Dependencies\DotNetZip\Unity.VisualScripting.IonicZip.dll
Native extension for WindowsStandalone target not found
Refreshing native plugins compatible for Editor in 0.72 ms, found 3 plugins.
Preloading 0 native plugins for Editor in 0.00 ms.
Mono: successfully reloaded assembly
- Completed reload, in  1.294 seconds
Domain Reload Profiling:
	ReloadAssembly (1295ms)
		BeginReloadAssembly (163ms)
			ExecutionOrderSort (0ms)
			DisableScriptedObjects (7ms)
			BackupInstance (0ms)
			ReleaseScriptingObjects (0ms)
			CreateAndSetChildDomain (36ms)
		EndReloadAssembly (974ms)
			LoadAssemblies (125ms)
			RebuildTransferFunctionScriptingTraits (0ms)
			SetupTypeCache (326ms)
			ReleaseScriptCaches (1ms)
			RebuildScriptCaches (53ms)
			SetupLoadedEditorAssemblies (419ms)
				LogAssemblyErrors (0ms)
				InitializePlatformSupportModulesInManaged (18ms)
				SetLoadedEditorAssemblies (1ms)
				RefreshPlugins (1ms)
				BeforeProcessingInitializeOnLoad (96ms)
				ProcessInitializeOnLoadAttributes (254ms)
				ProcessInitializeOnLoadMethodAttributes (35ms)
				AfterProcessingInitializeOnLoad (14ms)
				EditorAssembliesLoaded (0ms)
			ExecutionOrderSort2 (0ms)
			AwakeInstancesAfterBackupRestoration (7ms)
Platform modules already initialized, skipping
Refreshing native plugins compatible for Editor in 3.10 ms, found 3 plugins.
Preloading 0 native plugins for Editor in 0.00 ms.
Unloading 3370 Unused Serialized files (Serialized files now loaded: 0)
Unloading 20 unused Assets / (78.3 KB). Loaded Objects now: 3850.
Memory consumption went from 120.4 MB to 120.3 MB.
Total: 3.804900 ms (FindLiveObjects: 0.275500 ms CreateObjectMapping: 0.208800 ms MarkObjects: 3.225900 ms  DeleteObjects: 0.093600 ms)

AssetImportParameters requested are different than current active one (requested -> active):
  custom:video-decoder-ogg-theora: a1e56fd34408186e4bbccfd4996cb3dc -> 
  custom:container-muxer-webm: aa71ff27fc2769a1b78a27578f13a17b -> 
  custom:container-demuxer-webm: 4f35f7cbe854078d1ac9338744f61a02 -> 
  custom:video-encoder-webm-vp8: eb34c28f22e8b96e1ab97ce403110664 -> 
  custom:video-codec-MediaFoundation-h265: 746d11721c4dcdbdad8f713fa42b33f4 -> 
  custom:audio-encoder-webm-vorbis: bf7c407c2cedff20999df2af8eb42d56 -> 
  custom:framework-win-MediaFoundation: 216162199b28c13a410421893ffa2e32 -> 
  custom:container-demuxer-ogg: 62fdf1f143b41e24485cea50d1cbac27 -> 
  custom:video-decoder-webm-vp8: 9c59270c3fd7afecdb556c50c9e8de78 -> 
  custom:audio-decoder-ogg-vorbis: bf7c407c2cedff20999df2af8eb42d56 -> 
