Using pre-set license
Built from '2021.3/staging' branch; Version is '2021.3.6f1 (7da38d85baf6) revision 8233869'; Using compiler version '192829333'; Build Type 'Release'
OS: 'Windows 10  (10.0.19044) 64bit Enterprise' Language: 'en' Physical Memory: 65237 MB
BatchMode: 1, IsHumanControllingUs: 0, StartBugReporterOnCrash: 0, Is64bit: 1, IsPro: 1

COMMAND LINE ARGUMENTS:
C:\Program Files\Unity\Hub\Editor\2021.3.6f1\Editor\Unity.exe
-adb2
-batchMode
-noUpm
-name
AssetImportWorker10
-projectPath
D:/AS3661/SPACE/21.11/SPACE_CodeAndVisualTest/New Unity Project (2)
-logFile
Logs/AssetImportWorker10.log
-srvPort
52256
Successfully changed project path to: D:/AS3661/SPACE/21.11/SPACE_CodeAndVisualTest/New Unity Project (2)
D:/AS3661/SPACE/21.11/SPACE_CodeAndVisualTest/New Unity Project (2)
[UnityMemory] Configuration Parameters - Can be set up in boot.config
    "memorysetup-bucket-allocator-granularity=16"
    "memorysetup-bucket-allocator-bucket-count=8"
    "memorysetup-bucket-allocator-block-size=33554432"
    "memorysetup-bucket-allocator-block-count=8"
    "memorysetup-main-allocator-block-size=16777216"
    "memorysetup-thread-allocator-block-size=16777216"
    "memorysetup-gfx-main-allocator-block-size=16777216"
    "memorysetup-gfx-thread-allocator-block-size=16777216"
    "memorysetup-cache-allocator-block-size=4194304"
    "memorysetup-typetree-allocator-block-size=2097152"
    "memorysetup-profiler-bucket-allocator-granularity=16"
    "memorysetup-profiler-bucket-allocator-bucket-count=8"
    "memorysetup-profiler-bucket-allocator-block-size=33554432"
    "memorysetup-profiler-bucket-allocator-block-count=8"
    "memorysetup-profiler-allocator-block-size=16777216"
    "memorysetup-profiler-editor-allocator-block-size=1048576"
    "memorysetup-temp-allocator-size-main=16777216"
    "memorysetup-job-temp-allocator-block-size=2097152"
    "memorysetup-job-temp-allocator-block-size-background=1048576"
    "memorysetup-job-temp-allocator-reduction-small-platforms=262144"
    "memorysetup-temp-allocator-size-background-worker=32768"
    "memorysetup-temp-allocator-size-job-worker=262144"
    "memorysetup-temp-allocator-size-preload-manager=33554432"
    "memorysetup-temp-allocator-size-nav-mesh-worker=65536"
    "memorysetup-temp-allocator-size-audio-worker=65536"
    "memorysetup-temp-allocator-size-cloud-worker=32768"
    "memorysetup-temp-allocator-size-gi-baking-worker=262144"
    "memorysetup-temp-allocator-size-gfx=262144"
Refreshing native plugins compatible for Editor in 94.10 ms, found 3 plugins.
Preloading 0 native plugins for Editor in 0.00 ms.
Initialize engine version: 2021.3.6f1 (7da38d85baf6)
[Subsystems] Discovering subsystems at path C:/Program Files/Unity/Hub/Editor/2021.3.6f1/Editor/Data/Resources/UnitySubsystems
[Subsystems] Discovering subsystems at path D:/AS3661/SPACE/21.11/SPACE_CodeAndVisualTest/New Unity Project (2)/Assets
GfxDevice: creating device client; threaded=0; jobified=0
Direct3D:
    Version:  Direct3D 11.0 [level 11.1]
    Renderer: NVIDIA GeForce GTX 1080 Ti (ID=0x1b06)
    Vendor:   NVIDIA
    VRAM:     11127 MB
    Driver:   31.0.15.1659
Initialize mono
Mono path[0] = 'C:/Program Files/Unity/Hub/Editor/2021.3.6f1/Editor/Data/Managed'
Mono path[1] = 'C:/Program Files/Unity/Hub/Editor/2021.3.6f1/Editor/Data/MonoBleedingEdge/lib/mono/unityjit-win32'
Mono config path = 'C:/Program Files/Unity/Hub/Editor/2021.3.6f1/Editor/Data/MonoBleedingEdge/etc'
Using monoOptions --debugger-agent=transport=dt_socket,embedding=1,server=y,suspend=n,address=127.0.0.1:56980
Begin MonoManager ReloadAssembly
Registering precompiled unity dll's ...
Register platform support module: C:/Program Files/Unity/Hub/Editor/2021.3.6f1/Editor/Data/PlaybackEngines/WebGLSupport/UnityEditor.WebGL.Extensions.dll
Register platform support module: C:/Program Files/Unity/Hub/Editor/2021.3.6f1/Editor/Data/PlaybackEngines/AndroidPlayer/UnityEditor.Android.Extensions.dll
Register platform support module: C:/Program Files/Unity/Hub/Editor/2021.3.6f1/Editor/Data/PlaybackEngines/WindowsStandaloneSupport/UnityEditor.WindowsStandalone.Extensions.dll
Registered in 0.011588 seconds.
Native extension for WindowsStandalone target not found
Native extension for Android target not found
Native extension for WebGL target not found
Refreshing native plugins compatible for Editor in 107.73 ms, found 3 plugins.
Preloading 0 native plugins for Editor in 0.00 ms.
Mono: successfully reloaded assembly
- Completed reload, in  0.767 seconds
Domain Reload Profiling:
	ReloadAssembly (768ms)
		BeginReloadAssembly (70ms)
			ExecutionOrderSort (0ms)
			DisableScriptedObjects (0ms)
			BackupInstance (0ms)
			ReleaseScriptingObjects (0ms)
			CreateAndSetChildDomain (1ms)
		EndReloadAssembly (587ms)
			LoadAssemblies (69ms)
			RebuildTransferFunctionScriptingTraits (0ms)
			SetupTypeCache (133ms)
			ReleaseScriptCaches (0ms)
			RebuildScriptCaches (27ms)
			SetupLoadedEditorAssemblies (366ms)
				LogAssemblyErrors (0ms)
				InitializePlatformSupportModulesInManaged (71ms)
				SetLoadedEditorAssemblies (2ms)
				RefreshPlugins (108ms)
				BeforeProcessingInitializeOnLoad (2ms)
				ProcessInitializeOnLoadAttributes (140ms)
				ProcessInitializeOnLoadMethodAttributes (44ms)
				AfterProcessingInitializeOnLoad (0ms)
				EditorAssembliesLoaded (0ms)
			ExecutionOrderSort2 (0ms)
			AwakeInstancesAfterBackupRestoration (0ms)
Platform modules already initialized, skipping
Registering precompiled user dll's ...
Registered in 0.004656 seconds.
Begin MonoManager ReloadAssembly
Symbol file LoadedFromMemory doesn't match image D:\AS3661\SPACE\21.11\SPACE_CodeAndVisualTest\New Unity Project (2)\Library\PackageCache\com.unity.visualscripting@1.7.8\Editor\VisualScripting.Core\Dependencies\YamlDotNet\Unity.VisualScripting.YamlDotNet.dll
Symbol file LoadedFromMemory doesn't match image D:\AS3661\SPACE\21.11\SPACE_CodeAndVisualTest\New Unity Project (2)\Library\PackageCache\com.unity.visualscripting@1.7.8\Editor\VisualScripting.Core\Dependencies\DotNetZip\Unity.VisualScripting.IonicZip.dll
Native extension for WindowsStandalone target not found
Native extension for Android target not found
Native extension for WebGL target not found
Refreshing native plugins compatible for Editor in 0.59 ms, found 3 plugins.
Preloading 0 native plugins for Editor in 0.00 ms.
Mono: successfully reloaded assembly
- Completed reload, in  1.288 seconds
Domain Reload Profiling:
	ReloadAssembly (1288ms)
		BeginReloadAssembly (233ms)
			ExecutionOrderSort (0ms)
			DisableScriptedObjects (5ms)
			BackupInstance (0ms)
			ReleaseScriptingObjects (0ms)
			CreateAndSetChildDomain (137ms)
		EndReloadAssembly (921ms)
			LoadAssemblies (88ms)
			RebuildTransferFunctionScriptingTraits (0ms)
			SetupTypeCache (331ms)
			ReleaseScriptCaches (1ms)
			RebuildScriptCaches (51ms)
			SetupLoadedEditorAssemblies (415ms)
				LogAssemblyErrors (0ms)
				InitializePlatformSupportModulesInManaged (15ms)
				SetLoadedEditorAssemblies (0ms)
				RefreshPlugins (1ms)
				BeforeProcessingInitializeOnLoad (100ms)
				ProcessInitializeOnLoadAttributes (260ms)
				ProcessInitializeOnLoadMethodAttributes (29ms)
				AfterProcessingInitializeOnLoad (9ms)
				EditorAssembliesLoaded (0ms)
			ExecutionOrderSort2 (0ms)
			AwakeInstancesAfterBackupRestoration (9ms)
Platform modules already initialized, skipping
========================================================================
Worker process is ready to serve import requests
Launched and connected shader compiler UnityShaderCompiler.exe after 0.04 seconds
Refreshing native plugins compatible for Editor in 0.64 ms, found 3 plugins.
Preloading 0 native plugins for Editor in 0.00 ms.
Unloading 3375 Unused Serialized files (Serialized files now loaded: 0)
Unloading 27 unused Assets / (110.8 KB). Loaded Objects now: 3835.
Memory consumption went from 116.2 MB to 116.1 MB.
Total: 3.477300 ms (FindLiveObjects: 0.348800 ms CreateObjectMapping: 0.201100 ms MarkObjects: 2.816600 ms  DeleteObjects: 0.110200 ms)

AssetImportParameters requested are different than current active one (requested -> active):
  custom:video-decoder-ogg-theora: a1e56fd34408186e4bbccfd4996cb3dc -> 
  custom:container-muxer-webm: aa71ff27fc2769a1b78a27578f13a17b -> 
  custom:container-demuxer-webm: 4f35f7cbe854078d1ac9338744f61a02 -> 
  custom:video-encoder-webm-vp8: eb34c28f22e8b96e1ab97ce403110664 -> 
  custom:audio-encoder-webm-vorbis: bf7c407c2cedff20999df2af8eb42d56 -> 
  custom:framework-win-MediaFoundation: 216162199b28c13a410421893ffa2e32 -> 
  custom:container-demuxer-ogg: 62fdf1f143b41e24485cea50d1cbac27 -> 
  custom:video-decoder-webm-vp8: 9c59270c3fd7afecdb556c50c9e8de78 -> 
  custom:audio-decoder-ogg-vorbis: bf7c407c2cedff20999df2af8eb42d56 -> 
========================================================================
Received Import Request.
  Time since last request: 24915.989510 seconds.
  path: Assets/Scripts/Data/2- Supply and Technical Deck/Situation 2.asset
  artifactKey: Guid(ccc03c0a4d21c174aaf998e36fa1e011) Importer(815301076,1909f56bfc062723c751e8b465ee728b)
Start importing Assets/Scripts/Data/2- Supply and Technical Deck/Situation 2.asset using Guid(ccc03c0a4d21c174aaf998e36fa1e011) Importer(815301076,1909f56bfc062723c751e8b465ee728b)  -> (artifact id: 'fab15faaa7c0cfd75fac17711cb84d77') in 0.045248 seconds 
========================================================================
Received Import Request.
  Time since last request: 0.000118 seconds.
  path: Assets/Scripts/Data/2- Supply and Technical Deck/Situation 3.asset
  artifactKey: Guid(7ebaf5f5cf4628e4fb36442124e7e274) Importer(815301076,1909f56bfc062723c751e8b465ee728b)
Start importing Assets/Scripts/Data/2- Supply and Technical Deck/Situation 3.asset using Guid(7ebaf5f5cf4628e4fb36442124e7e274) Importer(815301076,1909f56bfc062723c751e8b465ee728b)  -> (artifact id: '414fc85b47843b0679218111d3a463bd') in 0.002625 seconds 
========================================================================
Received Import Request.
  Time since last request: 0.004899 seconds.
  path: Assets/Scripts/Data/2- Supply and Technical Deck/Situation 12.asset
  artifactKey: Guid(c6be28dd2d7199d47a27589841d7a226) Importer(815301076,1909f56bfc062723c751e8b465ee728b)
Start importing Assets/Scripts/Data/2- Supply and Technical Deck/Situation 12.asset using Guid(c6be28dd2d7199d47a27589841d7a226) Importer(815301076,1909f56bfc062723c751e8b465ee728b)  -> (artifact id: 'b005d0ce90da777f47f4721aa12cc246') in 0.005097 seconds 
========================================================================
Received Import Request.
  Time since last request: 0.000035 seconds.
  path: Assets/Scripts/Data/2- Supply and Technical Deck/Situation 47.asset
  artifactKey: Guid(60f638c4af613c54fadb526cec8e2abb) Importer(815301076,1909f56bfc062723c751e8b465ee728b)
Start importing Assets/Scripts/Data/2- Supply and Technical Deck/Situation 47.asset using Guid(60f638c4af613c54fadb526cec8e2abb) Importer(815301076,1909f56bfc062723c751e8b465ee728b)  -> (artifact id: '7ec65df05b4afdcdf9f1d88e87f29922') in 0.002377 seconds 
========================================================================
Received Import Request.
  Time since last request: 0.000032 seconds.
  path: Assets/Scripts/Data/2- Supply and Technical Deck/Situation 39.asset
  artifactKey: Guid(92d20dd46808d764ea1172cd943480f8) Importer(815301076,1909f56bfc062723c751e8b465ee728b)
Start importing Assets/Scripts/Data/2- Supply and Technical Deck/Situation 39.asset using Guid(92d20dd46808d764ea1172cd943480f8) Importer(815301076,1909f56bfc062723c751e8b465ee728b)  -> (artifact id: 'b3dcdd1ef29a672fc2c0c80fb6e33285') in 0.002333 seconds 
========================================================================
Received Import Request.
  Time since last request: 0.000022 seconds.
  path: Assets/Scripts/Data/2- Supply and Technical Deck/Situation 48.asset
  artifactKey: Guid(b33df6a41796fb7488a9b858a8c93a75) Importer(815301076,1909f56bfc062723c751e8b465ee728b)
Start importing Assets/Scripts/Data/2- Supply and Technical Deck/Situation 48.asset using Guid(b33df6a41796fb7488a9b858a8c93a75) Importer(815301076,1909f56bfc062723c751e8b465ee728b)  -> (artifact id: '92c05cb35ae349b49aaaff4c00bc395a') in 0.002309 seconds 
========================================================================
Received Import Request.
  Time since last request: 0.000024 seconds.
  path: Assets/Scripts/Data/2- Supply and Technical Deck/Situation 31.asset
  artifactKey: Guid(84efe2faa13495e42bd529477cec8208) Importer(815301076,1909f56bfc062723c751e8b465ee728b)
Start importing Assets/Scripts/Data/2- Supply and Technical Deck/Situation 31.asset using Guid(84efe2faa13495e42bd529477cec8208) Importer(815301076,1909f56bfc062723c751e8b465ee728b)  -> (artifact id: 'c1902abb036edab9bef7ec7f906fa8e8') in 0.002324 seconds 
========================================================================
Received Import Request.
  Time since last request: 0.000022 seconds.
  path: Assets/Scripts/Data/2- Supply and Technical Deck/Situation 46.asset
  artifactKey: Guid(87e44c3f3b517304fb880107ed6834fc) Importer(815301076,1909f56bfc062723c751e8b465ee728b)
Start importing Assets/Scripts/Data/2- Supply and Technical Deck/Situation 46.asset using Guid(87e44c3f3b517304fb880107ed6834fc) Importer(815301076,1909f56bfc062723c751e8b465ee728b)  -> (artifact id: '302d166b4626e2a716eb778ba5e87e5b') in 0.002119 seconds 
========================================================================
Received Import Request.
  Time since last request: 0.000020 seconds.
  path: Assets/Scripts/Data/2- Supply and Technical Deck/Situation 16.asset
  artifactKey: Guid(5772a82f8faeceb49b80290c42eb5cdc) Importer(815301076,1909f56bfc062723c751e8b465ee728b)
Start importing Assets/Scripts/Data/2- Supply and Technical Deck/Situation 16.asset using Guid(5772a82f8faeceb49b80290c42eb5cdc) Importer(815301076,1909f56bfc062723c751e8b465ee728b)  -> (artifact id: 'e09c85a4b6c0ca27466ac32f84f29e83') in 0.002381 seconds 
========================================================================
Received Import Request.
  Time since last request: 0.000020 seconds.
  path: Assets/Scripts/Data/2- Supply and Technical Deck/Situation 22.asset
  artifactKey: Guid(249ff7d403916284a871d3f8f383e60b) Importer(815301076,1909f56bfc062723c751e8b465ee728b)
Start importing Assets/Scripts/Data/2- Supply and Technical Deck/Situation 22.asset using Guid(249ff7d403916284a871d3f8f383e60b) Importer(815301076,1909f56bfc062723c751e8b465ee728b)  -> (artifact id: '5dba9be64f9c81768fb90145d29c1e64') in 0.002596 seconds 
========================================================================
Received Import Request.
  Time since last request: 0.000019 seconds.
  path: Assets/Scripts/Data/2- Supply and Technical Deck/Situation 8.asset
  artifactKey: Guid(3959c33dd22a7b848b2fa2060e4f46cf) Importer(815301076,1909f56bfc062723c751e8b465ee728b)
Start importing Assets/Scripts/Data/2- Supply and Technical Deck/Situation 8.asset using Guid(3959c33dd22a7b848b2fa2060e4f46cf) Importer(815301076,1909f56bfc062723c751e8b465ee728b)  -> (artifact id: '1fe8f2336ab792426ca3986ca7327dac') in 0.002179 seconds 
========================================================================
Received Import Request.
  Time since last request: 0.000019 seconds.
  path: Assets/Scripts/Data/2- Supply and Technical Deck/Situation 9.asset
  artifactKey: Guid(44b108ec0db8f8041b65944c0d529a1e) Importer(815301076,1909f56bfc062723c751e8b465ee728b)
Start importing Assets/Scripts/Data/2- Supply and Technical Deck/Situation 9.asset using Guid(44b108ec0db8f8041b65944c0d529a1e) Importer(815301076,1909f56bfc062723c751e8b465ee728b)  -> (artifact id: '1f5133f1337c0a91459d2c5872a4dcd3') in 0.001998 seconds 
========================================================================
Received Import Request.
  Time since last request: 0.000016 seconds.
  path: Assets/Scripts/Data/2- Supply and Technical Deck/Situation 27.asset
  artifactKey: Guid(80f0686d61ce07849b81bada5d6082cd) Importer(815301076,1909f56bfc062723c751e8b465ee728b)
Start importing Assets/Scripts/Data/2- Supply and Technical Deck/Situation 27.asset using Guid(80f0686d61ce07849b81bada5d6082cd) Importer(815301076,1909f56bfc062723c751e8b465ee728b)  -> (artifact id: '45a4da495b599d09a0707eaed032dd8f') in 0.001974 seconds 
========================================================================
Received Import Request.
  Time since last request: 0.000019 seconds.
  path: Assets/Scripts/Data/2- Supply and Technical Deck/Situation 17.asset
  artifactKey: Guid(5715d79340765014f89099533dda7e75) Importer(815301076,1909f56bfc062723c751e8b465ee728b)
Start importing Assets/Scripts/Data/2- Supply and Technical Deck/Situation 17.asset using Guid(5715d79340765014f89099533dda7e75) Importer(815301076,1909f56bfc062723c751e8b465ee728b)  -> (artifact id: 'fa19698e5ade444b7dd1fb516f2c1201') in 0.001942 seconds 
========================================================================
Received Import Request.
  Time since last request: 0.000020 seconds.
  path: Assets/Scripts/Data/2- Supply and Technical Deck/Situation 44.asset
  artifactKey: Guid(2d72309c261525e4c8fbd8963d30212f) Importer(815301076,1909f56bfc062723c751e8b465ee728b)
Start importing Assets/Scripts/Data/2- Supply and Technical Deck/Situation 44.asset using Guid(2d72309c261525e4c8fbd8963d30212f) Importer(815301076,1909f56bfc062723c751e8b465ee728b)  -> (artifact id: '780070d27de59670d2ee3ea639eb923f') in 0.001987 seconds 
========================================================================
Received Import Request.
  Time since last request: 0.000027 seconds.
  path: Assets/Scripts/Data/2- Supply and Technical Deck/Situation 26.asset
  artifactKey: Guid(812397fba7dd9aa48976b1a3ad0e8c99) Importer(815301076,1909f56bfc062723c751e8b465ee728b)
Start importing Assets/Scripts/Data/2- Supply and Technical Deck/Situation 26.asset using Guid(812397fba7dd9aa48976b1a3ad0e8c99) Importer(815301076,1909f56bfc062723c751e8b465ee728b)  -> (artifact id: '4e8be6e32490a350a9e5ae1f40627b70') in 0.002320 seconds 
========================================================================
Received Import Request.
  Time since last request: 0.000018 seconds.
  path: Assets/Scripts/Data/2- Supply and Technical Deck/Situation 14.asset
  artifactKey: Guid(a64d93f8aa10e6d40905986c80affe88) Importer(815301076,1909f56bfc062723c751e8b465ee728b)
Start importing Assets/Scripts/Data/2- Supply and Technical Deck/Situation 14.asset using Guid(a64d93f8aa10e6d40905986c80affe88) Importer(815301076,1909f56bfc062723c751e8b465ee728b)  -> (artifact id: 'd65cf48731288130d0848d77e157bac5') in 0.002138 seconds 
========================================================================
Received Import Request.
  Time since last request: 0.000025 seconds.
  path: Assets/Scripts/Data/2- Supply and Technical Deck/Situation 19.asset
  artifactKey: Guid(86d870b441d830845aca0edf9e2edc1f) Importer(815301076,1909f56bfc062723c751e8b465ee728b)
Start importing Assets/Scripts/Data/2- Supply and Technical Deck/Situation 19.asset using Guid(86d870b441d830845aca0edf9e2edc1f) Importer(815301076,1909f56bfc062723c751e8b465ee728b)  -> (artifact id: '7150c02f1df80f88b5bb3b436f39538c') in 0.001853 seconds 
========================================================================
Received Import Request.
  Time since last request: 0.000018 seconds.
  path: Assets/Scripts/Data/2- Supply and Technical Deck/Situation 13.asset
  artifactKey: Guid(34dee95f58fd9d446b385fd9f6aa0286) Importer(815301076,1909f56bfc062723c751e8b465ee728b)
Start importing Assets/Scripts/Data/2- Supply and Technical Deck/Situation 13.asset using Guid(34dee95f58fd9d446b385fd9f6aa0286) Importer(815301076,1909f56bfc062723c751e8b465ee728b)  -> (artifact id: '471461cbbc2fa521630381cc0e242950') in 0.002034 seconds 
========================================================================
Received Import Request.
  Time since last request: 0.000028 seconds.
  path: Assets/Scripts/Data/2- Supply and Technical Deck/Situation 18.asset
  artifactKey: Guid(da90beffdcb125b49b768535fa2d4306) Importer(815301076,1909f56bfc062723c751e8b465ee728b)
Start importing Assets/Scripts/Data/2- Supply and Technical Deck/Situation 18.asset using Guid(da90beffdcb125b49b768535fa2d4306) Importer(815301076,1909f56bfc062723c751e8b465ee728b)  -> (artifact id: 'ab1539dd413b751b49afc870c41848a7') in 0.002205 seconds 
========================================================================
Received Import Request.
  Time since last request: 0.000020 seconds.
  path: Assets/Scripts/Data/2- Supply and Technical Deck/Situation 37.asset
  artifactKey: Guid(e20f65cdd77b15d4185ff03e47af6e86) Importer(815301076,1909f56bfc062723c751e8b465ee728b)
Start importing Assets/Scripts/Data/2- Supply and Technical Deck/Situation 37.asset using Guid(e20f65cdd77b15d4185ff03e47af6e86) Importer(815301076,1909f56bfc062723c751e8b465ee728b)  -> (artifact id: 'f2453409d34364797914cbc04fe7d736') in 0.001955 seconds 
========================================================================
Received Import Request.
  Time since last request: 0.000020 seconds.
  path: Assets/Scripts/Data/2- Supply and Technical Deck/Situation 29.asset
  artifactKey: Guid(4ff0f45b3a3f89345bdc9261c2b5c51c) Importer(815301076,1909f56bfc062723c751e8b465ee728b)
Start importing Assets/Scripts/Data/2- Supply and Technical Deck/Situation 29.asset using Guid(4ff0f45b3a3f89345bdc9261c2b5c51c) Importer(815301076,1909f56bfc062723c751e8b465ee728b)  -> (artifact id: '403fcf805ca2a37480fdaca0d70dae28') in 0.002016 seconds 
========================================================================
Received Import Request.
  Time since last request: 0.000025 seconds.
  path: Assets/Scripts/Data/2- Supply and Technical Deck/Situation 32.asset
  artifactKey: Guid(a1e333da221228449bb3f6e9f75aa201) Importer(815301076,1909f56bfc062723c751e8b465ee728b)
Start importing Assets/Scripts/Data/2- Supply and Technical Deck/Situation 32.asset using Guid(a1e333da221228449bb3f6e9f75aa201) Importer(815301076,1909f56bfc062723c751e8b465ee728b)  -> (artifact id: '2a8e77b3d9cd0643a9a824a947fba82d') in 0.002240 seconds 
========================================================================
Received Import Request.
  Time since last request: 0.000017 seconds.
  path: Assets/Scripts/Data/2- Supply and Technical Deck/Situation 49.asset
  artifactKey: Guid(5da641186231e70449ce6d0a0a5a4737) Importer(815301076,1909f56bfc062723c751e8b465ee728b)
Start importing Assets/Scripts/Data/2- Supply and Technical Deck/Situation 49.asset using Guid(5da641186231e70449ce6d0a0a5a4737) Importer(815301076,1909f56bfc062723c751e8b465ee728b)  -> (artifact id: '9ad03bfb3058791db946e2b0e3c0bd71') in 0.002372 seconds 
========================================================================
Received Import Request.
  Time since last request: 0.000018 seconds.
  path: Assets/Scripts/Data/2- Supply and Technical Deck/Situation 45.asset
  artifactKey: Guid(5884563a81097284a8ba99875d8e7e45) Importer(815301076,1909f56bfc062723c751e8b465ee728b)
Start importing Assets/Scripts/Data/2- Supply and Technical Deck/Situation 45.asset using Guid(5884563a81097284a8ba99875d8e7e45) Importer(815301076,1909f56bfc062723c751e8b465ee728b)  -> (artifact id: '2da307d65e13f033b2f67a3242f1abab') in 0.001891 seconds 
========================================================================
Received Prepare
Registering precompiled user dll's ...
Registered in 0.005249 seconds.
Begin MonoManager ReloadAssembly
Symbol file LoadedFromMemory doesn't match image D:\AS3661\SPACE\21.11\SPACE_CodeAndVisualTest\New Unity Project (2)\Library\PackageCache\com.unity.visualscripting@1.7.8\Editor\VisualScripting.Core\Dependencies\YamlDotNet\Unity.VisualScripting.YamlDotNet.dll
Symbol file LoadedFromMemory doesn't match image D:\AS3661\SPACE\21.11\SPACE_CodeAndVisualTest\New Unity Project (2)\Library\PackageCache\com.unity.visualscripting@1.7.8\Editor\VisualScripting.Core\Dependencies\DotNetZip\Unity.VisualScripting.IonicZip.dll
Native extension for WindowsStandalone target not found
Native extension for Android target not found
Native extension for WebGL target not found
Refreshing native plugins compatible for Editor in 0.67 ms, found 3 plugins.
Preloading 0 native plugins for Editor in 0.00 ms.
Mono: successfully reloaded assembly
- Completed reload, in  1.052 seconds
Domain Reload Profiling:
	ReloadAssembly (1053ms)
		BeginReloadAssembly (134ms)
			ExecutionOrderSort (0ms)
			DisableScriptedObjects (5ms)
			BackupInstance (0ms)
			ReleaseScriptingObjects (0ms)
			CreateAndSetChildDomain (39ms)
		EndReloadAssembly (808ms)
			LoadAssemblies (101ms)
			RebuildTransferFunctionScriptingTraits (0ms)
			SetupTypeCache (278ms)
			ReleaseScriptCaches (1ms)
			RebuildScriptCaches (39ms)
			SetupLoadedEditorAssemblies (355ms)
				LogAssemblyErrors (0ms)
				InitializePlatformSupportModulesInManaged (22ms)
				SetLoadedEditorAssemblies (0ms)
				RefreshPlugins (1ms)
				BeforeProcessingInitializeOnLoad (68ms)
				ProcessInitializeOnLoadAttributes (228ms)
				ProcessInitializeOnLoadMethodAttributes (30ms)
				AfterProcessingInitializeOnLoad (5ms)
				EditorAssembliesLoaded (0ms)
			ExecutionOrderSort2 (0ms)
			AwakeInstancesAfterBackupRestoration (7ms)
Platform modules already initialized, skipping
Refreshing native plugins compatible for Editor in 1.54 ms, found 3 plugins.
Preloading 0 native plugins for Editor in 0.00 ms.
Unloading 3370 Unused Serialized files (Serialized files now loaded: 0)
Unloading 20 unused Assets / (78.2 KB). Loaded Objects now: 3838.
Memory consumption went from 116.1 MB to 116.0 MB.
Total: 3.335000 ms (FindLiveObjects: 0.305300 ms CreateObjectMapping: 0.134300 ms MarkObjects: 2.809700 ms  DeleteObjects: 0.084200 ms)

AssetImportParameters requested are different than current active one (requested -> active):
  custom:video-decoder-ogg-theora: a1e56fd34408186e4bbccfd4996cb3dc -> 
  custom:container-muxer-webm: aa71ff27fc2769a1b78a27578f13a17b -> 
  custom:container-demuxer-webm: 4f35f7cbe854078d1ac9338744f61a02 -> 
  custom:video-encoder-webm-vp8: eb34c28f22e8b96e1ab97ce403110664 -> 
  custom:audio-encoder-webm-vorbis: bf7c407c2cedff20999df2af8eb42d56 -> 
  custom:framework-win-MediaFoundation: 216162199b28c13a410421893ffa2e32 -> 
  custom:container-demuxer-ogg: 62fdf1f143b41e24485cea50d1cbac27 -> 
  custom:video-decoder-webm-vp8: 9c59270c3fd7afecdb556c50c9e8de78 -> 
  custom:audio-decoder-ogg-vorbis: bf7c407c2cedff20999df2af8eb42d56 -> 
Editor requested this worker to shutdown with reason: Scaling down because of idle timeout
AssetImportWorker is now disconnected from the server
Process exiting
Exiting without the bug reporter. Application will terminate with return code 0