Using pre-set license
Built from '2021.3/staging' branch; Version is '2021.3.6f1 (7da38d85baf6) revision 8233869'; Using compiler version '192829333'; Build Type 'Release'
OS: 'Windows 10  (10.0.19043) 64bit Core' Language: 'en' Physical Memory: 16169 MB
BatchMode: 1, IsHumanControllingUs: 0, StartBugReporterOnCrash: 0, Is64bit: 1, IsPro: 1

COMMAND LINE ARGUMENTS:
C:\Program Files\Unity\Hub\Editor\2021.3.6f1\Editor\Unity.exe
-adb2
-batchMode
-noUpm
-name
AssetImportWorker13
-projectPath
C:/Users/adems/Downloads/15.11 SPACE/SPACE/New Unity Project (2)
-logFile
Logs/AssetImportWorker13.log
-srvPort
59219
Successfully changed project path to: C:/Users/adems/Downloads/15.11 SPACE/SPACE/New Unity Project (2)
C:/Users/adems/Downloads/15.11 SPACE/SPACE/New Unity Project (2)
[UnityMemory] Configuration Parameters - Can be set up in boot.config
    "memorysetup-bucket-allocator-granularity=16"
    "memorysetup-bucket-allocator-bucket-count=8"
    "memorysetup-bucket-allocator-block-size=33554432"
    "memorysetup-bucket-allocator-block-count=8"
    "memorysetup-main-allocator-block-size=16777216"
    "memorysetup-thread-allocator-block-size=16777216"
    "memorysetup-gfx-main-allocator-block-size=16777216"
    "memorysetup-gfx-thread-allocator-block-size=16777216"
    "memorysetup-cache-allocator-block-size=4194304"
    "memorysetup-typetree-allocator-block-size=2097152"
    "memorysetup-profiler-bucket-allocator-granularity=16"
    "memorysetup-profiler-bucket-allocator-bucket-count=8"
    "memorysetup-profiler-bucket-allocator-block-size=33554432"
    "memorysetup-profiler-bucket-allocator-block-count=8"
    "memorysetup-profiler-allocator-block-size=16777216"
    "memorysetup-profiler-editor-allocator-block-size=1048576"
    "memorysetup-temp-allocator-size-main=16777216"
    "memorysetup-job-temp-allocator-block-size=2097152"
    "memorysetup-job-temp-allocator-block-size-background=1048576"
    "memorysetup-job-temp-allocator-reduction-small-platforms=262144"
    "memorysetup-temp-allocator-size-background-worker=32768"
    "memorysetup-temp-allocator-size-job-worker=262144"
    "memorysetup-temp-allocator-size-preload-manager=33554432"
    "memorysetup-temp-allocator-size-nav-mesh-worker=65536"
    "memorysetup-temp-allocator-size-audio-worker=65536"
    "memorysetup-temp-allocator-size-cloud-worker=32768"
    "memorysetup-temp-allocator-size-gi-baking-worker=262144"
    "memorysetup-temp-allocator-size-gfx=262144"
Refreshing native plugins compatible for Editor in 134.34 ms, found 3 plugins.
Preloading 0 native plugins for Editor in 0.00 ms.
Initialize engine version: 2021.3.6f1 (7da38d85baf6)
[Subsystems] Discovering subsystems at path C:/Program Files/Unity/Hub/Editor/2021.3.6f1/Editor/Data/Resources/UnitySubsystems
[Subsystems] Discovering subsystems at path C:/Users/adems/Downloads/15.11 SPACE/SPACE/New Unity Project (2)/Assets
GfxDevice: creating device client; threaded=0; jobified=0
Direct3D:
    Version:  Direct3D 11.0 [level 11.1]
    Renderer: NVIDIA GeForce GTX 1660 Ti (ID=0x2191)
    Vendor:   NVIDIA
    VRAM:     5991 MB
    Driver:   30.0.15.1278
Initialize mono
Mono path[0] = 'C:/Program Files/Unity/Hub/Editor/2021.3.6f1/Editor/Data/Managed'
Mono path[1] = 'C:/Program Files/Unity/Hub/Editor/2021.3.6f1/Editor/Data/MonoBleedingEdge/lib/mono/unityjit-win32'
Mono config path = 'C:/Program Files/Unity/Hub/Editor/2021.3.6f1/Editor/Data/MonoBleedingEdge/etc'
Using monoOptions --debugger-agent=transport=dt_socket,embedding=1,server=y,suspend=n,address=127.0.0.1:56432
Begin MonoManager ReloadAssembly
Registering precompiled unity dll's ...
Register platform support module: C:/Program Files/Unity/Hub/Editor/2021.3.6f1/Editor/Data/PlaybackEngines/WindowsStandaloneSupport/UnityEditor.WindowsStandalone.Extensions.dll
Registered in 0.014605 seconds.
Native extension for WindowsStandalone target not found
Refreshing native plugins compatible for Editor in 136.63 ms, found 3 plugins.
Preloading 0 native plugins for Editor in 0.00 ms.
Mono: successfully reloaded assembly
- Completed reload, in  1.048 seconds
Domain Reload Profiling:
	ReloadAssembly (1049ms)
		BeginReloadAssembly (126ms)
			ExecutionOrderSort (0ms)
			DisableScriptedObjects (0ms)
			BackupInstance (0ms)
			ReleaseScriptingObjects (0ms)
			CreateAndSetChildDomain (1ms)
		EndReloadAssembly (735ms)
			LoadAssemblies (121ms)
			RebuildTransferFunctionScriptingTraits (0ms)
			SetupTypeCache (169ms)
			ReleaseScriptCaches (0ms)
			RebuildScriptCaches (37ms)
			SetupLoadedEditorAssemblies (453ms)
				LogAssemblyErrors (0ms)
				InitializePlatformSupportModulesInManaged (12ms)
				SetLoadedEditorAssemblies (0ms)
				RefreshPlugins (137ms)
				BeforeProcessingInitializeOnLoad (2ms)
				ProcessInitializeOnLoadAttributes (218ms)
				ProcessInitializeOnLoadMethodAttributes (84ms)
				AfterProcessingInitializeOnLoad (0ms)
				EditorAssembliesLoaded (0ms)
			ExecutionOrderSort2 (0ms)
			AwakeInstancesAfterBackupRestoration (0ms)
Platform modules already initialized, skipping
Registering precompiled user dll's ...
Registered in 0.015148 seconds.
Begin MonoManager ReloadAssembly
Symbol file LoadedFromMemory doesn't match image C:\Users\adems\Downloads\15.11 SPACE\SPACE\New Unity Project (2)\Library\PackageCache\com.unity.visualscripting@1.7.8\Editor\VisualScripting.Core\Dependencies\YamlDotNet\Unity.VisualScripting.YamlDotNet.dll
Symbol file LoadedFromMemory doesn't match image C:\Users\adems\Downloads\15.11 SPACE\SPACE\New Unity Project (2)\Library\PackageCache\com.unity.visualscripting@1.7.8\Editor\VisualScripting.Core\Dependencies\DotNetZip\Unity.VisualScripting.IonicZip.dll
Native extension for WindowsStandalone target not found
Refreshing native plugins compatible for Editor in 0.60 ms, found 3 plugins.
Preloading 0 native plugins for Editor in 0.00 ms.
Mono: successfully reloaded assembly
- Completed reload, in  1.413 seconds
Domain Reload Profiling:
	ReloadAssembly (1414ms)
		BeginReloadAssembly (157ms)
			ExecutionOrderSort (0ms)
			DisableScriptedObjects (7ms)
			BackupInstance (0ms)
			ReleaseScriptingObjects (0ms)
			CreateAndSetChildDomain (24ms)
		EndReloadAssembly (1097ms)
			LoadAssemblies (129ms)
			RebuildTransferFunctionScriptingTraits (0ms)
			SetupTypeCache (343ms)
			ReleaseScriptCaches (1ms)
			RebuildScriptCaches (66ms)
			SetupLoadedEditorAssemblies (510ms)
				LogAssemblyErrors (0ms)
				InitializePlatformSupportModulesInManaged (8ms)
				SetLoadedEditorAssemblies (1ms)
				RefreshPlugins (1ms)
				BeforeProcessingInitializeOnLoad (131ms)
				ProcessInitializeOnLoadAttributes (316ms)
				ProcessInitializeOnLoadMethodAttributes (38ms)
				AfterProcessingInitializeOnLoad (15ms)
				EditorAssembliesLoaded (0ms)
			ExecutionOrderSort2 (0ms)
			AwakeInstancesAfterBackupRestoration (8ms)
Platform modules already initialized, skipping
========================================================================
Worker process is ready to serve import requests
Launched and connected shader compiler UnityShaderCompiler.exe after 0.06 seconds
Refreshing native plugins compatible for Editor in 0.59 ms, found 3 plugins.
Preloading 0 native plugins for Editor in 0.00 ms.
Unloading 3375 Unused Serialized files (Serialized files now loaded: 0)
Unloading 27 unused Assets / (111.0 KB). Loaded Objects now: 3833.
Memory consumption went from 116.1 MB to 116.0 MB.
Total: 4.225500 ms (FindLiveObjects: 0.375900 ms CreateObjectMapping: 0.266700 ms MarkObjects: 3.463700 ms  DeleteObjects: 0.118100 ms)

AssetImportParameters requested are different than current active one (requested -> active):
  custom:video-decoder-ogg-theora: a1e56fd34408186e4bbccfd4996cb3dc -> 
  custom:container-muxer-webm: aa71ff27fc2769a1b78a27578f13a17b -> 
  custom:container-demuxer-webm: 4f35f7cbe854078d1ac9338744f61a02 -> 
  custom:video-encoder-webm-vp8: eb34c28f22e8b96e1ab97ce403110664 -> 
  custom:video-codec-MediaFoundation-h265: 746d11721c4dcdbdad8f713fa42b33f4 -> 
  custom:audio-encoder-webm-vorbis: bf7c407c2cedff20999df2af8eb42d56 -> 
  custom:framework-win-MediaFoundation: 216162199b28c13a410421893ffa2e32 -> 
  custom:container-demuxer-ogg: 62fdf1f143b41e24485cea50d1cbac27 -> 
  custom:video-decoder-webm-vp8: 9c59270c3fd7afecdb556c50c9e8de78 -> 
  custom:audio-decoder-ogg-vorbis: bf7c407c2cedff20999df2af8eb42d56 -> 
========================================================================
Received Import Request.
  Time since last request: 617108.014830 seconds.
  path: Assets/Scripts/Data/3- Staff and Personal Life deck/Situation 38.asset
  artifactKey: Guid(e16b436e9cca4144e888d1f93a6f4bdb) Importer(815301076,1909f56bfc062723c751e8b465ee728b)
Start importing Assets/Scripts/Data/3- Staff and Personal Life deck/Situation 38.asset using Guid(e16b436e9cca4144e888d1f93a6f4bdb) Importer(815301076,1909f56bfc062723c751e8b465ee728b)  -> (artifact id: '371726df481ef9bb0984a1525e53ce3b') in 0.045928 seconds 
========================================================================
Received Import Request.
  Time since last request: 0.000030 seconds.
  path: Assets/Scripts/Data/3- Staff and Personal Life deck/Situation 48.asset
  artifactKey: Guid(204f563d41a8c2e4b96cd2dceaa6417b) Importer(815301076,1909f56bfc062723c751e8b465ee728b)
Start importing Assets/Scripts/Data/3- Staff and Personal Life deck/Situation 48.asset using Guid(204f563d41a8c2e4b96cd2dceaa6417b) Importer(815301076,1909f56bfc062723c751e8b465ee728b)  -> (artifact id: 'f0de6bf65a23f79d23523b3a882e10fc') in 0.003821 seconds 
========================================================================
Received Import Request.
  Time since last request: 0.000097 seconds.
  path: Assets/Scripts/Data/3- Staff and Personal Life deck/Situation 47.asset
  artifactKey: Guid(fe4e1a307133aa748894604c3dea8290) Importer(815301076,1909f56bfc062723c751e8b465ee728b)
Start importing Assets/Scripts/Data/3- Staff and Personal Life deck/Situation 47.asset using Guid(fe4e1a307133aa748894604c3dea8290) Importer(815301076,1909f56bfc062723c751e8b465ee728b)  -> (artifact id: 'a325c434952d3f25944a24dbcb385c07') in 0.004424 seconds 
========================================================================
Received Import Request.
  Time since last request: 1.644298 seconds.
  path: Assets/Scripts/Data/3- Staff and Personal Life deck/Situation 33.asset
  artifactKey: Guid(562223a603239ad4b832eb811a8d7265) Importer(815301076,1909f56bfc062723c751e8b465ee728b)
Start importing Assets/Scripts/Data/3- Staff and Personal Life deck/Situation 33.asset using Guid(562223a603239ad4b832eb811a8d7265) Importer(815301076,1909f56bfc062723c751e8b465ee728b)  -> (artifact id: 'f54e38e183b4fd5a41f9ce96c416eab7') in 0.004180 seconds 
========================================================================
Received Import Request.
  Time since last request: 0.077002 seconds.
  path: Assets/Scripts/Data/3- Staff and Personal Life deck/Situation 18.asset
  artifactKey: Guid(15b9027e1b279fc47a5e2f186f362f3a) Importer(815301076,1909f56bfc062723c751e8b465ee728b)
Start importing Assets/Scripts/Data/3- Staff and Personal Life deck/Situation 18.asset using Guid(15b9027e1b279fc47a5e2f186f362f3a) Importer(815301076,1909f56bfc062723c751e8b465ee728b)  -> (artifact id: 'a7a24b1a0443b345833d38850895d35c') in 0.003420 seconds 
========================================================================
Received Import Request.
  Time since last request: 0.000023 seconds.
  path: Assets/Scripts/Data/3- Staff and Personal Life deck/Situation 26.asset
  artifactKey: Guid(0706277e0456c4d44a4638315f9ded3c) Importer(815301076,1909f56bfc062723c751e8b465ee728b)
Start importing Assets/Scripts/Data/3- Staff and Personal Life deck/Situation 26.asset using Guid(0706277e0456c4d44a4638315f9ded3c) Importer(815301076,1909f56bfc062723c751e8b465ee728b)  -> (artifact id: '4b9b90302056215a51653d3745f3d2b7') in 0.004501 seconds 
========================================================================
Received Import Request.
  Time since last request: 0.000022 seconds.
  path: Assets/Scripts/Data/3- Staff and Personal Life deck/Situation 28.asset
  artifactKey: Guid(bf7190f74bdc3fe468a05386c3fc1933) Importer(815301076,1909f56bfc062723c751e8b465ee728b)
Start importing Assets/Scripts/Data/3- Staff and Personal Life deck/Situation 28.asset using Guid(bf7190f74bdc3fe468a05386c3fc1933) Importer(815301076,1909f56bfc062723c751e8b465ee728b)  -> (artifact id: '22b8c12e30392d5417a75bee14a8f9d9') in 0.003750 seconds 
========================================================================
Received Import Request.
  Time since last request: 0.000023 seconds.
  path: Assets/Scripts/Data/3- Staff and Personal Life deck/Situation 27.asset
  artifactKey: Guid(dac4d30d6a2b83d4da447edba3f68ea8) Importer(815301076,1909f56bfc062723c751e8b465ee728b)
Start importing Assets/Scripts/Data/3- Staff and Personal Life deck/Situation 27.asset using Guid(dac4d30d6a2b83d4da447edba3f68ea8) Importer(815301076,1909f56bfc062723c751e8b465ee728b)  -> (artifact id: '78eff45d50dc06f3ae9992cb0482a561') in 0.003526 seconds 
========================================================================
Received Import Request.
  Time since last request: 0.213760 seconds.
  path: Assets/Scripts/Data/3- Staff and Personal Life deck/Situation 13.asset
  artifactKey: Guid(740b9fd918be55b4d9fcb3ae6ff4f1c7) Importer(815301076,1909f56bfc062723c751e8b465ee728b)
Start importing Assets/Scripts/Data/3- Staff and Personal Life deck/Situation 13.asset using Guid(740b9fd918be55b4d9fcb3ae6ff4f1c7) Importer(815301076,1909f56bfc062723c751e8b465ee728b)  -> (artifact id: 'de6607cea2dd43e45c7fbacc390197e2') in 0.003922 seconds 
========================================================================
Received Import Request.
  Time since last request: 0.076605 seconds.
  path: Assets/Scripts/Data/3- Staff and Personal Life deck/Situation 8.asset
  artifactKey: Guid(5bc8779686ed6004ca19b26f8003eccf) Importer(815301076,1909f56bfc062723c751e8b465ee728b)
Start importing Assets/Scripts/Data/3- Staff and Personal Life deck/Situation 8.asset using Guid(5bc8779686ed6004ca19b26f8003eccf) Importer(815301076,1909f56bfc062723c751e8b465ee728b)  -> (artifact id: '0bd2797f83eb7d890e6a7b988ad62c1c') in 0.004100 seconds 
========================================================================
Received Import Request.
  Time since last request: 49.569321 seconds.
  path: Assets/Scripts/Data/3- Staff and Personal Life deck/Situation 24.asset
  artifactKey: Guid(e3e994f9a8c5b02459a65c606e2ed588) Importer(815301076,1909f56bfc062723c751e8b465ee728b)
Start importing Assets/Scripts/Data/3- Staff and Personal Life deck/Situation 24.asset using Guid(e3e994f9a8c5b02459a65c606e2ed588) Importer(815301076,1909f56bfc062723c751e8b465ee728b)  -> (artifact id: '5416ef206ceb86aead1df88435443431') in 0.015013 seconds 
Editor requested this worker to shutdown with reason: Scaling down because of idle timeout
AssetImportWorker is now disconnected from the server
Process exiting
Exiting without the bug reporter. Application will terminate with return code 0