Using pre-set license
Built from '2021.3/staging' branch; Version is '2021.3.6f1 (7da38d85baf6) revision 8233869'; Using compiler version '192829333'; Build Type 'Release'
OS: 'Windows 10  (10.0.19044) 64bit Enterprise' Language: 'en' Physical Memory: 65237 MB
BatchMode: 1, IsHumanControllingUs: 0, StartBugReporterOnCrash: 0, Is64bit: 1, IsPro: 1

COMMAND LINE ARGUMENTS:
C:\Program Files\Unity\Hub\Editor\2021.3.6f1\Editor\Unity.exe
-adb2
-batchMode
-noUpm
-name
AssetImportWorker8
-projectPath
D:/AS3661/SPACE/21.11/SPACE_CodeAndVisualTest/New Unity Project (2)
-logFile
Logs/AssetImportWorker8.log
-srvPort
52256
Successfully changed project path to: D:/AS3661/SPACE/21.11/SPACE_CodeAndVisualTest/New Unity Project (2)
D:/AS3661/SPACE/21.11/SPACE_CodeAndVisualTest/New Unity Project (2)
[UnityMemory] Configuration Parameters - Can be set up in boot.config
    "memorysetup-bucket-allocator-granularity=16"
    "memorysetup-bucket-allocator-bucket-count=8"
    "memorysetup-bucket-allocator-block-size=33554432"
    "memorysetup-bucket-allocator-block-count=8"
    "memorysetup-main-allocator-block-size=16777216"
    "memorysetup-thread-allocator-block-size=16777216"
    "memorysetup-gfx-main-allocator-block-size=16777216"
    "memorysetup-gfx-thread-allocator-block-size=16777216"
    "memorysetup-cache-allocator-block-size=4194304"
    "memorysetup-typetree-allocator-block-size=2097152"
    "memorysetup-profiler-bucket-allocator-granularity=16"
    "memorysetup-profiler-bucket-allocator-bucket-count=8"
    "memorysetup-profiler-bucket-allocator-block-size=33554432"
    "memorysetup-profiler-bucket-allocator-block-count=8"
    "memorysetup-profiler-allocator-block-size=16777216"
    "memorysetup-profiler-editor-allocator-block-size=1048576"
    "memorysetup-temp-allocator-size-main=16777216"
    "memorysetup-job-temp-allocator-block-size=2097152"
    "memorysetup-job-temp-allocator-block-size-background=1048576"
    "memorysetup-job-temp-allocator-reduction-small-platforms=262144"
    "memorysetup-temp-allocator-size-background-worker=32768"
    "memorysetup-temp-allocator-size-job-worker=262144"
    "memorysetup-temp-allocator-size-preload-manager=33554432"
    "memorysetup-temp-allocator-size-nav-mesh-worker=65536"
    "memorysetup-temp-allocator-size-audio-worker=65536"
    "memorysetup-temp-allocator-size-cloud-worker=32768"
    "memorysetup-temp-allocator-size-gi-baking-worker=262144"
    "memorysetup-temp-allocator-size-gfx=262144"
Refreshing native plugins compatible for Editor in 95.40 ms, found 3 plugins.
Preloading 0 native plugins for Editor in 0.00 ms.
Initialize engine version: 2021.3.6f1 (7da38d85baf6)
[Subsystems] Discovering subsystems at path C:/Program Files/Unity/Hub/Editor/2021.3.6f1/Editor/Data/Resources/UnitySubsystems
[Subsystems] Discovering subsystems at path D:/AS3661/SPACE/21.11/SPACE_CodeAndVisualTest/New Unity Project (2)/Assets
GfxDevice: creating device client; threaded=0; jobified=0
Direct3D:
    Version:  Direct3D 11.0 [level 11.1]
    Renderer: NVIDIA GeForce GTX 1080 Ti (ID=0x1b06)
    Vendor:   NVIDIA
    VRAM:     11127 MB
    Driver:   31.0.15.1659
Initialize mono
Mono path[0] = 'C:/Program Files/Unity/Hub/Editor/2021.3.6f1/Editor/Data/Managed'
Mono path[1] = 'C:/Program Files/Unity/Hub/Editor/2021.3.6f1/Editor/Data/MonoBleedingEdge/lib/mono/unityjit-win32'
Mono config path = 'C:/Program Files/Unity/Hub/Editor/2021.3.6f1/Editor/Data/MonoBleedingEdge/etc'
Using monoOptions --debugger-agent=transport=dt_socket,embedding=1,server=y,suspend=n,address=127.0.0.1:56660
Begin MonoManager ReloadAssembly
Registering precompiled unity dll's ...
Register platform support module: C:/Program Files/Unity/Hub/Editor/2021.3.6f1/Editor/Data/PlaybackEngines/WebGLSupport/UnityEditor.WebGL.Extensions.dll
Register platform support module: C:/Program Files/Unity/Hub/Editor/2021.3.6f1/Editor/Data/PlaybackEngines/AndroidPlayer/UnityEditor.Android.Extensions.dll
Register platform support module: C:/Program Files/Unity/Hub/Editor/2021.3.6f1/Editor/Data/PlaybackEngines/WindowsStandaloneSupport/UnityEditor.WindowsStandalone.Extensions.dll
Registered in 0.006070 seconds.
Native extension for WindowsStandalone target not found
Native extension for Android target not found
Native extension for WebGL target not found
Refreshing native plugins compatible for Editor in 111.84 ms, found 3 plugins.
Preloading 0 native plugins for Editor in 0.00 ms.
Mono: successfully reloaded assembly
- Completed reload, in  0.805 seconds
Domain Reload Profiling:
	ReloadAssembly (806ms)
		BeginReloadAssembly (87ms)
			ExecutionOrderSort (0ms)
			DisableScriptedObjects (0ms)
			BackupInstance (0ms)
			ReleaseScriptingObjects (0ms)
			CreateAndSetChildDomain (1ms)
		EndReloadAssembly (583ms)
			LoadAssemblies (86ms)
			RebuildTransferFunctionScriptingTraits (0ms)
			SetupTypeCache (136ms)
			ReleaseScriptCaches (0ms)
			RebuildScriptCaches (30ms)
			SetupLoadedEditorAssemblies (368ms)
				LogAssemblyErrors (0ms)
				InitializePlatformSupportModulesInManaged (66ms)
				SetLoadedEditorAssemblies (0ms)
				RefreshPlugins (112ms)
				BeforeProcessingInitializeOnLoad (1ms)
				ProcessInitializeOnLoadAttributes (116ms)
				ProcessInitializeOnLoadMethodAttributes (72ms)
				AfterProcessingInitializeOnLoad (0ms)
				EditorAssembliesLoaded (0ms)
			ExecutionOrderSort2 (0ms)
			AwakeInstancesAfterBackupRestoration (0ms)
Platform modules already initialized, skipping
Registering precompiled user dll's ...
Registered in 0.004104 seconds.
Begin MonoManager ReloadAssembly
Symbol file LoadedFromMemory doesn't match image D:\AS3661\SPACE\21.11\SPACE_CodeAndVisualTest\New Unity Project (2)\Library\PackageCache\com.unity.visualscripting@1.7.8\Editor\VisualScripting.Core\Dependencies\YamlDotNet\Unity.VisualScripting.YamlDotNet.dll
Symbol file LoadedFromMemory doesn't match image D:\AS3661\SPACE\21.11\SPACE_CodeAndVisualTest\New Unity Project (2)\Library\PackageCache\com.unity.visualscripting@1.7.8\Editor\VisualScripting.Core\Dependencies\DotNetZip\Unity.VisualScripting.IonicZip.dll
Native extension for WindowsStandalone target not found
Native extension for Android target not found
Native extension for WebGL target not found
Refreshing native plugins compatible for Editor in 0.66 ms, found 3 plugins.
Preloading 0 native plugins for Editor in 0.00 ms.
Mono: successfully reloaded assembly
- Completed reload, in  1.336 seconds
Domain Reload Profiling:
	ReloadAssembly (1338ms)
		BeginReloadAssembly (250ms)
			ExecutionOrderSort (0ms)
			DisableScriptedObjects (5ms)
			BackupInstance (0ms)
			ReleaseScriptingObjects (0ms)
			CreateAndSetChildDomain (144ms)
		EndReloadAssembly (978ms)
			LoadAssemblies (94ms)
			RebuildTransferFunctionScriptingTraits (0ms)
			SetupTypeCache (344ms)
			ReleaseScriptCaches (1ms)
			RebuildScriptCaches (49ms)
			SetupLoadedEditorAssemblies (451ms)
				LogAssemblyErrors (0ms)
				InitializePlatformSupportModulesInManaged (17ms)
				SetLoadedEditorAssemblies (0ms)
				RefreshPlugins (1ms)
				BeforeProcessingInitializeOnLoad (113ms)
				ProcessInitializeOnLoadAttributes (290ms)
				ProcessInitializeOnLoadMethodAttributes (25ms)
				AfterProcessingInitializeOnLoad (4ms)
				EditorAssembliesLoaded (0ms)
			ExecutionOrderSort2 (0ms)
			AwakeInstancesAfterBackupRestoration (6ms)
Platform modules already initialized, skipping
========================================================================
Worker process is ready to serve import requests
Launched and connected shader compiler UnityShaderCompiler.exe after 0.06 seconds
Refreshing native plugins compatible for Editor in 0.62 ms, found 3 plugins.
Preloading 0 native plugins for Editor in 0.00 ms.
Unloading 3375 Unused Serialized files (Serialized files now loaded: 0)
Unloading 27 unused Assets / (110.8 KB). Loaded Objects now: 3835.
Memory consumption went from 116.2 MB to 116.1 MB.
Total: 7.260600 ms (FindLiveObjects: 0.364000 ms CreateObjectMapping: 0.306400 ms MarkObjects: 6.374300 ms  DeleteObjects: 0.214900 ms)

AssetImportParameters requested are different than current active one (requested -> active):
  custom:video-decoder-ogg-theora: a1e56fd34408186e4bbccfd4996cb3dc -> 
  custom:container-muxer-webm: aa71ff27fc2769a1b78a27578f13a17b -> 
  custom:container-demuxer-webm: 4f35f7cbe854078d1ac9338744f61a02 -> 
  custom:video-encoder-webm-vp8: eb34c28f22e8b96e1ab97ce403110664 -> 
  custom:audio-encoder-webm-vorbis: bf7c407c2cedff20999df2af8eb42d56 -> 
  custom:framework-win-MediaFoundation: 216162199b28c13a410421893ffa2e32 -> 
  custom:container-demuxer-ogg: 62fdf1f143b41e24485cea50d1cbac27 -> 
  custom:video-decoder-webm-vp8: 9c59270c3fd7afecdb556c50c9e8de78 -> 
  custom:audio-decoder-ogg-vorbis: bf7c407c2cedff20999df2af8eb42d56 -> 
========================================================================
Received Import Request.
  Time since last request: 24791.384391 seconds.
  path: Assets/Scripts/Data/4- Competition Deck/Situation 2.asset
  artifactKey: Guid(c560583cb23d4034db45c6f560690ebc) Importer(815301076,1909f56bfc062723c751e8b465ee728b)
Start importing Assets/Scripts/Data/4- Competition Deck/Situation 2.asset using Guid(c560583cb23d4034db45c6f560690ebc) Importer(815301076,1909f56bfc062723c751e8b465ee728b)  -> (artifact id: 'baa55744e06ecb52b3807dd425639726') in 0.038519 seconds 
========================================================================
Received Import Request.
  Time since last request: 0.005433 seconds.
  path: Assets/Scripts/Data/4- Competition Deck/Situation 8.asset
  artifactKey: Guid(c34b180033a05b54babb86c6d488f861) Importer(815301076,1909f56bfc062723c751e8b465ee728b)
Start importing Assets/Scripts/Data/4- Competition Deck/Situation 8.asset using Guid(c34b180033a05b54babb86c6d488f861) Importer(815301076,1909f56bfc062723c751e8b465ee728b)  -> (artifact id: '3d1d1725b1963919f2037d2ba6471ca7') in 0.003129 seconds 
========================================================================
Received Import Request.
  Time since last request: 0.006583 seconds.
  path: Assets/Scripts/Data/4- Competition Deck/Situation 9.asset
  artifactKey: Guid(bccc6944d2a200046b42a9eca4e3d9b4) Importer(815301076,1909f56bfc062723c751e8b465ee728b)
Start importing Assets/Scripts/Data/4- Competition Deck/Situation 9.asset using Guid(bccc6944d2a200046b42a9eca4e3d9b4) Importer(815301076,1909f56bfc062723c751e8b465ee728b)  -> (artifact id: '42d6935aa6eb55afae3fa983004903bd') in 0.002663 seconds 
========================================================================
Received Import Request.
  Time since last request: 0.000021 seconds.
  path: Assets/Scripts/Data/4- Competition Deck/Situation 21.asset
  artifactKey: Guid(51037e5b77b1c344eb9a4f05bbdf5f1a) Importer(815301076,1909f56bfc062723c751e8b465ee728b)
Start importing Assets/Scripts/Data/4- Competition Deck/Situation 21.asset using Guid(51037e5b77b1c344eb9a4f05bbdf5f1a) Importer(815301076,1909f56bfc062723c751e8b465ee728b)  -> (artifact id: '57ac33a91822c337f547be029861b65e') in 0.006865 seconds 
========================================================================
Received Import Request.
  Time since last request: 0.000018 seconds.
  path: Assets/Scripts/Data/4- Competition Deck/Situation 32.asset
  artifactKey: Guid(c06841ae839323442be23ff8d591022a) Importer(815301076,1909f56bfc062723c751e8b465ee728b)
Start importing Assets/Scripts/Data/4- Competition Deck/Situation 32.asset using Guid(c06841ae839323442be23ff8d591022a) Importer(815301076,1909f56bfc062723c751e8b465ee728b)  -> (artifact id: 'f0102b5ebc809124f2d409dd79c9b36c') in 0.001989 seconds 
========================================================================
Received Import Request.
  Time since last request: 0.000025 seconds.
  path: Assets/Scripts/Data/4- Competition Deck/Situation 29.asset
  artifactKey: Guid(471865f43b3aeba44bfe01569408f21f) Importer(815301076,1909f56bfc062723c751e8b465ee728b)
Start importing Assets/Scripts/Data/4- Competition Deck/Situation 29.asset using Guid(471865f43b3aeba44bfe01569408f21f) Importer(815301076,1909f56bfc062723c751e8b465ee728b)  -> (artifact id: 'b61e3859096344ca4635c0b4e52a07c6') in 0.002181 seconds 
========================================================================
Received Import Request.
  Time since last request: 0.000022 seconds.
  path: Assets/Scripts/Data/4- Competition Deck/Situation 49.asset
  artifactKey: Guid(87c748210c046ef488d1b433fb6a8235) Importer(815301076,1909f56bfc062723c751e8b465ee728b)
Start importing Assets/Scripts/Data/4- Competition Deck/Situation 49.asset using Guid(87c748210c046ef488d1b433fb6a8235) Importer(815301076,1909f56bfc062723c751e8b465ee728b)  -> (artifact id: 'f39e561cbdd3c76e70b34be2289bd988') in 0.002863 seconds 
========================================================================
Received Import Request.
  Time since last request: 0.000021 seconds.
  path: Assets/Scripts/Data/4- Competition Deck/Situation 44.asset
  artifactKey: Guid(99c0118770eaf0a4998212de990d3ea3) Importer(815301076,1909f56bfc062723c751e8b465ee728b)
Start importing Assets/Scripts/Data/4- Competition Deck/Situation 44.asset using Guid(99c0118770eaf0a4998212de990d3ea3) Importer(815301076,1909f56bfc062723c751e8b465ee728b)  -> (artifact id: '9cfeba7767890197a5c2aea6aeb16ed3') in 0.001974 seconds 
========================================================================
Received Import Request.
  Time since last request: 0.000019 seconds.
  path: Assets/Scripts/Data/4- Competition Deck/Situation 23.asset
  artifactKey: Guid(54ec561e854367645a4e41c08e99060e) Importer(815301076,1909f56bfc062723c751e8b465ee728b)
Start importing Assets/Scripts/Data/4- Competition Deck/Situation 23.asset using Guid(54ec561e854367645a4e41c08e99060e) Importer(815301076,1909f56bfc062723c751e8b465ee728b)  -> (artifact id: '2f411b01623659095d5b181ecdf41148') in 0.002169 seconds 
========================================================================
Received Import Request.
  Time since last request: 0.000019 seconds.
  path: Assets/Scripts/Data/4- Competition Deck/Situation 13.asset
  artifactKey: Guid(4ab11a672eca9364ea18d2904b9ae08e) Importer(815301076,1909f56bfc062723c751e8b465ee728b)
Start importing Assets/Scripts/Data/4- Competition Deck/Situation 13.asset using Guid(4ab11a672eca9364ea18d2904b9ae08e) Importer(815301076,1909f56bfc062723c751e8b465ee728b)  -> (artifact id: '611bd26a8bda8312a055629cd55974c1') in 0.002437 seconds 
========================================================================
Received Import Request.
  Time since last request: 0.000022 seconds.
  path: Assets/Scripts/Data/4- Competition Deck/Situation 22.asset
  artifactKey: Guid(fe2327cc9ed1c1148b937d726cfec1a7) Importer(815301076,1909f56bfc062723c751e8b465ee728b)
Start importing Assets/Scripts/Data/4- Competition Deck/Situation 22.asset using Guid(fe2327cc9ed1c1148b937d726cfec1a7) Importer(815301076,1909f56bfc062723c751e8b465ee728b)  -> (artifact id: '8face0b38170e3c3ba5c43a139703793') in 0.002686 seconds 
========================================================================
Received Import Request.
  Time since last request: 0.000020 seconds.
  path: Assets/Scripts/Data/4- Competition Deck/Situation 20.asset
  artifactKey: Guid(85c53e3caf979fe41b1b4205f2ba423e) Importer(815301076,1909f56bfc062723c751e8b465ee728b)
Start importing Assets/Scripts/Data/4- Competition Deck/Situation 20.asset using Guid(85c53e3caf979fe41b1b4205f2ba423e) Importer(815301076,1909f56bfc062723c751e8b465ee728b)  -> (artifact id: '400dd9fbec12e4296273d05959da9085') in 0.002133 seconds 
========================================================================
Received Import Request.
  Time since last request: 0.000024 seconds.
  path: Assets/Scripts/Data/4- Competition Deck/Situation 34.asset
  artifactKey: Guid(fc4f9499cba9f41498a5edd4cf4ab110) Importer(815301076,1909f56bfc062723c751e8b465ee728b)
Start importing Assets/Scripts/Data/4- Competition Deck/Situation 34.asset using Guid(fc4f9499cba9f41498a5edd4cf4ab110) Importer(815301076,1909f56bfc062723c751e8b465ee728b)  -> (artifact id: '0c5c166859d8072ab919fdfcbeae2ec0') in 0.002379 seconds 
========================================================================
Received Import Request.
  Time since last request: 0.000022 seconds.
  path: Assets/Scripts/Data/4- Competition Deck/Situation 14.asset
  artifactKey: Guid(ac39ea3408ebe4a47a7696dc3ea6bdd0) Importer(815301076,1909f56bfc062723c751e8b465ee728b)
Start importing Assets/Scripts/Data/4- Competition Deck/Situation 14.asset using Guid(ac39ea3408ebe4a47a7696dc3ea6bdd0) Importer(815301076,1909f56bfc062723c751e8b465ee728b)  -> (artifact id: '2b02f785e45f4b422417b01f0993aefc') in 0.002009 seconds 
========================================================================
Received Import Request.
  Time since last request: 0.000020 seconds.
  path: Assets/Scripts/Data/4- Competition Deck/Situation 50.asset
  artifactKey: Guid(17ed91e8af2de9e41a3cb567782d45df) Importer(815301076,1909f56bfc062723c751e8b465ee728b)
Start importing Assets/Scripts/Data/4- Competition Deck/Situation 50.asset using Guid(17ed91e8af2de9e41a3cb567782d45df) Importer(815301076,1909f56bfc062723c751e8b465ee728b)  -> (artifact id: '15a904bed53771618d48c26f19709d85') in 0.002208 seconds 
========================================================================
Received Import Request.
  Time since last request: 0.000026 seconds.
  path: Assets/Scripts/Data/4- Competition Deck/Situation 4.asset
  artifactKey: Guid(aa581b0248b7da446a35736ae6056f67) Importer(815301076,1909f56bfc062723c751e8b465ee728b)
Start importing Assets/Scripts/Data/4- Competition Deck/Situation 4.asset using Guid(aa581b0248b7da446a35736ae6056f67) Importer(815301076,1909f56bfc062723c751e8b465ee728b)  -> (artifact id: '25320c3b3c22c5642ca89ee6b460b5ef') in 0.002126 seconds 
========================================================================
Received Import Request.
  Time since last request: 0.000021 seconds.
  path: Assets/Scripts/Data/4- Competition Deck/Situation 19.asset
  artifactKey: Guid(1d460eddfbff72243aee94e4405b56bf) Importer(815301076,1909f56bfc062723c751e8b465ee728b)
Start importing Assets/Scripts/Data/4- Competition Deck/Situation 19.asset using Guid(1d460eddfbff72243aee94e4405b56bf) Importer(815301076,1909f56bfc062723c751e8b465ee728b)  -> (artifact id: 'f3185a2dcdcf00a017a6641dc025770d') in 0.002238 seconds 
========================================================================
Received Import Request.
  Time since last request: 0.000019 seconds.
  path: Assets/Scripts/Data/4- Competition Deck/Situation 46.asset
  artifactKey: Guid(b42c2014fefb3f84e94ce7597fff1fe5) Importer(815301076,1909f56bfc062723c751e8b465ee728b)
Start importing Assets/Scripts/Data/4- Competition Deck/Situation 46.asset using Guid(b42c2014fefb3f84e94ce7597fff1fe5) Importer(815301076,1909f56bfc062723c751e8b465ee728b)  -> (artifact id: 'ea1a51e5595d93177ad7b00f3d88524e') in 0.002425 seconds 
========================================================================
Received Import Request.
  Time since last request: 0.000025 seconds.
  path: Assets/Scripts/Data/4- Competition Deck/Situation 35.asset
  artifactKey: Guid(cd79c5f7336ab984289d8cb6c7f025ff) Importer(815301076,1909f56bfc062723c751e8b465ee728b)
Start importing Assets/Scripts/Data/4- Competition Deck/Situation 35.asset using Guid(cd79c5f7336ab984289d8cb6c7f025ff) Importer(815301076,1909f56bfc062723c751e8b465ee728b)  -> (artifact id: 'f9ce54874b10341034ead0a9c50905b8') in 0.001868 seconds 
========================================================================
Received Import Request.
  Time since last request: 0.000030 seconds.
  path: Assets/Scripts/Data/4- Competition Deck/Situation 31.asset
  artifactKey: Guid(38fe0e0e0e16dc3478c28ee76b5d59d5) Importer(815301076,1909f56bfc062723c751e8b465ee728b)
Start importing Assets/Scripts/Data/4- Competition Deck/Situation 31.asset using Guid(38fe0e0e0e16dc3478c28ee76b5d59d5) Importer(815301076,1909f56bfc062723c751e8b465ee728b)  -> (artifact id: '7fb61ce168578aefebe9ef55efa11a7b') in 0.001857 seconds 
========================================================================
Received Import Request.
  Time since last request: 0.000026 seconds.
  path: Assets/Scripts/Data/4- Competition Deck/Situation 18.asset
  artifactKey: Guid(8e26368c6faabd24ba455fe1d5808016) Importer(815301076,1909f56bfc062723c751e8b465ee728b)
Start importing Assets/Scripts/Data/4- Competition Deck/Situation 18.asset using Guid(8e26368c6faabd24ba455fe1d5808016) Importer(815301076,1909f56bfc062723c751e8b465ee728b)  -> (artifact id: '5804d310f7a4d1209634e62eb1298ace') in 0.001997 seconds 
========================================================================
Received Import Request.
  Time since last request: 0.000022 seconds.
  path: Assets/Scripts/Data/4- Competition Deck/Situation 41.asset
  artifactKey: Guid(206b061d95bd7ac47bc71e75aac941eb) Importer(815301076,1909f56bfc062723c751e8b465ee728b)
Start importing Assets/Scripts/Data/4- Competition Deck/Situation 41.asset using Guid(206b061d95bd7ac47bc71e75aac941eb) Importer(815301076,1909f56bfc062723c751e8b465ee728b)  -> (artifact id: '37e6d57b9115be9a19f720e6da3c68fd') in 0.001997 seconds 
========================================================================
Received Import Request.
  Time since last request: 0.000024 seconds.
  path: Assets/Scripts/Data/4- Competition Deck/Situation 24.asset
  artifactKey: Guid(90a7a6bd1066b7249bb2e4b3ddab80de) Importer(815301076,1909f56bfc062723c751e8b465ee728b)
Start importing Assets/Scripts/Data/4- Competition Deck/Situation 24.asset using Guid(90a7a6bd1066b7249bb2e4b3ddab80de) Importer(815301076,1909f56bfc062723c751e8b465ee728b)  -> (artifact id: '55b231fd1aa385418cc2cd8613c6cf72') in 0.002050 seconds 
========================================================================
Received Import Request.
  Time since last request: 0.000020 seconds.
  path: Assets/Scripts/Data/4- Competition Deck/Situation 3.asset
  artifactKey: Guid(703195ae7995a3744b90975abdb28851) Importer(815301076,1909f56bfc062723c751e8b465ee728b)
Start importing Assets/Scripts/Data/4- Competition Deck/Situation 3.asset using Guid(703195ae7995a3744b90975abdb28851) Importer(815301076,1909f56bfc062723c751e8b465ee728b)  -> (artifact id: '27616021ea9371b4d5875da3dd809b00') in 0.002063 seconds 
========================================================================
Received Import Request.
  Time since last request: 0.000023 seconds.
  path: Assets/Scripts/Data/4- Competition Deck/Situation 11.asset
  artifactKey: Guid(16d35c834302e35429b2d023b4837856) Importer(815301076,1909f56bfc062723c751e8b465ee728b)
Start importing Assets/Scripts/Data/4- Competition Deck/Situation 11.asset using Guid(16d35c834302e35429b2d023b4837856) Importer(815301076,1909f56bfc062723c751e8b465ee728b)  -> (artifact id: '926df74395fee8369609511906b8df7f') in 0.002447 seconds 
Editor requested this worker to shutdown with reason: Scaling down because of idle timeout
AssetImportWorker is now disconnected from the server
Process exiting
Exiting without the bug reporter. Application will terminate with return code 0