Using pre-set license
Built from '2021.3/staging' branch; Version is '2021.3.6f1 (7da38d85baf6) revision 8233869'; Using compiler version '192829333'; Build Type 'Release'
OS: 'Windows 10  (10.0.19043) 64bit Core' Language: 'en' Physical Memory: 16169 MB
BatchMode: 1, IsHumanControllingUs: 0, StartBugReporterOnCrash: 0, Is64bit: 1, IsPro: 1

COMMAND LINE ARGUMENTS:
C:\Program Files\Unity\Hub\Editor\2021.3.6f1\Editor\Unity.exe
-adb2
-batchMode
-noUpm
-name
AssetImportWorker6
-projectPath
C:/Users/adems/Downloads/15.11 SPACE/SPACE/New Unity Project (2)
-logFile
Logs/AssetImportWorker6.log
-srvPort
59219
Successfully changed project path to: C:/Users/adems/Downloads/15.11 SPACE/SPACE/New Unity Project (2)
C:/Users/adems/Downloads/15.11 SPACE/SPACE/New Unity Project (2)
[UnityMemory] Configuration Parameters - Can be set up in boot.config
    "memorysetup-bucket-allocator-granularity=16"
    "memorysetup-bucket-allocator-bucket-count=8"
    "memorysetup-bucket-allocator-block-size=33554432"
    "memorysetup-bucket-allocator-block-count=8"
    "memorysetup-main-allocator-block-size=16777216"
    "memorysetup-thread-allocator-block-size=16777216"
    "memorysetup-gfx-main-allocator-block-size=16777216"
    "memorysetup-gfx-thread-allocator-block-size=16777216"
    "memorysetup-cache-allocator-block-size=4194304"
    "memorysetup-typetree-allocator-block-size=2097152"
    "memorysetup-profiler-bucket-allocator-granularity=16"
    "memorysetup-profiler-bucket-allocator-bucket-count=8"
    "memorysetup-profiler-bucket-allocator-block-size=33554432"
    "memorysetup-profiler-bucket-allocator-block-count=8"
    "memorysetup-profiler-allocator-block-size=16777216"
    "memorysetup-profiler-editor-allocator-block-size=1048576"
    "memorysetup-temp-allocator-size-main=16777216"
    "memorysetup-job-temp-allocator-block-size=2097152"
    "memorysetup-job-temp-allocator-block-size-background=1048576"
    "memorysetup-job-temp-allocator-reduction-small-platforms=262144"
    "memorysetup-temp-allocator-size-background-worker=32768"
    "memorysetup-temp-allocator-size-job-worker=262144"
    "memorysetup-temp-allocator-size-preload-manager=33554432"
    "memorysetup-temp-allocator-size-nav-mesh-worker=65536"
    "memorysetup-temp-allocator-size-audio-worker=65536"
    "memorysetup-temp-allocator-size-cloud-worker=32768"
    "memorysetup-temp-allocator-size-gi-baking-worker=262144"
    "memorysetup-temp-allocator-size-gfx=262144"
Refreshing native plugins compatible for Editor in 106.11 ms, found 3 plugins.
Preloading 0 native plugins for Editor in 0.00 ms.
Initialize engine version: 2021.3.6f1 (7da38d85baf6)
[Subsystems] Discovering subsystems at path C:/Program Files/Unity/Hub/Editor/2021.3.6f1/Editor/Data/Resources/UnitySubsystems
[Subsystems] Discovering subsystems at path C:/Users/adems/Downloads/15.11 SPACE/SPACE/New Unity Project (2)/Assets
GfxDevice: creating device client; threaded=0; jobified=0
Direct3D:
    Version:  Direct3D 11.0 [level 11.1]
    Renderer: NVIDIA GeForce GTX 1660 Ti (ID=0x2191)
    Vendor:   NVIDIA
    VRAM:     5991 MB
    Driver:   30.0.15.1278
Initialize mono
Mono path[0] = 'C:/Program Files/Unity/Hub/Editor/2021.3.6f1/Editor/Data/Managed'
Mono path[1] = 'C:/Program Files/Unity/Hub/Editor/2021.3.6f1/Editor/Data/MonoBleedingEdge/lib/mono/unityjit-win32'
Mono config path = 'C:/Program Files/Unity/Hub/Editor/2021.3.6f1/Editor/Data/MonoBleedingEdge/etc'
Using monoOptions --debugger-agent=transport=dt_socket,embedding=1,server=y,suspend=n,address=127.0.0.1:56128
Begin MonoManager ReloadAssembly
Registering precompiled unity dll's ...
Register platform support module: C:/Program Files/Unity/Hub/Editor/2021.3.6f1/Editor/Data/PlaybackEngines/WindowsStandaloneSupport/UnityEditor.WindowsStandalone.Extensions.dll
Registered in 0.011952 seconds.
Native extension for WindowsStandalone target not found
Refreshing native plugins compatible for Editor in 110.80 ms, found 3 plugins.
Preloading 0 native plugins for Editor in 0.00 ms.
Mono: successfully reloaded assembly
- Completed reload, in  0.839 seconds
Domain Reload Profiling:
	ReloadAssembly (840ms)
		BeginReloadAssembly (104ms)
			ExecutionOrderSort (0ms)
			DisableScriptedObjects (0ms)
			BackupInstance (0ms)
			ReleaseScriptingObjects (0ms)
			CreateAndSetChildDomain (1ms)
		EndReloadAssembly (591ms)
			LoadAssemblies (100ms)
			RebuildTransferFunctionScriptingTraits (0ms)
			SetupTypeCache (126ms)
			ReleaseScriptCaches (0ms)
			RebuildScriptCaches (35ms)
			SetupLoadedEditorAssemblies (364ms)
				LogAssemblyErrors (0ms)
				InitializePlatformSupportModulesInManaged (10ms)
				SetLoadedEditorAssemblies (0ms)
				RefreshPlugins (111ms)
				BeforeProcessingInitializeOnLoad (1ms)
				ProcessInitializeOnLoadAttributes (182ms)
				ProcessInitializeOnLoadMethodAttributes (59ms)
				AfterProcessingInitializeOnLoad (0ms)
				EditorAssembliesLoaded (0ms)
			ExecutionOrderSort2 (0ms)
			AwakeInstancesAfterBackupRestoration (0ms)
Platform modules already initialized, skipping
Registering precompiled user dll's ...
Registered in 0.014255 seconds.
Begin MonoManager ReloadAssembly
Symbol file LoadedFromMemory doesn't match image C:\Users\adems\Downloads\15.11 SPACE\SPACE\New Unity Project (2)\Library\PackageCache\com.unity.visualscripting@1.7.8\Editor\VisualScripting.Core\Dependencies\YamlDotNet\Unity.VisualScripting.YamlDotNet.dll
Symbol file LoadedFromMemory doesn't match image C:\Users\adems\Downloads\15.11 SPACE\SPACE\New Unity Project (2)\Library\PackageCache\com.unity.visualscripting@1.7.8\Editor\VisualScripting.Core\Dependencies\DotNetZip\Unity.VisualScripting.IonicZip.dll
Native extension for WindowsStandalone target not found
Refreshing native plugins compatible for Editor in 0.59 ms, found 3 plugins.
Preloading 0 native plugins for Editor in 0.00 ms.
Mono: successfully reloaded assembly
- Completed reload, in  1.320 seconds
Domain Reload Profiling:
	ReloadAssembly (1321ms)
		BeginReloadAssembly (147ms)
			ExecutionOrderSort (0ms)
			DisableScriptedObjects (7ms)
			BackupInstance (0ms)
			ReleaseScriptingObjects (0ms)
			CreateAndSetChildDomain (21ms)
		EndReloadAssembly (1017ms)
			LoadAssemblies (120ms)
			RebuildTransferFunctionScriptingTraits (0ms)
			SetupTypeCache (317ms)
			ReleaseScriptCaches (1ms)
			RebuildScriptCaches (60ms)
			SetupLoadedEditorAssemblies (473ms)
				LogAssemblyErrors (0ms)
				InitializePlatformSupportModulesInManaged (8ms)
				SetLoadedEditorAssemblies (1ms)
				RefreshPlugins (1ms)
				BeforeProcessingInitializeOnLoad (118ms)
				ProcessInitializeOnLoadAttributes (296ms)
				ProcessInitializeOnLoadMethodAttributes (33ms)
				AfterProcessingInitializeOnLoad (15ms)
				EditorAssembliesLoaded (0ms)
			ExecutionOrderSort2 (0ms)
			AwakeInstancesAfterBackupRestoration (8ms)
Platform modules already initialized, skipping
========================================================================
Worker process is ready to serve import requests
Launched and connected shader compiler UnityShaderCompiler.exe after 0.06 seconds
Refreshing native plugins compatible for Editor in 0.78 ms, found 3 plugins.
Preloading 0 native plugins for Editor in 0.00 ms.
Unloading 3375 Unused Serialized files (Serialized files now loaded: 0)
Unloading 27 unused Assets / (111.0 KB). Loaded Objects now: 3833.
Memory consumption went from 116.1 MB to 116.0 MB.
Total: 4.038300 ms (FindLiveObjects: 0.314100 ms CreateObjectMapping: 0.312900 ms MarkObjects: 3.302900 ms  DeleteObjects: 0.107300 ms)

AssetImportParameters requested are different than current active one (requested -> active):
  custom:video-decoder-ogg-theora: a1e56fd34408186e4bbccfd4996cb3dc -> 
  custom:container-muxer-webm: aa71ff27fc2769a1b78a27578f13a17b -> 
  custom:container-demuxer-webm: 4f35f7cbe854078d1ac9338744f61a02 -> 
  custom:video-encoder-webm-vp8: eb34c28f22e8b96e1ab97ce403110664 -> 
  custom:video-codec-MediaFoundation-h265: 746d11721c4dcdbdad8f713fa42b33f4 -> 
  custom:audio-encoder-webm-vorbis: bf7c407c2cedff20999df2af8eb42d56 -> 
  custom:framework-win-MediaFoundation: 216162199b28c13a410421893ffa2e32 -> 
  custom:container-demuxer-ogg: 62fdf1f143b41e24485cea50d1cbac27 -> 
  custom:video-decoder-webm-vp8: 9c59270c3fd7afecdb556c50c9e8de78 -> 
  custom:audio-decoder-ogg-vorbis: bf7c407c2cedff20999df2af8eb42d56 -> 
========================================================================
Received Import Request.
  Time since last request: 614563.201039 seconds.
  path: Assets/Scripts/Data/3- Staff and Personal Life deck/Situation 40.asset
  artifactKey: Guid(a7f7ab1ad8585b44aab087f7ea8dc3a6) Importer(815301076,1909f56bfc062723c751e8b465ee728b)
Start importing Assets/Scripts/Data/3- Staff and Personal Life deck/Situation 40.asset using Guid(a7f7ab1ad8585b44aab087f7ea8dc3a6) Importer(815301076,1909f56bfc062723c751e8b465ee728b)  -> (artifact id: '6d83be403be48c147af0d9b8b7934b6c') in 0.043873 seconds 
========================================================================
Received Import Request.
  Time since last request: 24.725376 seconds.
  path: Assets/Scripts/Data/3- Staff and Personal Life deck/Situation 39.asset
  artifactKey: Guid(d78713fae48a7e74b9a0615d95064991) Importer(815301076,1909f56bfc062723c751e8b465ee728b)
Start importing Assets/Scripts/Data/3- Staff and Personal Life deck/Situation 39.asset using Guid(d78713fae48a7e74b9a0615d95064991) Importer(815301076,1909f56bfc062723c751e8b465ee728b)  -> (artifact id: 'ee06983f054b615c2d5b18963a54e7aa') in 0.003034 seconds 
========================================================================
Received Import Request.
  Time since last request: 22.326718 seconds.
  path: Assets/Scripts/Data/3- Staff and Personal Life deck/Situation 38.asset
  artifactKey: Guid(e16b436e9cca4144e888d1f93a6f4bdb) Importer(815301076,1909f56bfc062723c751e8b465ee728b)
Start importing Assets/Scripts/Data/3- Staff and Personal Life deck/Situation 38.asset using Guid(e16b436e9cca4144e888d1f93a6f4bdb) Importer(815301076,1909f56bfc062723c751e8b465ee728b)  -> (artifact id: '5850645a6f3379d53ce8eb5db5f64728') in 0.002916 seconds 
========================================================================
Received Import Request.
  Time since last request: 59.522688 seconds.
  path: Assets/Scripts/Data/3- Staff and Personal Life deck/Situation 36.asset
  artifactKey: Guid(eff77987fcb04fa4aa4cb7e59c3e08c0) Importer(815301076,1909f56bfc062723c751e8b465ee728b)
Start importing Assets/Scripts/Data/3- Staff and Personal Life deck/Situation 36.asset using Guid(eff77987fcb04fa4aa4cb7e59c3e08c0) Importer(815301076,1909f56bfc062723c751e8b465ee728b)  -> (artifact id: 'e70ae1dbaf8b1910323da9fd566fa105') in 0.003298 seconds 
========================================================================
Received Import Request.
  Time since last request: 14.897171 seconds.
  path: Assets/Scripts/Data/3- Staff and Personal Life deck/Situation 15.asset
  artifactKey: Guid(c67c4b291af1d2a44b2c3984360f57a8) Importer(815301076,1909f56bfc062723c751e8b465ee728b)
Start importing Assets/Scripts/Data/3- Staff and Personal Life deck/Situation 15.asset using Guid(c67c4b291af1d2a44b2c3984360f57a8) Importer(815301076,1909f56bfc062723c751e8b465ee728b)  -> (artifact id: 'c6633b19ffa7c5cdb9f2f2a8800490bb') in 0.005258 seconds 
========================================================================
Received Import Request.
  Time since last request: 0.005278 seconds.
  path: Assets/Scripts/Data/3- Staff and Personal Life deck/Situation 17.asset
  artifactKey: Guid(1c7f8189fc4f9414cb9bac33a65907a2) Importer(815301076,1909f56bfc062723c751e8b465ee728b)
Start importing Assets/Scripts/Data/3- Staff and Personal Life deck/Situation 17.asset using Guid(1c7f8189fc4f9414cb9bac33a65907a2) Importer(815301076,1909f56bfc062723c751e8b465ee728b)  -> (artifact id: '0b5a4ac03a0661917fc97196de3b580f') in 0.004195 seconds 
========================================================================
Received Import Request.
  Time since last request: 0.003424 seconds.
  path: Assets/Scripts/Data/3- Staff and Personal Life deck/Situation 21.asset
  artifactKey: Guid(be35042acf13bc247940d81c3a878e06) Importer(815301076,1909f56bfc062723c751e8b465ee728b)
Start importing Assets/Scripts/Data/3- Staff and Personal Life deck/Situation 21.asset using Guid(be35042acf13bc247940d81c3a878e06) Importer(815301076,1909f56bfc062723c751e8b465ee728b)  -> (artifact id: '913c971db0afb1558583db75113c6348') in 0.006591 seconds 
========================================================================
Received Import Request.
  Time since last request: 0.000023 seconds.
  path: Assets/Scripts/Data/3- Staff and Personal Life deck/Situation 25.asset
  artifactKey: Guid(9911a423b24daab4b930392a81f4145d) Importer(815301076,1909f56bfc062723c751e8b465ee728b)
Start importing Assets/Scripts/Data/3- Staff and Personal Life deck/Situation 25.asset using Guid(9911a423b24daab4b930392a81f4145d) Importer(815301076,1909f56bfc062723c751e8b465ee728b)  -> (artifact id: 'fa382dcf1ad3c3f976b0d1683c12cb1f') in 0.003934 seconds 
========================================================================
Received Import Request.
  Time since last request: 0.000029 seconds.
  path: Assets/Scripts/Data/3- Staff and Personal Life deck/Situation 24.asset
  artifactKey: Guid(e3e994f9a8c5b02459a65c606e2ed588) Importer(815301076,1909f56bfc062723c751e8b465ee728b)
Start importing Assets/Scripts/Data/3- Staff and Personal Life deck/Situation 24.asset using Guid(e3e994f9a8c5b02459a65c606e2ed588) Importer(815301076,1909f56bfc062723c751e8b465ee728b)  -> (artifact id: '91d3e0c8dabb62548b13a29e4083b796') in 0.007004 seconds 
========================================================================
Received Import Request.
  Time since last request: 0.000025 seconds.
  path: Assets/Scripts/Data/3- Staff and Personal Life deck/Situation 18.asset
  artifactKey: Guid(15b9027e1b279fc47a5e2f186f362f3a) Importer(815301076,1909f56bfc062723c751e8b465ee728b)
Start importing Assets/Scripts/Data/3- Staff and Personal Life deck/Situation 18.asset using Guid(15b9027e1b279fc47a5e2f186f362f3a) Importer(815301076,1909f56bfc062723c751e8b465ee728b)  -> (artifact id: '9ff9fd6ab0061b2e30980809ca5280aa') in 0.005695 seconds 
========================================================================
Received Import Request.
  Time since last request: 41.914985 seconds.
  path: Assets/Scripts/Data/3- Staff and Personal Life deck/Situation 7.asset
  artifactKey: Guid(cfdfdcd5abc778a48b77745a4ed6ac2b) Importer(815301076,1909f56bfc062723c751e8b465ee728b)
Start importing Assets/Scripts/Data/3- Staff and Personal Life deck/Situation 7.asset using Guid(cfdfdcd5abc778a48b77745a4ed6ac2b) Importer(815301076,1909f56bfc062723c751e8b465ee728b)  -> (artifact id: 'd2b7d7083b2730b9f5d8758a2bef8eda') in 0.005849 seconds 
========================================================================
Received Import Request.
  Time since last request: 0.009018 seconds.
  path: Assets/Scripts/Data/3- Staff and Personal Life deck/Situation 12.asset
  artifactKey: Guid(39ea955b7bd863449bdfdb8318b5a90f) Importer(815301076,1909f56bfc062723c751e8b465ee728b)
Start importing Assets/Scripts/Data/3- Staff and Personal Life deck/Situation 12.asset using Guid(39ea955b7bd863449bdfdb8318b5a90f) Importer(815301076,1909f56bfc062723c751e8b465ee728b)  -> (artifact id: '2e3ff46e3fc36886b76365f9ab160e25') in 0.006469 seconds 
========================================================================
Received Import Request.
  Time since last request: 0.000034 seconds.
  path: Assets/Scripts/Data/3- Staff and Personal Life deck/Situation 10.asset
  artifactKey: Guid(165a199aefe4325479cd980575b1ae04) Importer(815301076,1909f56bfc062723c751e8b465ee728b)
Start importing Assets/Scripts/Data/3- Staff and Personal Life deck/Situation 10.asset using Guid(165a199aefe4325479cd980575b1ae04) Importer(815301076,1909f56bfc062723c751e8b465ee728b)  -> (artifact id: 'a235389e40c62748f84d95e1ab46c983') in 0.004536 seconds 
========================================================================
Received Import Request.
  Time since last request: 0.000026 seconds.
  path: Assets/Scripts/Data/3- Staff and Personal Life deck/Situation 11.asset
  artifactKey: Guid(d3bfdf601eaeebb4da7bac920ddff84a) Importer(815301076,1909f56bfc062723c751e8b465ee728b)
Start importing Assets/Scripts/Data/3- Staff and Personal Life deck/Situation 11.asset using Guid(d3bfdf601eaeebb4da7bac920ddff84a) Importer(815301076,1909f56bfc062723c751e8b465ee728b)  -> (artifact id: 'e761a9d3140b8cd0d866aea92fbaf457') in 0.004720 seconds 
========================================================================
Received Import Request.
  Time since last request: 40.905917 seconds.
  path: Assets/Scripts/Data/3- Staff and Personal Life deck/Situation 35.asset
  artifactKey: Guid(cfa4636f7e3f8ac469faa2846540f37b) Importer(815301076,1909f56bfc062723c751e8b465ee728b)
Start importing Assets/Scripts/Data/3- Staff and Personal Life deck/Situation 35.asset using Guid(cfa4636f7e3f8ac469faa2846540f37b) Importer(815301076,1909f56bfc062723c751e8b465ee728b)  -> (artifact id: '493aef59afc781e312a3a61cfbe56d41') in 0.003654 seconds 
========================================================================
Received Import Request.
  Time since last request: 107.110279 seconds.
  path: Assets/Scripts/Data/3- Staff and Personal Life deck/Situation 31.asset
  artifactKey: Guid(7d4c8ed5e48025b49a04c42c47532850) Importer(815301076,1909f56bfc062723c751e8b465ee728b)
Start importing Assets/Scripts/Data/3- Staff and Personal Life deck/Situation 31.asset using Guid(7d4c8ed5e48025b49a04c42c47532850) Importer(815301076,1909f56bfc062723c751e8b465ee728b)  -> (artifact id: '19d1b17e7b436a6c49f20f5497bb0d0f') in 0.003502 seconds 
========================================================================
Received Import Request.
  Time since last request: 0.000029 seconds.
  path: Assets/Scripts/Data/3- Staff and Personal Life deck/Situation 33.asset
  artifactKey: Guid(562223a603239ad4b832eb811a8d7265) Importer(815301076,1909f56bfc062723c751e8b465ee728b)
Start importing Assets/Scripts/Data/3- Staff and Personal Life deck/Situation 33.asset using Guid(562223a603239ad4b832eb811a8d7265) Importer(815301076,1909f56bfc062723c751e8b465ee728b)  -> (artifact id: 'b502afc996db17b13c4ef901d6ace8d5') in 0.003214 seconds 
========================================================================
Received Import Request.
  Time since last request: 89.774382 seconds.
  path: Assets/Scripts/Data/3- Staff and Personal Life deck/Situation 29.asset
  artifactKey: Guid(f4a7b6d23c518434b92e9096fb260d92) Importer(815301076,1909f56bfc062723c751e8b465ee728b)
Start importing Assets/Scripts/Data/3- Staff and Personal Life deck/Situation 29.asset using Guid(f4a7b6d23c518434b92e9096fb260d92) Importer(815301076,1909f56bfc062723c751e8b465ee728b)  -> (artifact id: 'cd4efca3b26a56509055b41958d2dfd9') in 0.003372 seconds 
========================================================================
Received Import Request.
  Time since last request: 331.140859 seconds.
  path: Assets/Scripts/Data/3- Staff and Personal Life deck/Situation 20.asset
  artifactKey: Guid(f2dc54eccaba4f74ba85e6f319ec1cc1) Importer(815301076,1909f56bfc062723c751e8b465ee728b)
Start importing Assets/Scripts/Data/3- Staff and Personal Life deck/Situation 20.asset using Guid(f2dc54eccaba4f74ba85e6f319ec1cc1) Importer(815301076,1909f56bfc062723c751e8b465ee728b)  -> (artifact id: 'b492a8f40cbe613f92bb79852959ab25') in 0.003744 seconds 
========================================================================
Received Import Request.
  Time since last request: 264.232015 seconds.
  path: Assets/Scripts/Data/3- Staff and Personal Life deck/Situation 2.asset
  artifactKey: Guid(20170d2791ed7344bbc07e66de760f19) Importer(815301076,1909f56bfc062723c751e8b465ee728b)
Start importing Assets/Scripts/Data/3- Staff and Personal Life deck/Situation 2.asset using Guid(20170d2791ed7344bbc07e66de760f19) Importer(815301076,1909f56bfc062723c751e8b465ee728b)  -> (artifact id: 'bf1ef907266ced311493a1c2d1a0cbb5') in 0.003466 seconds 
========================================================================
Received Import Request.
  Time since last request: 0.002499 seconds.
  path: Assets/Scripts/Data/3- Staff and Personal Life deck/Situation 4.asset
  artifactKey: Guid(c9624ba7ee2bdc94b9329a146ebe0e62) Importer(815301076,1909f56bfc062723c751e8b465ee728b)
Start importing Assets/Scripts/Data/3- Staff and Personal Life deck/Situation 4.asset using Guid(c9624ba7ee2bdc94b9329a146ebe0e62) Importer(815301076,1909f56bfc062723c751e8b465ee728b)  -> (artifact id: 'be9741cd79be955c2a510fedfe52a433') in 0.003577 seconds 
Editor requested this worker to shutdown with reason: Scaling down because of idle timeout
AssetImportWorker is now disconnected from the server
Process exiting
Exiting without the bug reporter. Application will terminate with return code 0