Using pre-set license
Built from '2021.3/staging' branch; Version is '2021.3.6f1 (7da38d85baf6) revision 8233869'; Using compiler version '192829333'; Build Type 'Release'
OS: 'Windows 10  (10.0.19043) 64bit Core' Language: 'en' Physical Memory: 16169 MB
BatchMode: 1, IsHumanControllingUs: 0, StartBugReporterOnCrash: 0, Is64bit: 1, IsPro: 1

COMMAND LINE ARGUMENTS:
C:\Program Files\Unity\Hub\Editor\2021.3.6f1\Editor\Unity.exe
-adb2
-batchMode
-noUpm
-name
AssetImportWorker30
-projectPath
C:/Users/adems/Downloads/15.11 SPACE/SPACE/New Unity Project (2)
-logFile
Logs/AssetImportWorker30.log
-srvPort
59219
Successfully changed project path to: C:/Users/adems/Downloads/15.11 SPACE/SPACE/New Unity Project (2)
C:/Users/adems/Downloads/15.11 SPACE/SPACE/New Unity Project (2)
[UnityMemory] Configuration Parameters - Can be set up in boot.config
    "memorysetup-bucket-allocator-granularity=16"
    "memorysetup-bucket-allocator-bucket-count=8"
    "memorysetup-bucket-allocator-block-size=33554432"
    "memorysetup-bucket-allocator-block-count=8"
    "memorysetup-main-allocator-block-size=16777216"
    "memorysetup-thread-allocator-block-size=16777216"
    "memorysetup-gfx-main-allocator-block-size=16777216"
    "memorysetup-gfx-thread-allocator-block-size=16777216"
    "memorysetup-cache-allocator-block-size=4194304"
    "memorysetup-typetree-allocator-block-size=2097152"
    "memorysetup-profiler-bucket-allocator-granularity=16"
    "memorysetup-profiler-bucket-allocator-bucket-count=8"
    "memorysetup-profiler-bucket-allocator-block-size=33554432"
    "memorysetup-profiler-bucket-allocator-block-count=8"
    "memorysetup-profiler-allocator-block-size=16777216"
    "memorysetup-profiler-editor-allocator-block-size=1048576"
    "memorysetup-temp-allocator-size-main=16777216"
    "memorysetup-job-temp-allocator-block-size=2097152"
    "memorysetup-job-temp-allocator-block-size-background=1048576"
    "memorysetup-job-temp-allocator-reduction-small-platforms=262144"
    "memorysetup-temp-allocator-size-background-worker=32768"
    "memorysetup-temp-allocator-size-job-worker=262144"
    "memorysetup-temp-allocator-size-preload-manager=33554432"
    "memorysetup-temp-allocator-size-nav-mesh-worker=65536"
    "memorysetup-temp-allocator-size-audio-worker=65536"
    "memorysetup-temp-allocator-size-cloud-worker=32768"
    "memorysetup-temp-allocator-size-gi-baking-worker=262144"
    "memorysetup-temp-allocator-size-gfx=262144"
Refreshing native plugins compatible for Editor in 110.01 ms, found 3 plugins.
Preloading 0 native plugins for Editor in 0.00 ms.
Initialize engine version: 2021.3.6f1 (7da38d85baf6)
[Subsystems] Discovering subsystems at path C:/Program Files/Unity/Hub/Editor/2021.3.6f1/Editor/Data/Resources/UnitySubsystems
[Subsystems] Discovering subsystems at path C:/Users/adems/Downloads/15.11 SPACE/SPACE/New Unity Project (2)/Assets
GfxDevice: creating device client; threaded=0; jobified=0
Direct3D:
    Version:  Direct3D 11.0 [level 11.1]
    Renderer: NVIDIA GeForce GTX 1660 Ti (ID=0x2191)
    Vendor:   NVIDIA
    VRAM:     5991 MB
    Driver:   30.0.15.1278
Initialize mono
Mono path[0] = 'C:/Program Files/Unity/Hub/Editor/2021.3.6f1/Editor/Data/Managed'
Mono path[1] = 'C:/Program Files/Unity/Hub/Editor/2021.3.6f1/Editor/Data/MonoBleedingEdge/lib/mono/unityjit-win32'
Mono config path = 'C:/Program Files/Unity/Hub/Editor/2021.3.6f1/Editor/Data/MonoBleedingEdge/etc'
Using monoOptions --debugger-agent=transport=dt_socket,embedding=1,server=y,suspend=n,address=127.0.0.1:56116
Begin MonoManager ReloadAssembly
Registering precompiled unity dll's ...
Register platform support module: C:/Program Files/Unity/Hub/Editor/2021.3.6f1/Editor/Data/PlaybackEngines/WindowsStandaloneSupport/UnityEditor.WindowsStandalone.Extensions.dll
Registered in 0.012940 seconds.
Native extension for WindowsStandalone target not found
Refreshing native plugins compatible for Editor in 106.66 ms, found 3 plugins.
Preloading 0 native plugins for Editor in 0.00 ms.
Mono: successfully reloaded assembly
- Completed reload, in  0.829 seconds
Domain Reload Profiling:
	ReloadAssembly (830ms)
		BeginReloadAssembly (100ms)
			ExecutionOrderSort (0ms)
			DisableScriptedObjects (0ms)
			BackupInstance (0ms)
			ReleaseScriptingObjects (0ms)
			CreateAndSetChildDomain (1ms)
		EndReloadAssembly (579ms)
			LoadAssemblies (96ms)
			RebuildTransferFunctionScriptingTraits (0ms)
			SetupTypeCache (129ms)
			ReleaseScriptCaches (0ms)
			RebuildScriptCaches (35ms)
			SetupLoadedEditorAssemblies (350ms)
				LogAssemblyErrors (0ms)
				InitializePlatformSupportModulesInManaged (11ms)
				SetLoadedEditorAssemblies (0ms)
				RefreshPlugins (107ms)
				BeforeProcessingInitializeOnLoad (1ms)
				ProcessInitializeOnLoadAttributes (175ms)
				ProcessInitializeOnLoadMethodAttributes (55ms)
				AfterProcessingInitializeOnLoad (0ms)
				EditorAssembliesLoaded (0ms)
			ExecutionOrderSort2 (0ms)
			AwakeInstancesAfterBackupRestoration (0ms)
Platform modules already initialized, skipping
Registering precompiled user dll's ...
Registered in 0.012170 seconds.
Begin MonoManager ReloadAssembly
Symbol file LoadedFromMemory doesn't match image C:\Users\adems\Downloads\15.11 SPACE\SPACE\New Unity Project (2)\Library\PackageCache\com.unity.visualscripting@1.7.8\Editor\VisualScripting.Core\Dependencies\YamlDotNet\Unity.VisualScripting.YamlDotNet.dll
Symbol file LoadedFromMemory doesn't match image C:\Users\adems\Downloads\15.11 SPACE\SPACE\New Unity Project (2)\Library\PackageCache\com.unity.visualscripting@1.7.8\Editor\VisualScripting.Core\Dependencies\DotNetZip\Unity.VisualScripting.IonicZip.dll
Native extension for WindowsStandalone target not found
Refreshing native plugins compatible for Editor in 0.67 ms, found 3 plugins.
Preloading 0 native plugins for Editor in 0.00 ms.
Mono: successfully reloaded assembly
- Completed reload, in  1.321 seconds
Domain Reload Profiling:
	ReloadAssembly (1322ms)
		BeginReloadAssembly (141ms)
			ExecutionOrderSort (0ms)
			DisableScriptedObjects (7ms)
			BackupInstance (0ms)
			ReleaseScriptingObjects (0ms)
			CreateAndSetChildDomain (20ms)
		EndReloadAssembly (1032ms)
			LoadAssemblies (112ms)
			RebuildTransferFunctionScriptingTraits (0ms)
			SetupTypeCache (321ms)
			ReleaseScriptCaches (1ms)
			RebuildScriptCaches (59ms)
			SetupLoadedEditorAssemblies (500ms)
				LogAssemblyErrors (0ms)
				InitializePlatformSupportModulesInManaged (8ms)
				SetLoadedEditorAssemblies (1ms)
				RefreshPlugins (1ms)
				BeforeProcessingInitializeOnLoad (129ms)
				ProcessInitializeOnLoadAttributes (314ms)
				ProcessInitializeOnLoadMethodAttributes (33ms)
				AfterProcessingInitializeOnLoad (14ms)
				EditorAssembliesLoaded (0ms)
			ExecutionOrderSort2 (0ms)
			AwakeInstancesAfterBackupRestoration (7ms)
Platform modules already initialized, skipping
========================================================================
Worker process is ready to serve import requests
Launched and connected shader compiler UnityShaderCompiler.exe after 0.06 seconds
Refreshing native plugins compatible for Editor in 0.58 ms, found 3 plugins.
Preloading 0 native plugins for Editor in 0.00 ms.
Unloading 3375 Unused Serialized files (Serialized files now loaded: 0)
Unloading 27 unused Assets / (111.0 KB). Loaded Objects now: 3833.
Memory consumption went from 116.1 MB to 116.0 MB.
Total: 3.786900 ms (FindLiveObjects: 0.314800 ms CreateObjectMapping: 0.302100 ms MarkObjects: 3.054600 ms  DeleteObjects: 0.114400 ms)

AssetImportParameters requested are different than current active one (requested -> active):
  custom:video-decoder-ogg-theora: a1e56fd34408186e4bbccfd4996cb3dc -> 
  custom:container-muxer-webm: aa71ff27fc2769a1b78a27578f13a17b -> 
  custom:container-demuxer-webm: 4f35f7cbe854078d1ac9338744f61a02 -> 
  custom:video-encoder-webm-vp8: eb34c28f22e8b96e1ab97ce403110664 -> 
  custom:video-codec-MediaFoundation-h265: 746d11721c4dcdbdad8f713fa42b33f4 -> 
  custom:audio-encoder-webm-vorbis: bf7c407c2cedff20999df2af8eb42d56 -> 
  custom:framework-win-MediaFoundation: 216162199b28c13a410421893ffa2e32 -> 
  custom:container-demuxer-ogg: 62fdf1f143b41e24485cea50d1cbac27 -> 
  custom:video-decoder-webm-vp8: 9c59270c3fd7afecdb556c50c9e8de78 -> 
  custom:audio-decoder-ogg-vorbis: bf7c407c2cedff20999df2af8eb42d56 -> 
========================================================================
Received Import Request.
  Time since last request: 619594.843576 seconds.
  path: Assets/Scripts/Data/4- Competition Deck/Situation 37.asset
  artifactKey: Guid(0d70989e619d1584bbc4fd6eab9c52cb) Importer(815301076,1909f56bfc062723c751e8b465ee728b)
Start importing Assets/Scripts/Data/4- Competition Deck/Situation 37.asset using Guid(0d70989e619d1584bbc4fd6eab9c52cb) Importer(815301076,1909f56bfc062723c751e8b465ee728b)  -> (artifact id: '591b67f9ff897b406f81791d6ece52d4') in 0.046623 seconds 
========================================================================
Received Import Request.
  Time since last request: 0.000024 seconds.
  path: Assets/Scripts/Data/4- Competition Deck/Situation 39.asset
  artifactKey: Guid(eb0058a954a9f3f4fb0a5b3c84058290) Importer(815301076,1909f56bfc062723c751e8b465ee728b)
Start importing Assets/Scripts/Data/4- Competition Deck/Situation 39.asset using Guid(eb0058a954a9f3f4fb0a5b3c84058290) Importer(815301076,1909f56bfc062723c751e8b465ee728b)  -> (artifact id: 'cafa66df56a037a7c477b3458540cf98') in 0.002965 seconds 
========================================================================
Received Import Request.
  Time since last request: 97.110110 seconds.
  path: Assets/Scripts/Data/4- Competition Deck/Situation 35.asset
  artifactKey: Guid(cd79c5f7336ab984289d8cb6c7f025ff) Importer(815301076,1909f56bfc062723c751e8b465ee728b)
Start importing Assets/Scripts/Data/4- Competition Deck/Situation 35.asset using Guid(cd79c5f7336ab984289d8cb6c7f025ff) Importer(815301076,1909f56bfc062723c751e8b465ee728b)  -> (artifact id: '94f8350bbad4be8adee49965411f9701') in 0.003473 seconds 
========================================================================
Received Import Request.
  Time since last request: 116.430524 seconds.
  path: Assets/Scripts/Data/4- Competition Deck/Situation 31.asset
  artifactKey: Guid(38fe0e0e0e16dc3478c28ee76b5d59d5) Importer(815301076,1909f56bfc062723c751e8b465ee728b)
Start importing Assets/Scripts/Data/4- Competition Deck/Situation 31.asset using Guid(38fe0e0e0e16dc3478c28ee76b5d59d5) Importer(815301076,1909f56bfc062723c751e8b465ee728b)  -> (artifact id: '544ce0db0f6ed0f682dd9828bb44ef72') in 0.004173 seconds 
========================================================================
Received Import Request.
  Time since last request: 0.000024 seconds.
  path: Assets/Scripts/Data/4- Competition Deck/Situation 33.asset
  artifactKey: Guid(eacb7452fc3531e41993b3e907109ec3) Importer(815301076,1909f56bfc062723c751e8b465ee728b)
Start importing Assets/Scripts/Data/4- Competition Deck/Situation 33.asset using Guid(eacb7452fc3531e41993b3e907109ec3) Importer(815301076,1909f56bfc062723c751e8b465ee728b)  -> (artifact id: 'cab409838c24570079d0b2b2b6ee841f') in 0.003504 seconds 
========================================================================
Received Import Request.
  Time since last request: 230.024475 seconds.
  path: Assets/Scripts/Data/4- Competition Deck/Situation 28.asset
  artifactKey: Guid(65a26b30458e3a244b2bb7420a0d5c0c) Importer(815301076,1909f56bfc062723c751e8b465ee728b)
Start importing Assets/Scripts/Data/4- Competition Deck/Situation 28.asset using Guid(65a26b30458e3a244b2bb7420a0d5c0c) Importer(815301076,1909f56bfc062723c751e8b465ee728b)  -> (artifact id: 'afb22b2ad1e785a3d82b15f6df205548') in 0.004253 seconds 
========================================================================
Received Import Request.
  Time since last request: 185.129227 seconds.
  path: Assets/Scripts/Data/4- Competition Deck/Situation 24.asset
  artifactKey: Guid(90a7a6bd1066b7249bb2e4b3ddab80de) Importer(815301076,1909f56bfc062723c751e8b465ee728b)
Start importing Assets/Scripts/Data/4- Competition Deck/Situation 24.asset using Guid(90a7a6bd1066b7249bb2e4b3ddab80de) Importer(815301076,1909f56bfc062723c751e8b465ee728b)  -> (artifact id: '428c518241e7f518c77468ba1b71ec06') in 0.003960 seconds 
========================================================================
Received Import Request.
  Time since last request: 166.806619 seconds.
  path: Assets/Scripts/Data/4- Competition Deck/Situation 20.asset
  artifactKey: Guid(85c53e3caf979fe41b1b4205f2ba423e) Importer(815301076,1909f56bfc062723c751e8b465ee728b)
Start importing Assets/Scripts/Data/4- Competition Deck/Situation 20.asset using Guid(85c53e3caf979fe41b1b4205f2ba423e) Importer(815301076,1909f56bfc062723c751e8b465ee728b)  -> (artifact id: '04eb73eca7f1caddb689587adb8dbda6') in 0.004399 seconds 
========================================================================
Received Import Request.
  Time since last request: 112.887867 seconds.
  path: Assets/Scripts/Data/4- Competition Deck/Situation 17.asset
  artifactKey: Guid(79f8b7c2d34163b488e4174dd825b86c) Importer(815301076,1909f56bfc062723c751e8b465ee728b)
Start importing Assets/Scripts/Data/4- Competition Deck/Situation 17.asset using Guid(79f8b7c2d34163b488e4174dd825b86c) Importer(815301076,1909f56bfc062723c751e8b465ee728b)  -> (artifact id: '57a3cf6d4964668eac1bd06dc96bb29b') in 0.003554 seconds 
========================================================================
Received Import Request.
  Time since last request: 164.424082 seconds.
  path: Assets/Scripts/Data/4- Competition Deck/Situation 13.asset
  artifactKey: Guid(4ab11a672eca9364ea18d2904b9ae08e) Importer(815301076,1909f56bfc062723c751e8b465ee728b)
Start importing Assets/Scripts/Data/4- Competition Deck/Situation 13.asset using Guid(4ab11a672eca9364ea18d2904b9ae08e) Importer(815301076,1909f56bfc062723c751e8b465ee728b)  -> (artifact id: '088d09d5f75390a93bb2e45f4d449278') in 0.003802 seconds 
========================================================================
Received Import Request.
  Time since last request: 55.430918 seconds.
  path: Assets/Scripts/Data/4- Competition Deck/Situation 11.asset
  artifactKey: Guid(16d35c834302e35429b2d023b4837856) Importer(815301076,1909f56bfc062723c751e8b465ee728b)
Start importing Assets/Scripts/Data/4- Competition Deck/Situation 11.asset using Guid(16d35c834302e35429b2d023b4837856) Importer(815301076,1909f56bfc062723c751e8b465ee728b)  -> (artifact id: 'c133d14dad2260e81e29867b8102db37') in 0.003300 seconds 
