Using pre-set license
Built from '2021.3/staging' branch; Version is '2021.3.6f1 (7da38d85baf6) revision 8233869'; Using compiler version '192829333'; Build Type 'Release'
OS: 'Windows 10  (10.0.19043) 64bit Core' Language: 'en' Physical Memory: 16169 MB
BatchMode: 1, IsHumanControllingUs: 0, StartBugReporterOnCrash: 0, Is64bit: 1, IsPro: 1

COMMAND LINE ARGUMENTS:
C:\Program Files\Unity\Hub\Editor\2021.3.6f1\Editor\Unity.exe
-adb2
-batchMode
-noUpm
-name
AssetImportWorker29
-projectPath
C:/Users/adems/Downloads/15.11 SPACE/SPACE/New Unity Project (2)
-logFile
Logs/AssetImportWorker29.log
-srvPort
59219
Successfully changed project path to: C:/Users/adems/Downloads/15.11 SPACE/SPACE/New Unity Project (2)
C:/Users/adems/Downloads/15.11 SPACE/SPACE/New Unity Project (2)
[UnityMemory] Configuration Parameters - Can be set up in boot.config
    "memorysetup-bucket-allocator-granularity=16"
    "memorysetup-bucket-allocator-bucket-count=8"
    "memorysetup-bucket-allocator-block-size=33554432"
    "memorysetup-bucket-allocator-block-count=8"
    "memorysetup-main-allocator-block-size=16777216"
    "memorysetup-thread-allocator-block-size=16777216"
    "memorysetup-gfx-main-allocator-block-size=16777216"
    "memorysetup-gfx-thread-allocator-block-size=16777216"
    "memorysetup-cache-allocator-block-size=4194304"
    "memorysetup-typetree-allocator-block-size=2097152"
    "memorysetup-profiler-bucket-allocator-granularity=16"
    "memorysetup-profiler-bucket-allocator-bucket-count=8"
    "memorysetup-profiler-bucket-allocator-block-size=33554432"
    "memorysetup-profiler-bucket-allocator-block-count=8"
    "memorysetup-profiler-allocator-block-size=16777216"
    "memorysetup-profiler-editor-allocator-block-size=1048576"
    "memorysetup-temp-allocator-size-main=16777216"
    "memorysetup-job-temp-allocator-block-size=2097152"
    "memorysetup-job-temp-allocator-block-size-background=1048576"
    "memorysetup-job-temp-allocator-reduction-small-platforms=262144"
    "memorysetup-temp-allocator-size-background-worker=32768"
    "memorysetup-temp-allocator-size-job-worker=262144"
    "memorysetup-temp-allocator-size-preload-manager=33554432"
    "memorysetup-temp-allocator-size-nav-mesh-worker=65536"
    "memorysetup-temp-allocator-size-audio-worker=65536"
    "memorysetup-temp-allocator-size-cloud-worker=32768"
    "memorysetup-temp-allocator-size-gi-baking-worker=262144"
    "memorysetup-temp-allocator-size-gfx=262144"
Refreshing native plugins compatible for Editor in 115.55 ms, found 3 plugins.
Preloading 0 native plugins for Editor in 0.00 ms.
Initialize engine version: 2021.3.6f1 (7da38d85baf6)
[Subsystems] Discovering subsystems at path C:/Program Files/Unity/Hub/Editor/2021.3.6f1/Editor/Data/Resources/UnitySubsystems
[Subsystems] Discovering subsystems at path C:/Users/adems/Downloads/15.11 SPACE/SPACE/New Unity Project (2)/Assets
GfxDevice: creating device client; threaded=0; jobified=0
Direct3D:
    Version:  Direct3D 11.0 [level 11.1]
    Renderer: NVIDIA GeForce GTX 1660 Ti (ID=0x2191)
    Vendor:   NVIDIA
    VRAM:     5991 MB
    Driver:   30.0.15.1278
Initialize mono
Mono path[0] = 'C:/Program Files/Unity/Hub/Editor/2021.3.6f1/Editor/Data/Managed'
Mono path[1] = 'C:/Program Files/Unity/Hub/Editor/2021.3.6f1/Editor/Data/MonoBleedingEdge/lib/mono/unityjit-win32'
Mono config path = 'C:/Program Files/Unity/Hub/Editor/2021.3.6f1/Editor/Data/MonoBleedingEdge/etc'
Using monoOptions --debugger-agent=transport=dt_socket,embedding=1,server=y,suspend=n,address=127.0.0.1:56476
Begin MonoManager ReloadAssembly
Registering precompiled unity dll's ...
Register platform support module: C:/Program Files/Unity/Hub/Editor/2021.3.6f1/Editor/Data/PlaybackEngines/WindowsStandaloneSupport/UnityEditor.WindowsStandalone.Extensions.dll
Registered in 0.013911 seconds.
Native extension for WindowsStandalone target not found
Refreshing native plugins compatible for Editor in 113.74 ms, found 3 plugins.
Preloading 0 native plugins for Editor in 0.00 ms.
Mono: successfully reloaded assembly
- Completed reload, in  0.851 seconds
Domain Reload Profiling:
	ReloadAssembly (852ms)
		BeginReloadAssembly (98ms)
			ExecutionOrderSort (0ms)
			DisableScriptedObjects (0ms)
			BackupInstance (0ms)
			ReleaseScriptingObjects (0ms)
			CreateAndSetChildDomain (1ms)
		EndReloadAssembly (597ms)
			LoadAssemblies (93ms)
			RebuildTransferFunctionScriptingTraits (0ms)
			SetupTypeCache (138ms)
			ReleaseScriptCaches (0ms)
			RebuildScriptCaches (36ms)
			SetupLoadedEditorAssemblies (354ms)
				LogAssemblyErrors (0ms)
				InitializePlatformSupportModulesInManaged (10ms)
				SetLoadedEditorAssemblies (0ms)
				RefreshPlugins (114ms)
				BeforeProcessingInitializeOnLoad (1ms)
				ProcessInitializeOnLoadAttributes (171ms)
				ProcessInitializeOnLoadMethodAttributes (56ms)
				AfterProcessingInitializeOnLoad (0ms)
				EditorAssembliesLoaded (0ms)
			ExecutionOrderSort2 (0ms)
			AwakeInstancesAfterBackupRestoration (0ms)
Platform modules already initialized, skipping
Registering precompiled user dll's ...
Registered in 0.012402 seconds.
Begin MonoManager ReloadAssembly
Symbol file LoadedFromMemory doesn't match image C:\Users\adems\Downloads\15.11 SPACE\SPACE\New Unity Project (2)\Library\PackageCache\com.unity.visualscripting@1.7.8\Editor\VisualScripting.Core\Dependencies\YamlDotNet\Unity.VisualScripting.YamlDotNet.dll
Symbol file LoadedFromMemory doesn't match image C:\Users\adems\Downloads\15.11 SPACE\SPACE\New Unity Project (2)\Library\PackageCache\com.unity.visualscripting@1.7.8\Editor\VisualScripting.Core\Dependencies\DotNetZip\Unity.VisualScripting.IonicZip.dll
Native extension for WindowsStandalone target not found
Refreshing native plugins compatible for Editor in 0.64 ms, found 3 plugins.
Preloading 0 native plugins for Editor in 0.00 ms.
Mono: successfully reloaded assembly
- Completed reload, in  1.322 seconds
Domain Reload Profiling:
	ReloadAssembly (1323ms)
		BeginReloadAssembly (145ms)
			ExecutionOrderSort (0ms)
			DisableScriptedObjects (7ms)
			BackupInstance (0ms)
			ReleaseScriptingObjects (0ms)
			CreateAndSetChildDomain (21ms)
		EndReloadAssembly (1019ms)
			LoadAssemblies (116ms)
			RebuildTransferFunctionScriptingTraits (0ms)
			SetupTypeCache (323ms)
			ReleaseScriptCaches (1ms)
			RebuildScriptCaches (69ms)
			SetupLoadedEditorAssemblies (469ms)
				LogAssemblyErrors (0ms)
				InitializePlatformSupportModulesInManaged (9ms)
				SetLoadedEditorAssemblies (1ms)
				RefreshPlugins (1ms)
				BeforeProcessingInitializeOnLoad (126ms)
				ProcessInitializeOnLoadAttributes (286ms)
				ProcessInitializeOnLoadMethodAttributes (34ms)
				AfterProcessingInitializeOnLoad (14ms)
				EditorAssembliesLoaded (0ms)
			ExecutionOrderSort2 (0ms)
			AwakeInstancesAfterBackupRestoration (7ms)
Platform modules already initialized, skipping
========================================================================
Worker process is ready to serve import requests
Launched and connected shader compiler UnityShaderCompiler.exe after 0.06 seconds
Refreshing native plugins compatible for Editor in 0.62 ms, found 3 plugins.
Preloading 0 native plugins for Editor in 0.00 ms.
Unloading 3375 Unused Serialized files (Serialized files now loaded: 0)
Unloading 27 unused Assets / (111.0 KB). Loaded Objects now: 3833.
Memory consumption went from 116.1 MB to 116.0 MB.
Total: 3.533500 ms (FindLiveObjects: 0.318900 ms CreateObjectMapping: 0.295400 ms MarkObjects: 2.804300 ms  DeleteObjects: 0.113800 ms)

AssetImportParameters requested are different than current active one (requested -> active):
  custom:video-decoder-ogg-theora: a1e56fd34408186e4bbccfd4996cb3dc -> 
  custom:container-muxer-webm: aa71ff27fc2769a1b78a27578f13a17b -> 
  custom:container-demuxer-webm: 4f35f7cbe854078d1ac9338744f61a02 -> 
  custom:video-encoder-webm-vp8: eb34c28f22e8b96e1ab97ce403110664 -> 
  custom:video-codec-MediaFoundation-h265: 746d11721c4dcdbdad8f713fa42b33f4 -> 
  custom:audio-encoder-webm-vorbis: bf7c407c2cedff20999df2af8eb42d56 -> 
  custom:framework-win-MediaFoundation: 216162199b28c13a410421893ffa2e32 -> 
  custom:container-demuxer-ogg: 62fdf1f143b41e24485cea50d1cbac27 -> 
  custom:video-decoder-webm-vp8: 9c59270c3fd7afecdb556c50c9e8de78 -> 
  custom:audio-decoder-ogg-vorbis: bf7c407c2cedff20999df2af8eb42d56 -> 
========================================================================
Received Import Request.
  Time since last request: 619594.842109 seconds.
  path: Assets/Scripts/Data/4- Competition Deck/Situation 36.asset
  artifactKey: Guid(37c44ca59f31df540971fc03ca92c9c4) Importer(815301076,1909f56bfc062723c751e8b465ee728b)
Start importing Assets/Scripts/Data/4- Competition Deck/Situation 36.asset using Guid(37c44ca59f31df540971fc03ca92c9c4) Importer(815301076,1909f56bfc062723c751e8b465ee728b)  -> (artifact id: '60954a58e68f68db1196985288715505') in 0.045541 seconds 
========================================================================
Received Import Request.
  Time since last request: 0.000024 seconds.
  path: Assets/Scripts/Data/4- Competition Deck/Situation 38.asset
  artifactKey: Guid(1b255f3233983984783921b90b583cfc) Importer(815301076,1909f56bfc062723c751e8b465ee728b)
Start importing Assets/Scripts/Data/4- Competition Deck/Situation 38.asset using Guid(1b255f3233983984783921b90b583cfc) Importer(815301076,1909f56bfc062723c751e8b465ee728b)  -> (artifact id: '7149f6c1eed281ce64e162ee6c52a3ab') in 0.003569 seconds 
========================================================================
Received Import Request.
  Time since last request: 97.111467 seconds.
  path: Assets/Scripts/Data/4- Competition Deck/Situation 34.asset
  artifactKey: Guid(fc4f9499cba9f41498a5edd4cf4ab110) Importer(815301076,1909f56bfc062723c751e8b465ee728b)
Start importing Assets/Scripts/Data/4- Competition Deck/Situation 34.asset using Guid(fc4f9499cba9f41498a5edd4cf4ab110) Importer(815301076,1909f56bfc062723c751e8b465ee728b)  -> (artifact id: 'f547956eed6b46bbc8c221d302639e6c') in 0.003736 seconds 
========================================================================
Received Import Request.
  Time since last request: 0.000041 seconds.
  path: Assets/Scripts/Data/4- Competition Deck/Situation 36.asset
  artifactKey: Guid(37c44ca59f31df540971fc03ca92c9c4) Importer(815301076,1909f56bfc062723c751e8b465ee728b)
Start importing Assets/Scripts/Data/4- Competition Deck/Situation 36.asset using Guid(37c44ca59f31df540971fc03ca92c9c4) Importer(815301076,1909f56bfc062723c751e8b465ee728b)  -> (artifact id: '2c8991254f0bd9119b45c22e34a70ef3') in 0.003301 seconds 
========================================================================
Received Import Request.
  Time since last request: 116.417781 seconds.
  path: Assets/Scripts/Data/4- Competition Deck/Situation 30.asset
  artifactKey: Guid(399082b07c6578f41bc6aa3e40f1a08c) Importer(815301076,1909f56bfc062723c751e8b465ee728b)
Start importing Assets/Scripts/Data/4- Competition Deck/Situation 30.asset using Guid(399082b07c6578f41bc6aa3e40f1a08c) Importer(815301076,1909f56bfc062723c751e8b465ee728b)  -> (artifact id: 'c515b646d16f9618334c606d25f69795') in 0.004212 seconds 
========================================================================
Received Import Request.
  Time since last request: 0.000024 seconds.
  path: Assets/Scripts/Data/4- Competition Deck/Situation 32.asset
  artifactKey: Guid(c06841ae839323442be23ff8d591022a) Importer(815301076,1909f56bfc062723c751e8b465ee728b)
Start importing Assets/Scripts/Data/4- Competition Deck/Situation 32.asset using Guid(c06841ae839323442be23ff8d591022a) Importer(815301076,1909f56bfc062723c751e8b465ee728b)  -> (artifact id: '0cc36258355865b07a534e1243d88f0f') in 0.003569 seconds 
========================================================================
Received Import Request.
  Time since last request: 230.024918 seconds.
  path: Assets/Scripts/Data/4- Competition Deck/Situation 27.asset
  artifactKey: Guid(e11634bc1440c2048ac2bbec02e3dda8) Importer(815301076,1909f56bfc062723c751e8b465ee728b)
Start importing Assets/Scripts/Data/4- Competition Deck/Situation 27.asset using Guid(e11634bc1440c2048ac2bbec02e3dda8) Importer(815301076,1909f56bfc062723c751e8b465ee728b)  -> (artifact id: '8d6b7c16b75dbd8d93b3741416591bb0') in 0.004576 seconds 
========================================================================
Received Import Request.
  Time since last request: 0.000061 seconds.
  path: Assets/Scripts/Data/4- Competition Deck/Situation 29.asset
  artifactKey: Guid(471865f43b3aeba44bfe01569408f21f) Importer(815301076,1909f56bfc062723c751e8b465ee728b)
Start importing Assets/Scripts/Data/4- Competition Deck/Situation 29.asset using Guid(471865f43b3aeba44bfe01569408f21f) Importer(815301076,1909f56bfc062723c751e8b465ee728b)  -> (artifact id: '503b65c9b105f7f1faa78c797773de7e') in 0.004672 seconds 
========================================================================
Received Import Request.
  Time since last request: 40.494314 seconds.
  path: Assets/Scripts/Data/4- Competition Deck/Situation 26.asset
  artifactKey: Guid(6c6b54a54b805764b9a4b8ab8d429d0e) Importer(815301076,1909f56bfc062723c751e8b465ee728b)
Start importing Assets/Scripts/Data/4- Competition Deck/Situation 26.asset using Guid(6c6b54a54b805764b9a4b8ab8d429d0e) Importer(815301076,1909f56bfc062723c751e8b465ee728b)  -> (artifact id: '401af0437763fdebcd5aed1f9445b512') in 0.003518 seconds 
========================================================================
Received Import Request.
  Time since last request: 49.709057 seconds.
  path: Assets/Scripts/Data/4- Competition Deck/Situation 25.asset
  artifactKey: Guid(9ac2df24d18f8b944a636f5a51f11b51) Importer(815301076,1909f56bfc062723c751e8b465ee728b)
Start importing Assets/Scripts/Data/4- Competition Deck/Situation 25.asset using Guid(9ac2df24d18f8b944a636f5a51f11b51) Importer(815301076,1909f56bfc062723c751e8b465ee728b)  -> (artifact id: '673bf292214d3511dd56cc68b1b46abe') in 0.003451 seconds 
========================================================================
Received Import Request.
  Time since last request: 94.893773 seconds.
  path: Assets/Scripts/Data/4- Competition Deck/Situation 23.asset
  artifactKey: Guid(54ec561e854367645a4e41c08e99060e) Importer(815301076,1909f56bfc062723c751e8b465ee728b)
Start importing Assets/Scripts/Data/4- Competition Deck/Situation 23.asset using Guid(54ec561e854367645a4e41c08e99060e) Importer(815301076,1909f56bfc062723c751e8b465ee728b)  -> (artifact id: 'b3a459c260348aa188d2154c22e3fd96') in 0.003649 seconds 
========================================================================
Received Import Request.
  Time since last request: 0.000020 seconds.
  path: Assets/Scripts/Data/4- Competition Deck/Situation 25.asset
  artifactKey: Guid(9ac2df24d18f8b944a636f5a51f11b51) Importer(815301076,1909f56bfc062723c751e8b465ee728b)
Start importing Assets/Scripts/Data/4- Competition Deck/Situation 25.asset using Guid(9ac2df24d18f8b944a636f5a51f11b51) Importer(815301076,1909f56bfc062723c751e8b465ee728b)  -> (artifact id: 'b33158c8ed73c5b0b978a49c413acb47') in 0.003826 seconds 
========================================================================
Received Import Request.
  Time since last request: 45.602036 seconds.
  path: Assets/Scripts/Data/4- Competition Deck/Situation 22.asset
  artifactKey: Guid(fe2327cc9ed1c1148b937d726cfec1a7) Importer(815301076,1909f56bfc062723c751e8b465ee728b)
Start importing Assets/Scripts/Data/4- Competition Deck/Situation 22.asset using Guid(fe2327cc9ed1c1148b937d726cfec1a7) Importer(815301076,1909f56bfc062723c751e8b465ee728b)  -> (artifact id: '2bc4ecd5f493291d28e1ee15a1078434') in 0.003704 seconds 
========================================================================
Received Import Request.
  Time since last request: 41.366975 seconds.
  path: Assets/Scripts/Data/4- Competition Deck/Situation 21.asset
  artifactKey: Guid(51037e5b77b1c344eb9a4f05bbdf5f1a) Importer(815301076,1909f56bfc062723c751e8b465ee728b)
Start importing Assets/Scripts/Data/4- Competition Deck/Situation 21.asset using Guid(51037e5b77b1c344eb9a4f05bbdf5f1a) Importer(815301076,1909f56bfc062723c751e8b465ee728b)  -> (artifact id: '6a3cc681fadf50f81316ec100bbf0321') in 0.003952 seconds 
========================================================================
Received Import Request.
  Time since last request: 79.808560 seconds.
  path: Assets/Scripts/Data/4- Competition Deck/Situation 19.asset
  artifactKey: Guid(1d460eddfbff72243aee94e4405b56bf) Importer(815301076,1909f56bfc062723c751e8b465ee728b)
Start importing Assets/Scripts/Data/4- Competition Deck/Situation 19.asset using Guid(1d460eddfbff72243aee94e4405b56bf) Importer(815301076,1909f56bfc062723c751e8b465ee728b)  -> (artifact id: 'e05f489d191738d82d5c996f797baaf3') in 0.004712 seconds 
========================================================================
Received Import Request.
  Time since last request: 43.458003 seconds.
  path: Assets/Scripts/Data/4- Competition Deck/Situation 18.asset
  artifactKey: Guid(8e26368c6faabd24ba455fe1d5808016) Importer(815301076,1909f56bfc062723c751e8b465ee728b)
Start importing Assets/Scripts/Data/4- Competition Deck/Situation 18.asset using Guid(8e26368c6faabd24ba455fe1d5808016) Importer(815301076,1909f56bfc062723c751e8b465ee728b)  -> (artifact id: '679a04d22683d5ee87f5de1dd4249aa0') in 0.003583 seconds 
========================================================================
Received Import Request.
  Time since last request: 69.419533 seconds.
  path: Assets/Scripts/Data/4- Competition Deck/Situation 16.asset
  artifactKey: Guid(a4872473112b70d4d8048b098b5832c9) Importer(815301076,1909f56bfc062723c751e8b465ee728b)
Start importing Assets/Scripts/Data/4- Competition Deck/Situation 16.asset using Guid(a4872473112b70d4d8048b098b5832c9) Importer(815301076,1909f56bfc062723c751e8b465ee728b)  -> (artifact id: '820994837d839c38b184d28626336c38') in 0.003688 seconds 
========================================================================
Received Import Request.
  Time since last request: 42.167529 seconds.
  path: Assets/Scripts/Data/4- Competition Deck/Situation 15.asset
  artifactKey: Guid(d577255de2f861f4395bfc893072ddfb) Importer(815301076,1909f56bfc062723c751e8b465ee728b)
Start importing Assets/Scripts/Data/4- Competition Deck/Situation 15.asset using Guid(d577255de2f861f4395bfc893072ddfb) Importer(815301076,1909f56bfc062723c751e8b465ee728b)  -> (artifact id: 'af62bb8a68c2f357dc34c5a66de75261') in 0.003689 seconds 
========================================================================
Received Import Request.
  Time since last request: 122.246595 seconds.
  path: Assets/Scripts/Data/4- Competition Deck/Situation 12.asset
  artifactKey: Guid(bd08373ae4f84914c86ad8b1e219f3fb) Importer(815301076,1909f56bfc062723c751e8b465ee728b)
Start importing Assets/Scripts/Data/4- Competition Deck/Situation 12.asset using Guid(bd08373ae4f84914c86ad8b1e219f3fb) Importer(815301076,1909f56bfc062723c751e8b465ee728b)  -> (artifact id: '531cbf6f3f5dcbfb524cbcd86cd0ef47') in 0.003666 seconds 
========================================================================
Received Import Request.
  Time since last request: 0.000022 seconds.
  path: Assets/Scripts/Data/4- Competition Deck/Situation 14.asset
  artifactKey: Guid(ac39ea3408ebe4a47a7696dc3ea6bdd0) Importer(815301076,1909f56bfc062723c751e8b465ee728b)
Start importing Assets/Scripts/Data/4- Competition Deck/Situation 14.asset using Guid(ac39ea3408ebe4a47a7696dc3ea6bdd0) Importer(815301076,1909f56bfc062723c751e8b465ee728b)  -> (artifact id: 'd11473db9f55315c46bf7a61b53f7ddb') in 0.003580 seconds 
========================================================================
Received Import Request.
  Time since last request: 55.422361 seconds.
  path: Assets/Scripts/Data/4- Competition Deck/Situation 10.asset
  artifactKey: Guid(8c8882fe343740e49b480ea9864cd35f) Importer(815301076,1909f56bfc062723c751e8b465ee728b)
Start importing Assets/Scripts/Data/4- Competition Deck/Situation 10.asset using Guid(8c8882fe343740e49b480ea9864cd35f) Importer(815301076,1909f56bfc062723c751e8b465ee728b)  -> (artifact id: '358ae8bf73f5655c0248275aa1c4be01') in 0.003589 seconds 
========================================================================
Received Import Request.
  Time since last request: 28.038973 seconds.
  path: Assets/Scripts/Data/4- Competition Deck/Situation 9.asset
  artifactKey: Guid(bccc6944d2a200046b42a9eca4e3d9b4) Importer(815301076,1909f56bfc062723c751e8b465ee728b)
Start importing Assets/Scripts/Data/4- Competition Deck/Situation 9.asset using Guid(bccc6944d2a200046b42a9eca4e3d9b4) Importer(815301076,1909f56bfc062723c751e8b465ee728b)  -> (artifact id: '0a29bc45fa09faba8f2349617e180750') in 0.003350 seconds 
========================================================================
Received Import Request.
  Time since last request: 22.501555 seconds.
  path: Assets/Scripts/Data/4- Competition Deck/Situation 8.asset
  artifactKey: Guid(c34b180033a05b54babb86c6d488f861) Importer(815301076,1909f56bfc062723c751e8b465ee728b)
Start importing Assets/Scripts/Data/4- Competition Deck/Situation 8.asset using Guid(c34b180033a05b54babb86c6d488f861) Importer(815301076,1909f56bfc062723c751e8b465ee728b)  -> (artifact id: 'fed847b41c79a1f0bb6c3dc83875f682') in 0.003467 seconds 
========================================================================
Received Import Request.
  Time since last request: 24.218611 seconds.
  path: Assets/Scripts/Data/4- Competition Deck/Situation 7.asset
  artifactKey: Guid(499d23d15ec67b64fb62c211169c2b29) Importer(815301076,1909f56bfc062723c751e8b465ee728b)
Start importing Assets/Scripts/Data/4- Competition Deck/Situation 7.asset using Guid(499d23d15ec67b64fb62c211169c2b29) Importer(815301076,1909f56bfc062723c751e8b465ee728b)  -> (artifact id: '6ba31589db58bc72dce405e876bcba60') in 0.003333 seconds 
========================================================================
Received Import Request.
  Time since last request: 15.028189 seconds.
  path: Assets/Scripts/Data/4- Competition Deck/Situation 6.asset
  artifactKey: Guid(4d1b6aeaca886d446a8a57ada5488705) Importer(815301076,1909f56bfc062723c751e8b465ee728b)
Start importing Assets/Scripts/Data/4- Competition Deck/Situation 6.asset using Guid(4d1b6aeaca886d446a8a57ada5488705) Importer(815301076,1909f56bfc062723c751e8b465ee728b)  -> (artifact id: 'c9178998dffb69167e374e35527e7e7a') in 0.003285 seconds 
========================================================================
Received Import Request.
  Time since last request: 34.028702 seconds.
  path: Assets/Scripts/Data/4- Competition Deck/Situation 5.asset
  artifactKey: Guid(b9e19398ab363df4b915ccc3407e9000) Importer(815301076,1909f56bfc062723c751e8b465ee728b)
Start importing Assets/Scripts/Data/4- Competition Deck/Situation 5.asset using Guid(b9e19398ab363df4b915ccc3407e9000) Importer(815301076,1909f56bfc062723c751e8b465ee728b)  -> (artifact id: '1d6763444c24de620f0d36a6e24c13c4') in 0.003604 seconds 
========================================================================
Received Import Request.
  Time since last request: 30.383366 seconds.
  path: Assets/Scripts/Data/4- Competition Deck/Situation 4.asset
  artifactKey: Guid(aa581b0248b7da446a35736ae6056f67) Importer(815301076,1909f56bfc062723c751e8b465ee728b)
Start importing Assets/Scripts/Data/4- Competition Deck/Situation 4.asset using Guid(aa581b0248b7da446a35736ae6056f67) Importer(815301076,1909f56bfc062723c751e8b465ee728b)  -> (artifact id: '8a61004353d0e445660239f0188b66be') in 0.003416 seconds 
========================================================================
Received Import Request.
  Time since last request: 13.151893 seconds.
  path: Assets/Scripts/Data/4- Competition Deck/Situation 3.asset
  artifactKey: Guid(703195ae7995a3744b90975abdb28851) Importer(815301076,1909f56bfc062723c751e8b465ee728b)
Start importing Assets/Scripts/Data/4- Competition Deck/Situation 3.asset using Guid(703195ae7995a3744b90975abdb28851) Importer(815301076,1909f56bfc062723c751e8b465ee728b)  -> (artifact id: '8260a34a79f8add8a5ad269da6bb602c') in 0.003397 seconds 
========================================================================
Received Import Request.
  Time since last request: 30.842136 seconds.
  path: Assets/Scripts/Data/4- Competition Deck/Situation 3.asset
  artifactKey: Guid(703195ae7995a3744b90975abdb28851) Importer(815301076,1909f56bfc062723c751e8b465ee728b)
Start importing Assets/Scripts/Data/4- Competition Deck/Situation 3.asset using Guid(703195ae7995a3744b90975abdb28851) Importer(815301076,1909f56bfc062723c751e8b465ee728b)  -> (artifact id: '5392ba916b97ca6ecf686c15edaba457') in 0.003946 seconds 
========================================================================
Received Import Request.
  Time since last request: 19.752643 seconds.
  path: Assets/Scripts/Data/4- Competition Deck/Situation 2.asset
  artifactKey: Guid(c560583cb23d4034db45c6f560690ebc) Importer(815301076,1909f56bfc062723c751e8b465ee728b)
Start importing Assets/Scripts/Data/4- Competition Deck/Situation 2.asset using Guid(c560583cb23d4034db45c6f560690ebc) Importer(815301076,1909f56bfc062723c751e8b465ee728b)  -> (artifact id: '192df3aad4737877054f8c9f99344e2e') in 0.003339 seconds 
========================================================================
Received Import Request.
  Time since last request: 13.249666 seconds.
  path: Assets/Scripts/Data/4- Competition Deck/Situation 2.asset
  artifactKey: Guid(c560583cb23d4034db45c6f560690ebc) Importer(815301076,1909f56bfc062723c751e8b465ee728b)
Start importing Assets/Scripts/Data/4- Competition Deck/Situation 2.asset using Guid(c560583cb23d4034db45c6f560690ebc) Importer(815301076,1909f56bfc062723c751e8b465ee728b)  -> (artifact id: '3ed30b94edadf9da978d3b03c3c987aa') in 0.003321 seconds 
========================================================================
Received Import Request.
  Time since last request: 47.555841 seconds.
  path: Assets/Scripts/Data/4- Competition Deck/Situation 1.asset
  artifactKey: Guid(0a558bea32c2b9543905ea6cef8def57) Importer(815301076,1909f56bfc062723c751e8b465ee728b)
Start importing Assets/Scripts/Data/4- Competition Deck/Situation 1.asset using Guid(0a558bea32c2b9543905ea6cef8def57) Importer(815301076,1909f56bfc062723c751e8b465ee728b)  -> (artifact id: '52180141fcf5d6a6565ee6ac2e76bbf6') in 0.008568 seconds 
========================================================================
Received Import Request.
  Time since last request: 289.874383 seconds.
  path: Assets/Scripts/Data/4- Competition Deck/Situation 200.asset
  artifactKey: Guid(17ed91e8af2de9e41a3cb567782d45df) Importer(815301076,1909f56bfc062723c751e8b465ee728b)
Start importing Assets/Scripts/Data/4- Competition Deck/Situation 200.asset using Guid(17ed91e8af2de9e41a3cb567782d45df) Importer(815301076,1909f56bfc062723c751e8b465ee728b)  -> (artifact id: '2cb6e77f900809f98b2395467f30d2b9') in 0.004002 seconds 
