Using pre-set license
Built from '2021.3/staging' branch; Version is '2021.3.6f1 (7da38d85baf6) revision 8233869'; Using compiler version '192829333'; Build Type 'Release'
OS: 'Windows 10  (10.0.19043) 64bit Core' Language: 'en' Physical Memory: 16169 MB
BatchMode: 1, IsHumanControllingUs: 0, StartBugReporterOnCrash: 0, Is64bit: 1, IsPro: 1

COMMAND LINE ARGUMENTS:
C:\Program Files\Unity\Hub\Editor\2021.3.6f1\Editor\Unity.exe
-adb2
-batchMode
-noUpm
-name
AssetImportWorker7
-projectPath
C:/Users/adems/Downloads/15.11 SPACE/SPACE/New Unity Project (2)
-logFile
Logs/AssetImportWorker7.log
-srvPort
59219
Successfully changed project path to: C:/Users/adems/Downloads/15.11 SPACE/SPACE/New Unity Project (2)
C:/Users/adems/Downloads/15.11 SPACE/SPACE/New Unity Project (2)
[UnityMemory] Configuration Parameters - Can be set up in boot.config
    "memorysetup-bucket-allocator-granularity=16"
    "memorysetup-bucket-allocator-bucket-count=8"
    "memorysetup-bucket-allocator-block-size=33554432"
    "memorysetup-bucket-allocator-block-count=8"
    "memorysetup-main-allocator-block-size=16777216"
    "memorysetup-thread-allocator-block-size=16777216"
    "memorysetup-gfx-main-allocator-block-size=16777216"
    "memorysetup-gfx-thread-allocator-block-size=16777216"
    "memorysetup-cache-allocator-block-size=4194304"
    "memorysetup-typetree-allocator-block-size=2097152"
    "memorysetup-profiler-bucket-allocator-granularity=16"
    "memorysetup-profiler-bucket-allocator-bucket-count=8"
    "memorysetup-profiler-bucket-allocator-block-size=33554432"
    "memorysetup-profiler-bucket-allocator-block-count=8"
    "memorysetup-profiler-allocator-block-size=16777216"
    "memorysetup-profiler-editor-allocator-block-size=1048576"
    "memorysetup-temp-allocator-size-main=16777216"
    "memorysetup-job-temp-allocator-block-size=2097152"
    "memorysetup-job-temp-allocator-block-size-background=1048576"
    "memorysetup-job-temp-allocator-reduction-small-platforms=262144"
    "memorysetup-temp-allocator-size-background-worker=32768"
    "memorysetup-temp-allocator-size-job-worker=262144"
    "memorysetup-temp-allocator-size-preload-manager=33554432"
    "memorysetup-temp-allocator-size-nav-mesh-worker=65536"
    "memorysetup-temp-allocator-size-audio-worker=65536"
    "memorysetup-temp-allocator-size-cloud-worker=32768"
    "memorysetup-temp-allocator-size-gi-baking-worker=262144"
    "memorysetup-temp-allocator-size-gfx=262144"
Refreshing native plugins compatible for Editor in 105.80 ms, found 3 plugins.
Preloading 0 native plugins for Editor in 0.00 ms.
Initialize engine version: 2021.3.6f1 (7da38d85baf6)
[Subsystems] Discovering subsystems at path C:/Program Files/Unity/Hub/Editor/2021.3.6f1/Editor/Data/Resources/UnitySubsystems
[Subsystems] Discovering subsystems at path C:/Users/adems/Downloads/15.11 SPACE/SPACE/New Unity Project (2)/Assets
GfxDevice: creating device client; threaded=0; jobified=0
Direct3D:
    Version:  Direct3D 11.0 [level 11.1]
    Renderer: NVIDIA GeForce GTX 1660 Ti (ID=0x2191)
    Vendor:   NVIDIA
    VRAM:     5991 MB
    Driver:   30.0.15.1278
Initialize mono
Mono path[0] = 'C:/Program Files/Unity/Hub/Editor/2021.3.6f1/Editor/Data/Managed'
Mono path[1] = 'C:/Program Files/Unity/Hub/Editor/2021.3.6f1/Editor/Data/MonoBleedingEdge/lib/mono/unityjit-win32'
Mono config path = 'C:/Program Files/Unity/Hub/Editor/2021.3.6f1/Editor/Data/MonoBleedingEdge/etc'
Using monoOptions --debugger-agent=transport=dt_socket,embedding=1,server=y,suspend=n,address=127.0.0.1:56360
Begin MonoManager ReloadAssembly
Registering precompiled unity dll's ...
Register platform support module: C:/Program Files/Unity/Hub/Editor/2021.3.6f1/Editor/Data/PlaybackEngines/WindowsStandaloneSupport/UnityEditor.WindowsStandalone.Extensions.dll
Registered in 0.012076 seconds.
Native extension for WindowsStandalone target not found
Refreshing native plugins compatible for Editor in 109.67 ms, found 3 plugins.
Preloading 0 native plugins for Editor in 0.00 ms.
Mono: successfully reloaded assembly
- Completed reload, in  0.839 seconds
Domain Reload Profiling:
	ReloadAssembly (840ms)
		BeginReloadAssembly (108ms)
			ExecutionOrderSort (0ms)
			DisableScriptedObjects (0ms)
			BackupInstance (0ms)
			ReleaseScriptingObjects (0ms)
			CreateAndSetChildDomain (1ms)
		EndReloadAssembly (586ms)
			LoadAssemblies (104ms)
			RebuildTransferFunctionScriptingTraits (0ms)
			SetupTypeCache (127ms)
			ReleaseScriptCaches (0ms)
			RebuildScriptCaches (34ms)
			SetupLoadedEditorAssemblies (359ms)
				LogAssemblyErrors (0ms)
				InitializePlatformSupportModulesInManaged (10ms)
				SetLoadedEditorAssemblies (0ms)
				RefreshPlugins (110ms)
				BeforeProcessingInitializeOnLoad (2ms)
				ProcessInitializeOnLoadAttributes (178ms)
				ProcessInitializeOnLoadMethodAttributes (59ms)
				AfterProcessingInitializeOnLoad (0ms)
				EditorAssembliesLoaded (0ms)
			ExecutionOrderSort2 (0ms)
			AwakeInstancesAfterBackupRestoration (0ms)
Platform modules already initialized, skipping
Registering precompiled user dll's ...
Registered in 0.013898 seconds.
Begin MonoManager ReloadAssembly
Symbol file LoadedFromMemory doesn't match image C:\Users\adems\Downloads\15.11 SPACE\SPACE\New Unity Project (2)\Library\PackageCache\com.unity.visualscripting@1.7.8\Editor\VisualScripting.Core\Dependencies\YamlDotNet\Unity.VisualScripting.YamlDotNet.dll
Symbol file LoadedFromMemory doesn't match image C:\Users\adems\Downloads\15.11 SPACE\SPACE\New Unity Project (2)\Library\PackageCache\com.unity.visualscripting@1.7.8\Editor\VisualScripting.Core\Dependencies\DotNetZip\Unity.VisualScripting.IonicZip.dll
Native extension for WindowsStandalone target not found
Refreshing native plugins compatible for Editor in 0.59 ms, found 3 plugins.
Preloading 0 native plugins for Editor in 0.00 ms.
Mono: successfully reloaded assembly
- Completed reload, in  1.318 seconds
Domain Reload Profiling:
	ReloadAssembly (1319ms)
		BeginReloadAssembly (146ms)
			ExecutionOrderSort (0ms)
			DisableScriptedObjects (8ms)
			BackupInstance (0ms)
			ReleaseScriptingObjects (0ms)
			CreateAndSetChildDomain (20ms)
		EndReloadAssembly (1017ms)
			LoadAssemblies (120ms)
			RebuildTransferFunctionScriptingTraits (0ms)
			SetupTypeCache (316ms)
			ReleaseScriptCaches (1ms)
			RebuildScriptCaches (60ms)
			SetupLoadedEditorAssemblies (475ms)
				LogAssemblyErrors (0ms)
				InitializePlatformSupportModulesInManaged (8ms)
				SetLoadedEditorAssemblies (1ms)
				RefreshPlugins (1ms)
				BeforeProcessingInitializeOnLoad (119ms)
				ProcessInitializeOnLoadAttributes (298ms)
				ProcessInitializeOnLoadMethodAttributes (34ms)
				AfterProcessingInitializeOnLoad (15ms)
				EditorAssembliesLoaded (0ms)
			ExecutionOrderSort2 (0ms)
			AwakeInstancesAfterBackupRestoration (7ms)
Platform modules already initialized, skipping
========================================================================
Worker process is ready to serve import requests
Launched and connected shader compiler UnityShaderCompiler.exe after 0.05 seconds
Refreshing native plugins compatible for Editor in 0.60 ms, found 3 plugins.
Preloading 0 native plugins for Editor in 0.00 ms.
Unloading 3375 Unused Serialized files (Serialized files now loaded: 0)
Unloading 27 unused Assets / (111.0 KB). Loaded Objects now: 3833.
Memory consumption went from 116.1 MB to 116.0 MB.
Total: 3.984300 ms (FindLiveObjects: 0.296200 ms CreateObjectMapping: 0.265800 ms MarkObjects: 3.320600 ms  DeleteObjects: 0.100800 ms)

AssetImportParameters requested are different than current active one (requested -> active):
  custom:video-decoder-ogg-theora: a1e56fd34408186e4bbccfd4996cb3dc -> 
  custom:container-muxer-webm: aa71ff27fc2769a1b78a27578f13a17b -> 
  custom:container-demuxer-webm: 4f35f7cbe854078d1ac9338744f61a02 -> 
  custom:video-encoder-webm-vp8: eb34c28f22e8b96e1ab97ce403110664 -> 
  custom:video-codec-MediaFoundation-h265: 746d11721c4dcdbdad8f713fa42b33f4 -> 
  custom:audio-encoder-webm-vorbis: bf7c407c2cedff20999df2af8eb42d56 -> 
  custom:framework-win-MediaFoundation: 216162199b28c13a410421893ffa2e32 -> 
  custom:container-demuxer-ogg: 62fdf1f143b41e24485cea50d1cbac27 -> 
  custom:video-decoder-webm-vp8: 9c59270c3fd7afecdb556c50c9e8de78 -> 
  custom:audio-decoder-ogg-vorbis: bf7c407c2cedff20999df2af8eb42d56 -> 
========================================================================
Received Import Request.
  Time since last request: 614563.203961 seconds.
  path: Assets/Scripts/Data/3- Staff and Personal Life deck/Situation 43.asset
  artifactKey: Guid(9b2df8ace0584f343bd2c083c2d689f9) Importer(815301076,1909f56bfc062723c751e8b465ee728b)
Start importing Assets/Scripts/Data/3- Staff and Personal Life deck/Situation 43.asset using Guid(9b2df8ace0584f343bd2c083c2d689f9) Importer(815301076,1909f56bfc062723c751e8b465ee728b)  -> (artifact id: '3051676c53cbbef154403a39183fe94b') in 0.045525 seconds 
========================================================================
Received Import Request.
  Time since last request: 106.590201 seconds.
  path: Assets/Scripts/Data/3- Staff and Personal Life deck/Situation 37.asset
  artifactKey: Guid(cb89b7bdb9b694146b8a11681f6ed294) Importer(815301076,1909f56bfc062723c751e8b465ee728b)
Start importing Assets/Scripts/Data/3- Staff and Personal Life deck/Situation 37.asset using Guid(cb89b7bdb9b694146b8a11681f6ed294) Importer(815301076,1909f56bfc062723c751e8b465ee728b)  -> (artifact id: '52daa85f22ec296a25fa2d8fef9237c5') in 0.003005 seconds 
========================================================================
Received Import Request.
  Time since last request: 14.898118 seconds.
  path: Assets/Scripts/Data/3- Staff and Personal Life deck/Situation 16.asset
  artifactKey: Guid(e44efabdd2374384086f8b6a538392fc) Importer(815301076,1909f56bfc062723c751e8b465ee728b)
Start importing Assets/Scripts/Data/3- Staff and Personal Life deck/Situation 16.asset using Guid(e44efabdd2374384086f8b6a538392fc) Importer(815301076,1909f56bfc062723c751e8b465ee728b)  -> (artifact id: 'cf27e033ba448b6597714e55ef1a2781') in 0.004733 seconds 
========================================================================
Received Import Request.
  Time since last request: 0.005195 seconds.
  path: Assets/Scripts/Data/3- Staff and Personal Life deck/Situation 19.asset
  artifactKey: Guid(172d9d6d70acfc948b5a3eb891f7b11d) Importer(815301076,1909f56bfc062723c751e8b465ee728b)
Start importing Assets/Scripts/Data/3- Staff and Personal Life deck/Situation 19.asset using Guid(172d9d6d70acfc948b5a3eb891f7b11d) Importer(815301076,1909f56bfc062723c751e8b465ee728b)  -> (artifact id: '3a2cf8319542c8ad7da9ba8ea993765c') in 0.004642 seconds 
========================================================================
Received Import Request.
  Time since last request: 0.003179 seconds.
  path: Assets/Scripts/Data/3- Staff and Personal Life deck/Situation 22.asset
  artifactKey: Guid(80b7025a3eba57b4cbefedc55c176937) Importer(815301076,1909f56bfc062723c751e8b465ee728b)
Start importing Assets/Scripts/Data/3- Staff and Personal Life deck/Situation 22.asset using Guid(80b7025a3eba57b4cbefedc55c176937) Importer(815301076,1909f56bfc062723c751e8b465ee728b)  -> (artifact id: 'f0627770bf1e75eac7518820194fd967') in 0.006608 seconds 
========================================================================
Received Import Request.
  Time since last request: 0.000019 seconds.
  path: Assets/Scripts/Data/3- Staff and Personal Life deck/Situation 20.asset
  artifactKey: Guid(f2dc54eccaba4f74ba85e6f319ec1cc1) Importer(815301076,1909f56bfc062723c751e8b465ee728b)
Start importing Assets/Scripts/Data/3- Staff and Personal Life deck/Situation 20.asset using Guid(f2dc54eccaba4f74ba85e6f319ec1cc1) Importer(815301076,1909f56bfc062723c751e8b465ee728b)  -> (artifact id: '10791d751162c97dcf060fed1e999186') in 0.004219 seconds 
========================================================================
Received Import Request.
  Time since last request: 0.000022 seconds.
  path: Assets/Scripts/Data/3- Staff and Personal Life deck/Situation 23.asset
  artifactKey: Guid(2ece650a606b7934786070ff855ef0e6) Importer(815301076,1909f56bfc062723c751e8b465ee728b)
Start importing Assets/Scripts/Data/3- Staff and Personal Life deck/Situation 23.asset using Guid(2ece650a606b7934786070ff855ef0e6) Importer(815301076,1909f56bfc062723c751e8b465ee728b)  -> (artifact id: 'eb60a62b05f4d0cf999ea7c4dc27f31e') in 0.006590 seconds 
========================================================================
Received Import Request.
  Time since last request: 41.934132 seconds.
  path: Assets/Scripts/Data/3- Staff and Personal Life deck/Situation 9.asset
  artifactKey: Guid(b66052c2edc819343951f968c01c98a3) Importer(815301076,1909f56bfc062723c751e8b465ee728b)
Start importing Assets/Scripts/Data/3- Staff and Personal Life deck/Situation 9.asset using Guid(b66052c2edc819343951f968c01c98a3) Importer(815301076,1909f56bfc062723c751e8b465ee728b)  -> (artifact id: 'de8fd1d162c705e34aa9b42d31adb0df') in 0.006655 seconds 
========================================================================
Received Import Request.
  Time since last request: 0.005062 seconds.
  path: Assets/Scripts/Data/3- Staff and Personal Life deck/Situation 14.asset
  artifactKey: Guid(3ccd2b6d9e667444ca1939bc4297dd85) Importer(815301076,1909f56bfc062723c751e8b465ee728b)
Start importing Assets/Scripts/Data/3- Staff and Personal Life deck/Situation 14.asset using Guid(3ccd2b6d9e667444ca1939bc4297dd85) Importer(815301076,1909f56bfc062723c751e8b465ee728b)  -> (artifact id: '5b039368748fd8192e23d2b776908aa3') in 0.005941 seconds 
========================================================================
Received Import Request.
  Time since last request: 0.000034 seconds.
  path: Assets/Scripts/Data/3- Staff and Personal Life deck/Situation 13.asset
  artifactKey: Guid(740b9fd918be55b4d9fcb3ae6ff4f1c7) Importer(815301076,1909f56bfc062723c751e8b465ee728b)
Start importing Assets/Scripts/Data/3- Staff and Personal Life deck/Situation 13.asset using Guid(740b9fd918be55b4d9fcb3ae6ff4f1c7) Importer(815301076,1909f56bfc062723c751e8b465ee728b)  -> (artifact id: '37b15f33db76f8d9aa1e466b5fb01fef') in 0.004840 seconds 
Editor requested this worker to shutdown with reason: Scaling down because of idle timeout
AssetImportWorker is now disconnected from the server
Process exiting
Exiting without the bug reporter. Application will terminate with return code 0