Using pre-set license
Built from '2021.3/staging' branch; Version is '2021.3.6f1 (7da38d85baf6) revision 8233869'; Using compiler version '192829333'; Build Type 'Release'
OS: 'Windows 10  (10.0.19043) 64bit Core' Language: 'en' Physical Memory: 16169 MB
BatchMode: 1, IsHumanControllingUs: 0, StartBugReporterOnCrash: 0, Is64bit: 1, IsPro: 1

COMMAND LINE ARGUMENTS:
C:\Program Files\Unity\Hub\Editor\2021.3.6f1\Editor\Unity.exe
-adb2
-batchMode
-noUpm
-name
AssetImportWorker8
-projectPath
C:/Users/adems/Downloads/15.11 SPACE/SPACE/New Unity Project (2)
-logFile
Logs/AssetImportWorker8.log
-srvPort
59219
Successfully changed project path to: C:/Users/adems/Downloads/15.11 SPACE/SPACE/New Unity Project (2)
C:/Users/adems/Downloads/15.11 SPACE/SPACE/New Unity Project (2)
[UnityMemory] Configuration Parameters - Can be set up in boot.config
    "memorysetup-bucket-allocator-granularity=16"
    "memorysetup-bucket-allocator-bucket-count=8"
    "memorysetup-bucket-allocator-block-size=33554432"
    "memorysetup-bucket-allocator-block-count=8"
    "memorysetup-main-allocator-block-size=16777216"
    "memorysetup-thread-allocator-block-size=16777216"
    "memorysetup-gfx-main-allocator-block-size=16777216"
    "memorysetup-gfx-thread-allocator-block-size=16777216"
    "memorysetup-cache-allocator-block-size=4194304"
    "memorysetup-typetree-allocator-block-size=2097152"
    "memorysetup-profiler-bucket-allocator-granularity=16"
    "memorysetup-profiler-bucket-allocator-bucket-count=8"
    "memorysetup-profiler-bucket-allocator-block-size=33554432"
    "memorysetup-profiler-bucket-allocator-block-count=8"
    "memorysetup-profiler-allocator-block-size=16777216"
    "memorysetup-profiler-editor-allocator-block-size=1048576"
    "memorysetup-temp-allocator-size-main=16777216"
    "memorysetup-job-temp-allocator-block-size=2097152"
    "memorysetup-job-temp-allocator-block-size-background=1048576"
    "memorysetup-job-temp-allocator-reduction-small-platforms=262144"
    "memorysetup-temp-allocator-size-background-worker=32768"
    "memorysetup-temp-allocator-size-job-worker=262144"
    "memorysetup-temp-allocator-size-preload-manager=33554432"
    "memorysetup-temp-allocator-size-nav-mesh-worker=65536"
    "memorysetup-temp-allocator-size-audio-worker=65536"
    "memorysetup-temp-allocator-size-cloud-worker=32768"
    "memorysetup-temp-allocator-size-gi-baking-worker=262144"
    "memorysetup-temp-allocator-size-gfx=262144"
Refreshing native plugins compatible for Editor in 126.16 ms, found 3 plugins.
Preloading 0 native plugins for Editor in 0.00 ms.
Initialize engine version: 2021.3.6f1 (7da38d85baf6)
[Subsystems] Discovering subsystems at path C:/Program Files/Unity/Hub/Editor/2021.3.6f1/Editor/Data/Resources/UnitySubsystems
[Subsystems] Discovering subsystems at path C:/Users/adems/Downloads/15.11 SPACE/SPACE/New Unity Project (2)/Assets
GfxDevice: creating device client; threaded=0; jobified=0
Direct3D:
    Version:  Direct3D 11.0 [level 11.1]
    Renderer: NVIDIA GeForce GTX 1660 Ti (ID=0x2191)
    Vendor:   NVIDIA
    VRAM:     5991 MB
    Driver:   30.0.15.1278
Initialize mono
Mono path[0] = 'C:/Program Files/Unity/Hub/Editor/2021.3.6f1/Editor/Data/Managed'
Mono path[1] = 'C:/Program Files/Unity/Hub/Editor/2021.3.6f1/Editor/Data/MonoBleedingEdge/lib/mono/unityjit-win32'
Mono config path = 'C:/Program Files/Unity/Hub/Editor/2021.3.6f1/Editor/Data/MonoBleedingEdge/etc'
Using monoOptions --debugger-agent=transport=dt_socket,embedding=1,server=y,suspend=n,address=127.0.0.1:56168
Begin MonoManager ReloadAssembly
Registering precompiled unity dll's ...
Register platform support module: C:/Program Files/Unity/Hub/Editor/2021.3.6f1/Editor/Data/PlaybackEngines/WindowsStandaloneSupport/UnityEditor.WindowsStandalone.Extensions.dll
Registered in 0.012705 seconds.
Native extension for WindowsStandalone target not found
Refreshing native plugins compatible for Editor in 97.72 ms, found 3 plugins.
Preloading 0 native plugins for Editor in 0.00 ms.
Mono: successfully reloaded assembly
- Completed reload, in  0.803 seconds
Domain Reload Profiling:
	ReloadAssembly (803ms)
		BeginReloadAssembly (104ms)
			ExecutionOrderSort (0ms)
			DisableScriptedObjects (0ms)
			BackupInstance (0ms)
			ReleaseScriptingObjects (0ms)
			CreateAndSetChildDomain (1ms)
		EndReloadAssembly (553ms)
			LoadAssemblies (99ms)
			RebuildTransferFunctionScriptingTraits (0ms)
			SetupTypeCache (122ms)
			ReleaseScriptCaches (0ms)
			RebuildScriptCaches (34ms)
			SetupLoadedEditorAssemblies (334ms)
				LogAssemblyErrors (0ms)
				InitializePlatformSupportModulesInManaged (10ms)
				SetLoadedEditorAssemblies (0ms)
				RefreshPlugins (98ms)
				BeforeProcessingInitializeOnLoad (1ms)
				ProcessInitializeOnLoadAttributes (169ms)
				ProcessInitializeOnLoadMethodAttributes (55ms)
				AfterProcessingInitializeOnLoad (0ms)
				EditorAssembliesLoaded (0ms)
			ExecutionOrderSort2 (0ms)
			AwakeInstancesAfterBackupRestoration (0ms)
Platform modules already initialized, skipping
Registering precompiled user dll's ...
Registered in 0.012925 seconds.
Begin MonoManager ReloadAssembly
Symbol file LoadedFromMemory doesn't match image C:\Users\adems\Downloads\15.11 SPACE\SPACE\New Unity Project (2)\Library\PackageCache\com.unity.visualscripting@1.7.8\Editor\VisualScripting.Core\Dependencies\YamlDotNet\Unity.VisualScripting.YamlDotNet.dll
Symbol file LoadedFromMemory doesn't match image C:\Users\adems\Downloads\15.11 SPACE\SPACE\New Unity Project (2)\Library\PackageCache\com.unity.visualscripting@1.7.8\Editor\VisualScripting.Core\Dependencies\DotNetZip\Unity.VisualScripting.IonicZip.dll
Native extension for WindowsStandalone target not found
Refreshing native plugins compatible for Editor in 0.62 ms, found 3 plugins.
Preloading 0 native plugins for Editor in 0.00 ms.
Mono: successfully reloaded assembly
- Completed reload, in  1.329 seconds
Domain Reload Profiling:
	ReloadAssembly (1330ms)
		BeginReloadAssembly (159ms)
			ExecutionOrderSort (0ms)
			DisableScriptedObjects (7ms)
			BackupInstance (0ms)
			ReleaseScriptingObjects (0ms)
			CreateAndSetChildDomain (21ms)
		EndReloadAssembly (1017ms)
			LoadAssemblies (133ms)
			RebuildTransferFunctionScriptingTraits (0ms)
			SetupTypeCache (330ms)
			ReleaseScriptCaches (1ms)
			RebuildScriptCaches (61ms)
			SetupLoadedEditorAssemblies (464ms)
				LogAssemblyErrors (0ms)
				InitializePlatformSupportModulesInManaged (8ms)
				SetLoadedEditorAssemblies (1ms)
				RefreshPlugins (1ms)
				BeforeProcessingInitializeOnLoad (127ms)
				ProcessInitializeOnLoadAttributes (275ms)
				ProcessInitializeOnLoadMethodAttributes (37ms)
				AfterProcessingInitializeOnLoad (15ms)
				EditorAssembliesLoaded (0ms)
			ExecutionOrderSort2 (0ms)
			AwakeInstancesAfterBackupRestoration (7ms)
Platform modules already initialized, skipping
========================================================================
Worker process is ready to serve import requests
Launched and connected shader compiler UnityShaderCompiler.exe after 0.05 seconds
Refreshing native plugins compatible for Editor in 0.62 ms, found 3 plugins.
Preloading 0 native plugins for Editor in 0.00 ms.
Unloading 3375 Unused Serialized files (Serialized files now loaded: 0)
Unloading 27 unused Assets / (111.0 KB). Loaded Objects now: 3833.
Memory consumption went from 116.1 MB to 116.0 MB.
Total: 3.645500 ms (FindLiveObjects: 0.305800 ms CreateObjectMapping: 0.268300 ms MarkObjects: 2.962700 ms  DeleteObjects: 0.107900 ms)

AssetImportParameters requested are different than current active one (requested -> active):
  custom:video-decoder-ogg-theora: a1e56fd34408186e4bbccfd4996cb3dc -> 
  custom:container-muxer-webm: aa71ff27fc2769a1b78a27578f13a17b -> 
  custom:container-demuxer-webm: 4f35f7cbe854078d1ac9338744f61a02 -> 
  custom:video-encoder-webm-vp8: eb34c28f22e8b96e1ab97ce403110664 -> 
  custom:video-codec-MediaFoundation-h265: 746d11721c4dcdbdad8f713fa42b33f4 -> 
  custom:audio-encoder-webm-vorbis: bf7c407c2cedff20999df2af8eb42d56 -> 
  custom:framework-win-MediaFoundation: 216162199b28c13a410421893ffa2e32 -> 
  custom:container-demuxer-ogg: 62fdf1f143b41e24485cea50d1cbac27 -> 
  custom:video-decoder-webm-vp8: 9c59270c3fd7afecdb556c50c9e8de78 -> 
  custom:audio-decoder-ogg-vorbis: bf7c407c2cedff20999df2af8eb42d56 -> 
========================================================================
Received Import Request.
  Time since last request: 614726.761422 seconds.
  path: Assets/Scripts/Data/3- Staff and Personal Life deck/Situation 6.asset
  artifactKey: Guid(5d9c24ba506630c42ae3aa8df6623b1b) Importer(815301076,1909f56bfc062723c751e8b465ee728b)
Start importing Assets/Scripts/Data/3- Staff and Personal Life deck/Situation 6.asset using Guid(5d9c24ba506630c42ae3aa8df6623b1b) Importer(815301076,1909f56bfc062723c751e8b465ee728b)  -> (artifact id: '44f8cb375268b5efff8150ac31e808b4') in 0.064251 seconds 
========================================================================
Received Import Request.
  Time since last request: 40.903862 seconds.
  path: Assets/Scripts/Data/3- Staff and Personal Life deck/Situation 34.asset
  artifactKey: Guid(83ddf7b1292a2744aa59e011458fbfcd) Importer(815301076,1909f56bfc062723c751e8b465ee728b)
Start importing Assets/Scripts/Data/3- Staff and Personal Life deck/Situation 34.asset using Guid(83ddf7b1292a2744aa59e011458fbfcd) Importer(815301076,1909f56bfc062723c751e8b465ee728b)  -> (artifact id: 'fa73162a592530f893858b7da0b8b51f') in 0.003149 seconds 
========================================================================
Received Import Request.
  Time since last request: 107.110283 seconds.
  path: Assets/Scripts/Data/3- Staff and Personal Life deck/Situation 30.asset
  artifactKey: Guid(bd290ecdf55ef584c84ec377aa5b7f01) Importer(815301076,1909f56bfc062723c751e8b465ee728b)
Start importing Assets/Scripts/Data/3- Staff and Personal Life deck/Situation 30.asset using Guid(bd290ecdf55ef584c84ec377aa5b7f01) Importer(815301076,1909f56bfc062723c751e8b465ee728b)  -> (artifact id: '990a212ab63468f2b4de303e336515bb') in 0.003658 seconds 
========================================================================
Received Import Request.
  Time since last request: 0.000025 seconds.
  path: Assets/Scripts/Data/3- Staff and Personal Life deck/Situation 32.asset
  artifactKey: Guid(d10384c842f0c9f43852df9115a5bb21) Importer(815301076,1909f56bfc062723c751e8b465ee728b)
Start importing Assets/Scripts/Data/3- Staff and Personal Life deck/Situation 32.asset using Guid(d10384c842f0c9f43852df9115a5bb21) Importer(815301076,1909f56bfc062723c751e8b465ee728b)  -> (artifact id: 'b062fa20805d0c2a0b34aa73adbc8cc3') in 0.003219 seconds 
========================================================================
Received Import Request.
  Time since last request: 89.773684 seconds.
  path: Assets/Scripts/Data/3- Staff and Personal Life deck/Situation 28.asset
  artifactKey: Guid(bf7190f74bdc3fe468a05386c3fc1933) Importer(815301076,1909f56bfc062723c751e8b465ee728b)
Start importing Assets/Scripts/Data/3- Staff and Personal Life deck/Situation 28.asset using Guid(bf7190f74bdc3fe468a05386c3fc1933) Importer(815301076,1909f56bfc062723c751e8b465ee728b)  -> (artifact id: '1b8fa785be5b961253d6be7554729ec7') in 0.003576 seconds 
========================================================================
Received Import Request.
  Time since last request: 29.919337 seconds.
  path: Assets/Scripts/Data/3- Staff and Personal Life deck/Situation 27.asset
  artifactKey: Guid(dac4d30d6a2b83d4da447edba3f68ea8) Importer(815301076,1909f56bfc062723c751e8b465ee728b)
Start importing Assets/Scripts/Data/3- Staff and Personal Life deck/Situation 27.asset using Guid(dac4d30d6a2b83d4da447edba3f68ea8) Importer(815301076,1909f56bfc062723c751e8b465ee728b)  -> (artifact id: '415d259985202a2956424a5a8c20a12b') in 0.003019 seconds 
========================================================================
Received Import Request.
  Time since last request: 87.859049 seconds.
  path: Assets/Scripts/Data/3- Staff and Personal Life deck/Situation 26.asset
  artifactKey: Guid(0706277e0456c4d44a4638315f9ded3c) Importer(815301076,1909f56bfc062723c751e8b465ee728b)
Start importing Assets/Scripts/Data/3- Staff and Personal Life deck/Situation 26.asset using Guid(0706277e0456c4d44a4638315f9ded3c) Importer(815301076,1909f56bfc062723c751e8b465ee728b)  -> (artifact id: 'cc20bc80c2226abea826c05bc70b2e78') in 0.003687 seconds 
========================================================================
Received Import Request.
  Time since last request: 22.906379 seconds.
  path: Assets/Scripts/Data/3- Staff and Personal Life deck/Situation 25.asset
  artifactKey: Guid(9911a423b24daab4b930392a81f4145d) Importer(815301076,1909f56bfc062723c751e8b465ee728b)
Start importing Assets/Scripts/Data/3- Staff and Personal Life deck/Situation 25.asset using Guid(9911a423b24daab4b930392a81f4145d) Importer(815301076,1909f56bfc062723c751e8b465ee728b)  -> (artifact id: 'f9b16855d5e38b269ca62390832b5f7b') in 0.003283 seconds 
========================================================================
Received Import Request.
  Time since last request: 14.209491 seconds.
  path: Assets/Scripts/Data/3- Staff and Personal Life deck/Situation 24.asset
  artifactKey: Guid(e3e994f9a8c5b02459a65c606e2ed588) Importer(815301076,1909f56bfc062723c751e8b465ee728b)
Start importing Assets/Scripts/Data/3- Staff and Personal Life deck/Situation 24.asset using Guid(e3e994f9a8c5b02459a65c606e2ed588) Importer(815301076,1909f56bfc062723c751e8b465ee728b)  -> (artifact id: '19e157200bec5e50df0b14f05f369a14') in 0.003186 seconds 
========================================================================
Received Import Request.
  Time since last request: 17.371820 seconds.
  path: Assets/Scripts/Data/3- Staff and Personal Life deck/Situation 24.asset
  artifactKey: Guid(e3e994f9a8c5b02459a65c606e2ed588) Importer(815301076,1909f56bfc062723c751e8b465ee728b)
Start importing Assets/Scripts/Data/3- Staff and Personal Life deck/Situation 24.asset using Guid(e3e994f9a8c5b02459a65c606e2ed588) Importer(815301076,1909f56bfc062723c751e8b465ee728b)  -> (artifact id: '8b9202dc2615af05428cc9d107d1689e') in 0.003129 seconds 
========================================================================
Received Import Request.
  Time since last request: 19.817069 seconds.
  path: Assets/Scripts/Data/3- Staff and Personal Life deck/Situation 23.asset
  artifactKey: Guid(2ece650a606b7934786070ff855ef0e6) Importer(815301076,1909f56bfc062723c751e8b465ee728b)
Start importing Assets/Scripts/Data/3- Staff and Personal Life deck/Situation 23.asset using Guid(2ece650a606b7934786070ff855ef0e6) Importer(815301076,1909f56bfc062723c751e8b465ee728b)  -> (artifact id: '874c5dcaa80bff6f52239fab5b33b4cc') in 0.003311 seconds 
========================================================================
Received Import Request.
  Time since last request: 12.359697 seconds.
  path: Assets/Scripts/Data/3- Staff and Personal Life deck/Situation 23.asset
  artifactKey: Guid(2ece650a606b7934786070ff855ef0e6) Importer(815301076,1909f56bfc062723c751e8b465ee728b)
Start importing Assets/Scripts/Data/3- Staff and Personal Life deck/Situation 23.asset using Guid(2ece650a606b7934786070ff855ef0e6) Importer(815301076,1909f56bfc062723c751e8b465ee728b)  -> (artifact id: '3e8cc8a2faf1f257c1ec787fd57b9353') in 0.003013 seconds 
========================================================================
Received Import Request.
  Time since last request: 12.284647 seconds.
  path: Assets/Scripts/Data/3- Staff and Personal Life deck/Situation 22.asset
  artifactKey: Guid(80b7025a3eba57b4cbefedc55c176937) Importer(815301076,1909f56bfc062723c751e8b465ee728b)
Start importing Assets/Scripts/Data/3- Staff and Personal Life deck/Situation 22.asset using Guid(80b7025a3eba57b4cbefedc55c176937) Importer(815301076,1909f56bfc062723c751e8b465ee728b)  -> (artifact id: 'e14065613e0f3a45d6260444ebe6c30d') in 0.003620 seconds 
========================================================================
Received Import Request.
  Time since last request: 20.626651 seconds.
  path: Assets/Scripts/Data/3- Staff and Personal Life deck/Situation 22.asset
  artifactKey: Guid(80b7025a3eba57b4cbefedc55c176937) Importer(815301076,1909f56bfc062723c751e8b465ee728b)
Start importing Assets/Scripts/Data/3- Staff and Personal Life deck/Situation 22.asset using Guid(80b7025a3eba57b4cbefedc55c176937) Importer(815301076,1909f56bfc062723c751e8b465ee728b)  -> (artifact id: '2da4418b31d41b13c003982b4354cc44') in 0.003326 seconds 
========================================================================
Received Import Request.
  Time since last request: 93.700090 seconds.
  path: Assets/Scripts/Data/3- Staff and Personal Life deck/Situation 19.asset
  artifactKey: Guid(172d9d6d70acfc948b5a3eb891f7b11d) Importer(815301076,1909f56bfc062723c751e8b465ee728b)
Start importing Assets/Scripts/Data/3- Staff and Personal Life deck/Situation 19.asset using Guid(172d9d6d70acfc948b5a3eb891f7b11d) Importer(815301076,1909f56bfc062723c751e8b465ee728b)  -> (artifact id: 'bb2202f93c3828d26c8036874edc8fc1') in 0.003210 seconds 
========================================================================
Received Import Request.
  Time since last request: 0.000037 seconds.
  path: Assets/Scripts/Data/3- Staff and Personal Life deck/Situation 21.asset
  artifactKey: Guid(be35042acf13bc247940d81c3a878e06) Importer(815301076,1909f56bfc062723c751e8b465ee728b)
Start importing Assets/Scripts/Data/3- Staff and Personal Life deck/Situation 21.asset using Guid(be35042acf13bc247940d81c3a878e06) Importer(815301076,1909f56bfc062723c751e8b465ee728b)  -> (artifact id: '0986bae77e70e6b3a75177d9e2336e74') in 0.003203 seconds 
========================================================================
Received Import Request.
  Time since last request: 8.897891 seconds.
  path: Assets/Scripts/Data/3- Staff and Personal Life deck/Situation 18.asset
  artifactKey: Guid(15b9027e1b279fc47a5e2f186f362f3a) Importer(815301076,1909f56bfc062723c751e8b465ee728b)
Start importing Assets/Scripts/Data/3- Staff and Personal Life deck/Situation 18.asset using Guid(15b9027e1b279fc47a5e2f186f362f3a) Importer(815301076,1909f56bfc062723c751e8b465ee728b)  -> (artifact id: 'fea13dfc92c062c646681db086a212fa') in 0.003046 seconds 
========================================================================
Received Import Request.
  Time since last request: 14.002531 seconds.
  path: Assets/Scripts/Data/3- Staff and Personal Life deck/Situation 18.asset
  artifactKey: Guid(15b9027e1b279fc47a5e2f186f362f3a) Importer(815301076,1909f56bfc062723c751e8b465ee728b)
Start importing Assets/Scripts/Data/3- Staff and Personal Life deck/Situation 18.asset using Guid(15b9027e1b279fc47a5e2f186f362f3a) Importer(815301076,1909f56bfc062723c751e8b465ee728b)  -> (artifact id: 'eb270c05a4ff780ef0eb3c12c5b02599') in 0.003022 seconds 
========================================================================
Received Import Request.
  Time since last request: 25.062982 seconds.
  path: Assets/Scripts/Data/3- Staff and Personal Life deck/Situation 17.asset
  artifactKey: Guid(1c7f8189fc4f9414cb9bac33a65907a2) Importer(815301076,1909f56bfc062723c751e8b465ee728b)
Start importing Assets/Scripts/Data/3- Staff and Personal Life deck/Situation 17.asset using Guid(1c7f8189fc4f9414cb9bac33a65907a2) Importer(815301076,1909f56bfc062723c751e8b465ee728b)  -> (artifact id: '5050af262ec4ffa77692b9cfeb1ed00e') in 0.003743 seconds 
========================================================================
Received Import Request.
  Time since last request: 213.728911 seconds.
  path: Assets/Scripts/Data/3- Staff and Personal Life deck/Situation 16.asset
  artifactKey: Guid(e44efabdd2374384086f8b6a538392fc) Importer(815301076,1909f56bfc062723c751e8b465ee728b)
Start importing Assets/Scripts/Data/3- Staff and Personal Life deck/Situation 16.asset using Guid(e44efabdd2374384086f8b6a538392fc) Importer(815301076,1909f56bfc062723c751e8b465ee728b)  -> (artifact id: '06dc2887b1554e131109831cc57ab2e9') in 0.003596 seconds 
========================================================================
Received Import Request.
  Time since last request: 2.493740 seconds.
  path: Assets/Scripts/Data/3- Staff and Personal Life deck/Situation 1.asset
  artifactKey: Guid(90b47f2483805f846b864694d17a2d1e) Importer(815301076,1909f56bfc062723c751e8b465ee728b)
Start importing Assets/Scripts/Data/3- Staff and Personal Life deck/Situation 1.asset using Guid(90b47f2483805f846b864694d17a2d1e) Importer(815301076,1909f56bfc062723c751e8b465ee728b)  -> (artifact id: 'ae40ab60fd056dcb975e84e028876739') in 0.003263 seconds 
========================================================================
Received Import Request.
  Time since last request: 0.003729 seconds.
  path: Assets/Scripts/Data/3- Staff and Personal Life deck/Situation 3.asset
  artifactKey: Guid(0ebe34d467db1854ab7bccceb806e2f2) Importer(815301076,1909f56bfc062723c751e8b465ee728b)
Start importing Assets/Scripts/Data/3- Staff and Personal Life deck/Situation 3.asset using Guid(0ebe34d467db1854ab7bccceb806e2f2) Importer(815301076,1909f56bfc062723c751e8b465ee728b)  -> (artifact id: 'cc0f1d93c08f2e46a3cc8aa18e227c93') in 0.003483 seconds 
========================================================================
Received Import Request.
  Time since last request: 0.000027 seconds.
  path: Assets/Scripts/Data/3- Staff and Personal Life deck/Situation 5.asset
  artifactKey: Guid(46ba962cc92d6694ba9276d5e45974eb) Importer(815301076,1909f56bfc062723c751e8b465ee728b)
Start importing Assets/Scripts/Data/3- Staff and Personal Life deck/Situation 5.asset using Guid(46ba962cc92d6694ba9276d5e45974eb) Importer(815301076,1909f56bfc062723c751e8b465ee728b)  -> (artifact id: '70fdbf59232b0b768e7b5ce257e8d628') in 0.003030 seconds 
========================================================================
Received Import Request.
  Time since last request: 274.888984 seconds.
  path: Assets/Scripts/Data/3- Staff and Personal Life deck/Situation 10.asset
  artifactKey: Guid(165a199aefe4325479cd980575b1ae04) Importer(815301076,1909f56bfc062723c751e8b465ee728b)
Start importing Assets/Scripts/Data/3- Staff and Personal Life deck/Situation 10.asset using Guid(165a199aefe4325479cd980575b1ae04) Importer(815301076,1909f56bfc062723c751e8b465ee728b)  -> (artifact id: '71cf16ee3521de84c0580c27e5140218') in 0.003330 seconds 
========================================================================
Received Import Request.
  Time since last request: 662.625377 seconds.
  path: Assets/Scripts/Data/3- Staff and Personal Life deck/Situation 2.asset
  artifactKey: Guid(20170d2791ed7344bbc07e66de760f19) Importer(815301076,1909f56bfc062723c751e8b465ee728b)
Start importing Assets/Scripts/Data/3- Staff and Personal Life deck/Situation 2.asset using Guid(20170d2791ed7344bbc07e66de760f19) Importer(815301076,1909f56bfc062723c751e8b465ee728b)  -> (artifact id: 'ba2a6af37caa100c2b853fd1a01cda57') in 0.003415 seconds 
========================================================================
Received Import Request.
  Time since last request: 128.164619 seconds.
  path: Assets/Scripts/Data/3- Staff and Personal Life deck/Situation 7.asset
  artifactKey: Guid(cfdfdcd5abc778a48b77745a4ed6ac2b) Importer(815301076,1909f56bfc062723c751e8b465ee728b)
Start importing Assets/Scripts/Data/3- Staff and Personal Life deck/Situation 7.asset using Guid(cfdfdcd5abc778a48b77745a4ed6ac2b) Importer(815301076,1909f56bfc062723c751e8b465ee728b)  -> (artifact id: '55347688b9b637fe2124f39ea6de3035') in 0.003119 seconds 
========================================================================
Received Import Request.
  Time since last request: 0.003919 seconds.
  path: Assets/Scripts/Data/3- Staff and Personal Life deck/Situation 10.asset
  artifactKey: Guid(165a199aefe4325479cd980575b1ae04) Importer(815301076,1909f56bfc062723c751e8b465ee728b)
Start importing Assets/Scripts/Data/3- Staff and Personal Life deck/Situation 10.asset using Guid(165a199aefe4325479cd980575b1ae04) Importer(815301076,1909f56bfc062723c751e8b465ee728b)  -> (artifact id: '6af8938c361787071fc661609d2059e5') in 0.003966 seconds 
========================================================================
Received Import Request.
  Time since last request: 0.000026 seconds.
  path: Assets/Scripts/Data/3- Staff and Personal Life deck/Situation 9.asset
  artifactKey: Guid(b66052c2edc819343951f968c01c98a3) Importer(815301076,1909f56bfc062723c751e8b465ee728b)
Start importing Assets/Scripts/Data/3- Staff and Personal Life deck/Situation 9.asset using Guid(b66052c2edc819343951f968c01c98a3) Importer(815301076,1909f56bfc062723c751e8b465ee728b)  -> (artifact id: '33e5934961e92e2a1b5620b15ac89fba') in 0.006274 seconds 
Editor requested this worker to shutdown with reason: Scaling down because of idle timeout
AssetImportWorker is now disconnected from the server
Process exiting
Exiting without the bug reporter. Application will terminate with return code 0